
Scratch directory: /tmp/

*** tstart() called on asax034.asc.edu
*** at Tue Nov 19 08:56:46 2024

   => Loading Basis Set <=

    Name: CC-PVDZ
    Role: ORBITAL
    Keyword: BASIS
    atoms 1-2, 4, 6, 9-10  entry C          line   138 file /home/aubclsd0286/.conda/envs/mp2/share/psi4/basis/cc-pvdz.gbs 
    atoms 3, 5, 7-8, 11-12 entry H          line    22 file /home/aubclsd0286/.conda/envs/mp2/share/psi4/basis/cc-pvdz.gbs 


         ---------------------------------------------------------
                                   SCF
               by Justin Turney, Rob Parrish, Andy Simmonett
                          and Daniel G. A. Smith
                              RHF Reference
                        1 Threads, 457763 MiB Core
         ---------------------------------------------------------

  ==> Geometry <==

    Molecular point group: c1
    Full point group: Cs

    Geometry (in Angstrom), charge = 0, multiplicity = 1:

       Center              X                  Y                   Z               Mass       
    ------------   -----------------  -----------------  -----------------  -----------------
         C           -1.207956193598     0.697413310239     0.000000000000    12.000000000000
         C           -1.207956193598    -0.697386689761     0.000000000000    12.000000000000
         H           -0.000003415912    -2.481525486739     0.000000000000     1.007825032230
         C            1.207943806402     0.697413310239     0.000000000000    12.000000000000
         H            2.149053612694     1.240763310239     0.000000000000     1.007825032230
         C           -0.000003415912    -1.394825486739     0.000000000000    12.000000000000
         H            2.149076939619    -1.240773880298     0.000000000000     1.007825032230
         H           -2.149065999891     1.240763310239     0.000000000000     1.007825032230
         C            1.207967133326    -0.697423880298     0.000000000000    12.000000000000
         C            0.000011573203     1.394813310239     0.000000000000    12.000000000000
         H           -2.149152602431    -1.240786689761     0.000000000000     1.007825032230
         H            0.000011573203     2.481513310239     0.000000000000     1.007825032230

  Running in c1 symmetry.

  Rotational constants: A =      0.19014  B =      0.19014  C =      0.09507 [cm^-1]
  Rotational constants: A =   5700.37576  B =   5700.28785  C =   2850.16590 [MHz]
  Nuclear repulsion =  203.416816071003780

  Charge       = 0
  Multiplicity = 1
  Electrons    = 42
  Nalpha       = 21
  Nbeta        = 21

  ==> Algorithm <==

  SCF Algorithm Type is PK.
  DIIS enabled.
  MOM disabled.
  Fractional occupation disabled.
  Guess Type is SAD.
  Energy threshold   = 1.00e-08
  Density threshold  = 1.00e-08
  Integral threshold = 1.00e-12

  ==> Primary Basis <==

  Basis Set: CC-PVDZ
    Blend: CC-PVDZ
    Number of shells: 54
    Number of basis functions: 114
    Number of Cartesian functions: 120
    Spherical Harmonics?: true
    Max angular momentum: 2

  ==> Integral Setup <==

  Using in-core PK algorithm.
   Calculation information:
      Number of atoms:                  12
      Number of AO shells:              54
      Number of primitives:            162
      Number of atomic orbitals:       120
      Number of basis functions:       114

      Integral cutoff                 1.00e-12
      Number of threads:                 1

  Performing in-core PK
  Using 42974580 doubles for integral storage.
  We computed 1089040 shell quartets total.
  Whereas there are 1103355 unique shell quartets.

  ==> DiskJK: Disk-Based J/K Matrices <==

    J tasked:                  Yes
    K tasked:                  Yes
    wK tasked:                  No
    Memory [MiB]:           343322
    Schwarz Cutoff:          1E-12

    OpenMP threads:              1

