
Scratch directory: /tmp/

*** tstart() called on asax026.asc.edu
*** at Thu Nov 21 09:17:36 2024

   => Loading Basis Set <=

    Name: CC-PVQZ
    Role: ORBITAL
    Keyword: BASIS
    atoms 1-2, 4, 6, 9-10  entry C          line   239 file /home/aubclsd0286/.conda/envs/mp2/share/psi4/basis/cc-pvqz.gbs 
    atoms 3, 5, 7-8, 11-12 entry H          line    22 file /home/aubclsd0286/.conda/envs/mp2/share/psi4/basis/cc-pvqz.gbs 


         ---------------------------------------------------------
                                   SCF
               by Justin Turney, Rob Parrish, Andy Simmonett
                          and Daniel G. A. Smith
                              RHF Reference
                        1 Threads, 457763 MiB Core
         ---------------------------------------------------------

  ==> Geometry <==

    Molecular point group: c1
    Full point group: Cs

    Geometry (in Angstrom), charge = 0, multiplicity = 1:

       Center              X                  Y                   Z               Mass       
    ------------   -----------------  -----------------  -----------------  -----------------
         C           -1.207956193598     0.697413310239     0.000000000000    12.000000000000
         C           -1.207956193598    -0.697386689761     0.000000000000    12.000000000000
         H           -0.000003415912    -2.481525486739     0.000000000000     1.007825032230
         C            1.207943806402     0.697413310239     0.000000000000    12.000000000000
         H            2.149053612694     1.240763310239     0.000000000000     1.007825032230
         C           -0.000003415912    -1.394825486739     0.000000000000    12.000000000000
         H            2.149076939619    -1.240773880298     0.000000000000     1.007825032230
         H           -2.149065999891     1.240763310239     0.000000000000     1.007825032230
         C            1.207967133326    -0.697423880298     0.000000000000    12.000000000000
         C            0.000011573203     1.394813310239     0.000000000000    12.000000000000
         H           -2.149152602431    -1.240786689761     0.000000000000     1.007825032230
         H            0.000011573203     2.481513310239     0.000000000000     1.007825032230

  Running in c1 symmetry.

  Rotational constants: A =      0.19014  B =      0.19014  C =      0.09507 [cm^-1]
  Rotational constants: A =   5700.37576  B =   5700.28785  C =   2850.16590 [MHz]
  Nuclear repulsion =  203.416816071003780

  Charge       = 0
  Multiplicity = 1
  Electrons    = 42
  Nalpha       = 21
  Nbeta        = 21

  ==> Algorithm <==

  SCF Algorithm Type is PK.
  DIIS enabled.
  MOM disabled.
  Fractional occupation disabled.
  Guess Type is SAD.
  Energy threshold   = 1.00e-08
  Density threshold  = 1.00e-08
  Integral threshold = 1.00e-12

  ==> Primary Basis <==

  Basis Set: CC-PVQZ
    Blend: CC-PVQZ
    Number of shells: 150
    Number of basis functions: 510
    Number of Cartesian functions: 630
    Spherical Harmonics?: true
    Max angular momentum: 4

  ==> Integral Setup <==

  Using in-core PK algorithm.
   Calculation information:
      Number of atoms:                  12
      Number of AO shells:             150
      Number of primitives:            270
      Number of atomic orbitals:       630
      Number of basis functions:       510

      Integral cutoff                 1.00e-12
      Number of threads:                 1

  Performing in-core PK
  Using 16979523330 doubles for integral storage.
  We computed 51744248 shell quartets total.
  Whereas there are 64133475 unique shell quartets.

  ==> DiskJK: Disk-Based J/K Matrices <==

    J tasked:                  Yes
    K tasked:                  Yes
    wK tasked:                  No
    Memory [MiB]:           343322
    Schwarz Cutoff:          1E-12

    OpenMP threads:              1

  Minimum eigenvalue in the overlap matrix is 5.5309006720E-06.
  Reciprocal condition number of the overlap matrix is 5.5323789780E-07.
    Using symmetric orthogonalization.

  ==> Pre-Iterations <==

  SCF Guess: Superposition of Atomic Densities via on-the-fly atomic UHF (no occupation information).

   -------------------------
    Irrep   Nso     Nmo    
   -------------------------
     A        510     510 
   -------------------------
    Total     510     510
   -------------------------

  ==> Iterations <==

                        Total Energy        Delta E     RMS |[F,P]|

   @RHF iter SAD:  -230.22292762935805   -2.30223e+02   0.00000e+00 
   @RHF iter   1:  -230.63424721862111   -4.11320e-01   1.00293e-03 DIIS/ADIIS
   @RHF iter   2:  -230.76089171140788   -1.26644e-01   4.86813e-04 DIIS/ADIIS
   @RHF iter   3:  -230.79156071923222   -3.06690e-02   8.54276e-05 DIIS
   @RHF iter   4:  -230.79307640603412   -1.51569e-03   1.03338e-05 DIIS
   @RHF iter   5:  -230.79310435439032   -2.79484e-05   1.88515e-06 DIIS
   @RHF iter   6:  -230.79310531135090   -9.56961e-07   2.07680e-07 DIIS
   @RHF iter   7:  -230.79310532454178   -1.31909e-08   2.43109e-08 DIIS
   @RHF iter   8:  -230.79310532473690   -1.95115e-10   6.45107e-09 DIIS
  Energy and wave function converged.


  ==> Post-Iterations <==

    Orbital Energies [Eh]
    ---------------------

    Doubly Occupied:                                                      

       1A    -11.235376     2A    -11.234803     3A    -11.234800  
       4A    -11.233564     5A    -11.233562     6A    -11.232956  
       7A     -1.148567     8A     -1.012996     9A     -1.012994  
      10A     -0.822225    11A     -0.822213    12A     -0.707287  
      13A     -0.641713    14A     -0.618140    15A     -0.586263  
      16A     -0.586254    17A     -0.501659    18A     -0.493577  
      19A     -0.493562    20A     -0.336269    21A     -0.336266  

    Virtual:                                                              

      22A      0.120298    23A      0.122781    24A      0.122786  
      25A      0.138155    26A      0.138155    27A      0.165218  
      28A      0.165219    29A      0.187829    30A      0.300555  
      31A      0.300556    32A      0.308997    33A      0.309900  
      34A      0.311241    35A      0.316449    36A      0.341751  
      37A      0.341752    38A      0.355733    39A      0.355734  
      40A      0.421021    41A      0.421025    42A      0.422482  
      43A      0.443529    44A      0.443531    45A      0.448483  
      46A      0.485630    47A      0.485638    48A      0.492618  
      49A      0.492621    50A      0.497069    51A      0.505134  
      52A      0.505139    53A      0.508808    54A      0.534576  
      55A      0.545355    56A      0.600867    57A      0.601482  
      58A      0.601483    59A      0.618550    60A      0.618554  
      61A      0.690910    62A      0.690913    63A      0.695970  
      64A      0.758274    65A      0.758282    66A      0.797125  
      67A      0.797129    68A      0.798827    69A      0.839032  
      70A      0.839044    71A      0.857906    72A      0.861696  
      73A      0.880649    74A      0.885144    75A      0.913446  
      76A      0.913454    77A      0.918875    78A      0.942306  
      79A      0.942311    80A      0.948712    81A      0.948714  
      82A      0.952216    83A      0.983101    84A      1.037091  
      85A      1.037096    86A      1.083662    87A      1.083667  
      88A      1.108983    89A      1.136999    90A      1.137005  
      91A      1.153619    92A      1.169192    93A      1.169197  
      94A      1.194213    95A      1.194217    96A      1.205902  
      97A      1.205905    98A      1.206194    99A      1.206198  
     100A      1.234884   101A      1.241255   102A      1.241260  
     103A      1.269302   104A      1.275142   105A      1.275146  
     106A      1.278829   107A      1.369876   108A      1.369932  
     109A      1.427837   110A      1.517398   111A      1.524585  
     112A      1.524590   113A      1.547649   114A      1.607281  
     115A      1.607287   116A      1.615344   117A      1.615348  
     118A      1.625631   119A      1.688101   120A      1.736598  
     121A      1.736601   122A      1.740462   123A      1.768866  
     124A      1.769549   125A      1.771490   126A      1.771506  
     127A      1.778672   128A      1.778678   129A      1.808223  
     130A      1.937474   131A      1.948091   132A      1.953618  
     133A      1.969700   134A      1.969704   135A      1.981367  
     136A      1.981373   137A      1.987239   138A      1.987248  
     139A      1.997772   140A      1.997777   141A      2.000596  
     142A      2.001788   143A      2.001794   144A      2.121722  
     145A      2.121733   146A      2.151239   147A      2.151244  
     148A      2.169605   149A      2.190537   150A      2.190546  
     151A      2.212304   152A      2.212313   153A      2.212334  
     154A      2.212341   155A      2.238800   156A      2.255544  
     157A      2.266779   158A      2.282662   159A      2.282668  
     160A      2.298371   161A      2.325026   162A      2.325031  
     163A      2.328669   164A      2.397116   165A      2.408125  
     166A      2.414007   167A      2.414020   168A      2.421248  
     169A      2.421250   170A      2.467125   171A      2.467140  
     172A      2.470913   173A      2.470916   174A      2.492433  
     175A      2.492447   176A      2.505675   177A      2.505688  
     178A      2.520481   179A      2.545939   180A      2.659688  
     181A      2.720177   182A      2.723035   183A      2.723038  
     184A      2.731824   185A      2.749915   186A      2.749933  
     187A      2.754524   188A      2.760897   189A      2.760910  
     190A      2.786548   191A      2.786572   192A      2.788504  
     193A      2.788519   194A      2.819045   195A      2.902696  
     196A      2.902703   197A      2.910637   198A      2.910646  
     199A      2.923785   200A      2.994980   201A      3.011301  
     202A      3.023594   203A      3.104390   204A      3.104413  
     205A      3.136630   206A      3.148468   207A      3.148478  
     208A      3.159437   209A      3.159448   210A      3.182430  
     211A      3.189820   212A      3.194968   213A      3.194981  
     214A      3.205790   215A      3.223972   216A      3.223980  
     217A      3.294726   218A      3.320286   219A      3.320294  
     220A      3.433981   221A      3.433996   222A      3.439761  
     223A      3.440482   224A      3.557967   225A      3.557985  
     226A      3.620125   227A      3.620140   228A      3.687080  
     229A      3.754056   230A      3.754075   231A      3.805690  
     232A      3.805721   233A      3.826119   234A      3.870014  
     235A      3.870025   236A      3.886665   237A      3.886708  
     238A      3.909945   239A      3.909982   240A      3.940335  
     241A      3.984589   242A      3.984623   243A      4.016641  
     244A      4.043065   245A      4.068564   246A      4.095930  
     247A      4.095969   248A      4.121150   249A      4.121154  
     250A      4.164294   251A      4.203539   252A      4.458265  
     253A      4.458292   254A      4.497982   255A      4.528170  
     256A      4.536642   257A      4.536651   258A      4.572096  
     259A      4.824552   260A      4.824565   261A      4.895386  
     262A      4.895402   263A      4.955879   264A      4.987480  
     265A      5.065469   266A      5.108010   267A      5.116974  
     268A      5.175900   269A      5.175915   270A      5.201979  
     271A      5.214409   272A      5.378025   273A      5.378047  
     274A      5.392202   275A      5.394781   276A      5.394797  
     277A      5.454026   278A      5.454029   279A      5.521381  
     280A      5.521386   281A      5.527856   282A      5.610863  
     283A      5.610890   284A      5.635633   285A      5.635658  
     286A      5.641389   287A      5.641395   288A      5.653066  
     289A      5.653074   290A      5.692361   291A      5.715391  
     292A      5.715398   293A      5.757694   294A      5.857238  
     295A      5.897790   296A      5.962189   297A      5.962205  
     298A      5.994150   299A      5.995483   300A      6.000619  
     301A      6.000625   302A      6.042717   303A      6.042739  
     304A      6.081362   305A      6.090129   306A      6.090144  
     307A      6.093064   308A      6.108854   309A      6.120394  
     310A      6.120412   311A      6.128403   312A      6.151982  
     313A      6.152025   314A      6.204991   315A      6.218371  
     316A      6.218376   317A      6.261538   318A      6.279414  
     319A      6.279439   320A      6.297500   321A      6.297533  
     322A      6.325038   323A      6.364793   324A      6.372722  
     325A      6.372747   326A      6.384055   327A      6.384075  
     328A      6.409662   329A      6.409669   330A      6.430923  
     331A      6.430934   332A      6.495995   333A      6.496004  
     334A      6.497174   335A      6.506582   336A      6.556135  
     337A      6.564082   338A      6.564104   339A      6.603584  
     340A      6.603654   341A      6.610900   342A      6.610927  
     343A      6.624229   344A      6.624247   345A      6.629696  
     346A      6.629724   347A      6.661752   348A      6.662717  
     349A      6.687109   350A      6.687112   351A      6.712962  
     352A      6.743247   353A      6.743256   354A      6.743272  
     355A      6.757241   356A      6.757277   357A      6.879428  
     358A      6.899229   359A      6.996486   360A      6.996498  
     361A      7.018161   362A      7.018211   363A      7.031020  
     364A      7.031052   365A      7.087306   366A      7.109828  
     367A      7.109839   368A      7.138568   369A      7.138583  
     370A      7.140671   371A      7.142515   372A      7.148557  
     373A      7.148585   374A      7.189105   375A      7.245571  
     376A      7.245586   377A      7.274247   378A      7.297591  
     379A      7.313824   380A      7.313855   381A      7.337282  
     382A      7.379546   383A      7.379570   384A      7.574799  
     385A      7.594945   386A      7.641994   387A      7.650296  
     388A      7.650320   389A      7.676338   390A      7.704915  
     391A      7.704958   392A      7.713101   393A      7.713148  
     394A      7.774684   395A      7.782333   396A      7.782352  
     397A      7.788746   398A      7.889280   399A      7.889295  
     400A      7.941605   401A      7.941664   402A      7.942451  
     403A      8.018881   404A      8.018927   405A      8.020180  
     406A      8.032045   407A      8.032063   408A      8.051757  
     409A      8.152718   410A      8.152738   411A      8.163101  
     412A      8.163130   413A      8.231296   414A      8.231306  
     415A      8.240439   416A      8.254507   417A      8.254520  
     418A      8.267060   419A      8.267072   420A      8.267800  
     421A      8.296615   422A      8.324235   423A      8.456183  
     424A      8.523881   425A      8.547945   426A      8.547961  
     427A      8.558251   428A      8.558299   429A      8.620380  
     430A      8.620417   431A      8.670864   432A      8.677697  
     433A      8.677735   434A      8.693620   435A      8.693629  
     436A      8.727543   437A      8.729208   438A      8.729230  
     439A      8.775110   440A      8.775161   441A      8.778588  
     442A      8.813403   443A      8.813461   444A      8.878865  
     445A      8.892649   446A      8.926111   447A      8.926128  
     448A      8.969923   449A      8.979202   450A      8.979229  
     451A      9.056565   452A      9.071282   453A      9.084568  
     454A      9.112207   455A      9.112252   456A      9.122047  
     457A      9.169514   458A      9.169550   459A      9.384397  
     460A      9.388424   461A      9.413197   462A      9.452754  
     463A      9.452779   464A      9.552471   465A      9.552494  
     466A      9.568909   467A      9.568952   468A      9.687936  
     469A      9.907847   470A      9.907914   471A      9.938360  
     472A      9.938385   473A      9.946810   474A     10.002131  
     475A     10.002162   476A     10.080693   477A     10.162431  
     478A     10.162670   479A     10.223862   480A     10.258432  
     481A     10.258455   482A     10.281908   483A     10.284226  
     484A     10.326361   485A     10.396054   486A     10.396277  
     487A     10.581093   488A     10.581120   489A     10.616913  
     490A     10.617013   491A     10.733552   492A     10.824123  
     493A     11.040842   494A     11.040936   495A     11.305035  
     496A     11.305246   497A     11.353960   498A     12.290054  
     499A     12.492297   500A     12.492440   501A     12.528723  
     502A     12.750970   503A     12.751179   504A     13.046276  
     505A     24.663526   506A     24.772310   507A     24.772565  
     508A     25.176678   509A     25.669649   510A     25.669845  

    Final Occupation by Irrep:
              A 
    DOCC [    21 ]

  @RHF Final Energy:  -230.79310532473690

   => Energetics <=

    Nuclear Repulsion Energy =            203.4168160710037796
    One-Electron Energy =                -713.3697586016802461
    Two-Electron Energy =                 279.1598372059395388
    Total Energy =                       -230.7931053247369277

Computation Completed


Properties will be evaluated at   0.000000,   0.000000,   0.000000 [a0]

Properties computed using the SCF density matrix


 Multipole Moments:

 ------------------------------------------------------------------------------------
     Multipole            Electronic (a.u.)      Nuclear  (a.u.)        Total (a.u.)
 ------------------------------------------------------------------------------------

 L = 1.  Multiply by 2.5417464519 to convert [e a0] to [Debye]
 Dipole X            :          0.0000973           -0.0000749            0.0000224
 Dipole Y            :          0.0000480           -0.0000432            0.0000047
 Dipole Z            :          0.0000000            0.0000000            0.0000000
 Magnitude           :                                                    0.0000229

 ------------------------------------------------------------------------------------

*** tstop() called on asax026.asc.edu at Thu Nov 21 09:27:55 2024
Module time:
	user time   =     604.37 seconds =      10.07 minutes
	system time =       9.95 seconds =       0.17 minutes
	total time  =        619 seconds =      10.32 minutes
Total time:
	user time   =     604.37 seconds =      10.07 minutes
	system time =       9.95 seconds =       0.17 minutes
	total time  =        619 seconds =      10.32 minutes
