
Scratch directory: /tmp/

*** tstart() called on asax019.asc.edu
*** at Sun Nov 10 17:12:56 2024

   => Loading Basis Set <=

    Name: 6-31G
    Role: ORBITAL
    Keyword: BASIS
    atoms 1-2, 4, 6, 9-10  entry C          line    87 file /home/aubclsd0286/.conda/envs/mp2/share/psi4/basis/6-31g.gbs 
    atoms 3, 5, 7-8, 11-12 entry H          line    26 file /home/aubclsd0286/.conda/envs/mp2/share/psi4/basis/6-31g.gbs 


         ---------------------------------------------------------
                                   SCF
               by Justin Turney, Rob Parrish, Andy Simmonett
                          and Daniel G. A. Smith
                              RHF Reference
                        1 Threads, 457763 MiB Core
         ---------------------------------------------------------

  ==> Geometry <==

    Molecular point group: c1
    Full point group: Cs

    Geometry (in Angstrom), charge = 0, multiplicity = 1:

       Center              X                  Y                   Z               Mass       
    ------------   -----------------  -----------------  -----------------  -----------------
         C           -1.207956193598     0.697413310239     0.000000000000    12.000000000000
         C           -1.207956193598    -0.697386689761     0.000000000000    12.000000000000
         H           -0.000003415912    -2.481525486739     0.000000000000     1.007825032230
         C            1.207943806402     0.697413310239     0.000000000000    12.000000000000
         H            2.149053612694     1.240763310239     0.000000000000     1.007825032230
         C           -0.000003415912    -1.394825486739     0.000000000000    12.000000000000
         H            2.149076939619    -1.240773880298     0.000000000000     1.007825032230
         H           -2.149065999891     1.240763310239     0.000000000000     1.007825032230
         C            1.207967133326    -0.697423880298     0.000000000000    12.000000000000
         C            0.000011573203     1.394813310239     0.000000000000    12.000000000000
         H           -2.149152602431    -1.240786689761     0.000000000000     1.007825032230
         H            0.000011573203     2.481513310239     0.000000000000     1.007825032230

  Running in c1 symmetry.

  Rotational constants: A =      0.19014  B =      0.19014  C =      0.09507 [cm^-1]
  Rotational constants: A =   5700.37576  B =   5700.28785  C =   2850.16590 [MHz]
  Nuclear repulsion =  203.416816071003780

  Charge       = 0
  Multiplicity = 1
  Electrons    = 42
  Nalpha       = 21
  Nbeta        = 21

  ==> Algorithm <==

  SCF Algorithm Type is PK.
  DIIS enabled.
  MOM disabled.
  Fractional occupation disabled.
  Guess Type is SAD.
  Energy threshold   = 1.00e-08
  Density threshold  = 1.00e-08
  Integral threshold = 1.00e-12

  ==> Primary Basis <==

  Basis Set: 6-31G
    Blend: 6-31G
    Number of shells: 42
    Number of basis functions: 66
    Number of Cartesian functions: 66
    Spherical Harmonics?: false
    Max angular momentum: 1

  ==> Integral Setup <==

  Using in-core PK algorithm.
   Calculation information:
      Number of atoms:                  12
      Number of AO shells:              42
      Number of primitives:            108
      Number of atomic orbitals:        66
      Number of basis functions:        66

      Integral cutoff                 1.00e-12
      Number of threads:                 1

  Performing in-core PK
  Using 4890732 doubles for integral storage.
  We computed 386889 shell quartets total.
  Whereas there are 408156 unique shell quartets.

  ==> DiskJK: Disk-Based J/K Matrices <==

    J tasked:                  Yes
    K tasked:                  Yes
    wK tasked:                  No
    Memory [MiB]:           343322
    Schwarz Cutoff:          1E-12

    OpenMP threads:              1

  Minimum eigenvalue in the overlap matrix is 6.9305062126E-04.
  Reciprocal condition number of the overlap matrix is 1.2370692428E-04.
    Using symmetric orthogonalization.

  ==> Pre-Iterations <==

  SCF Guess: Superposition of Atomic Densities via on-the-fly atomic UHF (no occupation information).

   -------------------------
    Irrep   Nso     Nmo    
   -------------------------
     A         66      66 
   -------------------------
    Total      66      66
   -------------------------

  ==> Iterations <==

                        Total Energy        Delta E     RMS |[F,P]|

   @RHF iter SAD:  -229.94401220124357   -2.29944e+02   0.00000e+00 
   @RHF iter   1:  -230.54919267638695   -6.05180e-01   4.83846e-03 ADIIS/DIIS
   @RHF iter   2:  -230.61652615035354   -6.73335e-02   1.55483e-03 ADIIS/DIIS
   @RHF iter   3:  -230.62298830983710   -6.46216e-03   3.34737e-04 ADIIS/DIIS
   @RHF iter   4:  -230.62343619074588   -4.47881e-04   2.52747e-05 DIIS
   @RHF iter   5:  -230.62343905169755   -2.86095e-06   2.18837e-06 DIIS
   @RHF iter   6:  -230.62343907138970   -1.96922e-08   2.60648e-07 DIIS
   @RHF iter   7:  -230.62343907163262   -2.42920e-10   5.92557e-08 DIIS
   @RHF iter   8:  -230.62343907164174   -9.12337e-12   2.37153e-08 DIIS
   @RHF iter   9:  -230.62343907164282   -1.08002e-12   1.59459e-09 DIIS
  Energy and wave function converged.


  ==> Post-Iterations <==

    Orbital Energies [Eh]
    ---------------------

    Doubly Occupied:                                                      

       1A    -11.239068     2A    -11.238526     3A    -11.238523  
       4A    -11.237336     5A    -11.237334     6A    -11.236762  
       7A     -1.151576     8A     -1.013834     9A     -1.013832  
      10A     -0.820636    11A     -0.820625    12A     -0.708081  
      13A     -0.636418    14A     -0.616451    15A     -0.584924  
      16A     -0.584915    17A     -0.499066    18A     -0.486531  
      19A     -0.486516    20A     -0.333286    21A     -0.333283  

    Virtual:                                                              

      22A      0.146064    23A      0.146070    24A      0.232029  
      25A      0.289212    26A      0.289220    27A      0.329547  
      28A      0.329550    29A      0.334794    30A      0.361630  
      31A      0.470035    32A      0.470037    33A      0.496652  
      34A      0.496659    35A      0.681479    36A      0.754342  
      37A      0.771898    38A      0.773646    39A      0.782400  
      40A      0.837213    41A      0.844956    42A      0.844959  
      43A      0.875087    44A      0.875094    45A      0.897230  
      46A      0.897234    47A      0.915827    48A      0.915828  
      49A      0.991555    50A      1.132923    51A      1.132944  
      52A      1.134628    53A      1.163126    54A      1.163151  
      55A      1.242105    56A      1.271266    57A      1.271279  
      58A      1.274886    59A      1.359917    60A      1.359927  
      61A      1.436764    62A      1.436772    63A      1.477352  
      64A      1.725042    65A      1.725052    66A      2.167163  

    Final Occupation by Irrep:
              A 
    DOCC [    21 ]

  @RHF Final Energy:  -230.62343907164282

   => Energetics <=

    Nuclear Repulsion Energy =            203.4168160710037796
    One-Electron Energy =                -713.0454674425393478
    Two-Electron Energy =                 279.0052122998927189
    Total Energy =                       -230.6234390716428493

Computation Completed


Properties will be evaluated at   0.000000,   0.000000,   0.000000 [a0]

Properties computed using the SCF density matrix


 Multipole Moments:

 ------------------------------------------------------------------------------------
     Multipole            Electronic (a.u.)      Nuclear  (a.u.)        Total (a.u.)
 ------------------------------------------------------------------------------------

 L = 1.  Multiply by 2.5417464519 to convert [e a0] to [Debye]
 Dipole X            :          0.0000988           -0.0000749            0.0000239
 Dipole Y            :          0.0000535           -0.0000432            0.0000103
 Dipole Z            :         -0.0000000            0.0000000           -0.0000000
 Magnitude           :                                                    0.0000260

 ------------------------------------------------------------------------------------

*** tstop() called on asax019.asc.edu at Sun Nov 10 17:13:00 2024
Module time:
	user time   =       2.22 seconds =       0.04 minutes
	system time =       0.06 seconds =       0.00 minutes
	total time  =          4 seconds =       0.07 minutes
Total time:
	user time   =       2.22 seconds =       0.04 minutes
	system time =       0.06 seconds =       0.00 minutes
	total time  =          4 seconds =       0.07 minutes

Scratch directory: /tmp/

*** tstart() called on asax019.asc.edu
*** at Sun Nov 10 17:13:21 2024

   => Loading Basis Set <=

    Name: 6-31G
    Role: ORBITAL
    Keyword: BASIS
    atoms 1-2, 4, 6, 9-10  entry C          line    87 file /home/aubclsd0286/.conda/envs/mp2/share/psi4/basis/6-31g.gbs 
    atoms 3, 5, 7-8, 11-12 entry H          line    26 file /home/aubclsd0286/.conda/envs/mp2/share/psi4/basis/6-31g.gbs 


         ---------------------------------------------------------
                                   SCF
               by Justin Turney, Rob Parrish, Andy Simmonett
                          and Daniel G. A. Smith
                              RHF Reference
                        1 Threads, 457763 MiB Core
         ---------------------------------------------------------

  ==> Geometry <==

    Molecular point group: c1
    Full point group: Cs

    Geometry (in Angstrom), charge = 0, multiplicity = 1:

       Center              X                  Y                   Z               Mass       
    ------------   -----------------  -----------------  -----------------  -----------------
         C           -1.207956193598     0.697413310239     0.000000000000    12.000000000000
         C           -1.207956193598    -0.697386689761     0.000000000000    12.000000000000
         H           -0.000003415912    -2.481525486739     0.000000000000     1.007825032230
         C            1.207943806402     0.697413310239     0.000000000000    12.000000000000
         H            2.149053612694     1.240763310239     0.000000000000     1.007825032230
         C           -0.000003415912    -1.394825486739     0.000000000000    12.000000000000
         H            2.149076939619    -1.240773880298     0.000000000000     1.007825032230
         H           -2.149065999891     1.240763310239     0.000000000000     1.007825032230
         C            1.207967133326    -0.697423880298     0.000000000000    12.000000000000
         C            0.000011573203     1.394813310239     0.000000000000    12.000000000000
         H           -2.149152602431    -1.240786689761     0.000000000000     1.007825032230
         H            0.000011573203     2.481513310239     0.000000000000     1.007825032230

  Running in c1 symmetry.

  Rotational constants: A =      0.19014  B =      0.19014  C =      0.09507 [cm^-1]
  Rotational constants: A =   5700.37576  B =   5700.28785  C =   2850.16590 [MHz]
  Nuclear repulsion =  203.416816071003780

  Charge       = 0
  Multiplicity = 1
  Electrons    = 42
  Nalpha       = 21
  Nbeta        = 21

  ==> Algorithm <==

  SCF Algorithm Type is PK.
  DIIS enabled.
  MOM disabled.
  Fractional occupation disabled.
  Guess Type is SAD.
  Energy threshold   = 1.00e-08
  Density threshold  = 1.00e-08
  Integral threshold = 1.00e-12

  ==> Primary Basis <==

  Basis Set: 6-31G
    Blend: 6-31G
    Number of shells: 42
    Number of basis functions: 66
    Number of Cartesian functions: 66
    Spherical Harmonics?: false
    Max angular momentum: 1

  ==> Integral Setup <==

  Using in-core PK algorithm.
   Calculation information:
      Number of atoms:                  12
      Number of AO shells:              42
      Number of primitives:            108
      Number of atomic orbitals:        66
      Number of basis functions:        66

      Integral cutoff                 1.00e-12
      Number of threads:                 1

  Performing in-core PK
  Using 4890732 doubles for integral storage.
  We computed 386889 shell quartets total.
  Whereas there are 408156 unique shell quartets.

  ==> DiskJK: Disk-Based J/K Matrices <==

    J tasked:                  Yes
    K tasked:                  Yes
    wK tasked:                  No
    Memory [MiB]:           343322
    Schwarz Cutoff:          1E-12

    OpenMP threads:              1

  Minimum eigenvalue in the overlap matrix is 6.9305062126E-04.
  Reciprocal condition number of the overlap matrix is 1.2370692428E-04.
    Using symmetric orthogonalization.

  ==> Pre-Iterations <==

  SCF Guess: Superposition of Atomic Densities via on-the-fly atomic UHF (no occupation information).

   -------------------------
    Irrep   Nso     Nmo    
   -------------------------
     A         66      66 
   -------------------------
    Total      66      66
   -------------------------

  ==> Iterations <==

                        Total Energy        Delta E     RMS |[F,P]|

   @RHF iter SAD:  -229.94401220124368   -2.29944e+02   0.00000e+00 
   @RHF iter   1:  -230.54919267638712   -6.05180e-01   4.83846e-03 ADIIS/DIIS
   @RHF iter   2:  -230.61652615035325   -6.73335e-02   1.55483e-03 ADIIS/DIIS
   @RHF iter   3:  -230.62298830983690   -6.46216e-03   3.34737e-04 ADIIS/DIIS
   @RHF iter   4:  -230.62343619074593   -4.47881e-04   2.52747e-05 DIIS
   @RHF iter   5:  -230.62343905169763   -2.86095e-06   2.18837e-06 DIIS
   @RHF iter   6:  -230.62343907138953   -1.96919e-08   2.60648e-07 DIIS
   @RHF iter   7:  -230.62343907163296   -2.43432e-10   5.92557e-08 DIIS
   @RHF iter   8:  -230.62343907164205   -9.09495e-12   2.37153e-08 DIIS
   @RHF iter   9:  -230.62343907164325   -1.19371e-12   1.59459e-09 DIIS
  Energy and wave function converged.


  ==> Post-Iterations <==

    Orbital Energies [Eh]
    ---------------------

    Doubly Occupied:                                                      

       1A    -11.239068     2A    -11.238526     3A    -11.238523  
       4A    -11.237336     5A    -11.237334     6A    -11.236762  
       7A     -1.151576     8A     -1.013834     9A     -1.013832  
      10A     -0.820636    11A     -0.820625    12A     -0.708081  
      13A     -0.636418    14A     -0.616451    15A     -0.584924  
      16A     -0.584915    17A     -0.499066    18A     -0.486531  
      19A     -0.486516    20A     -0.333286    21A     -0.333283  

    Virtual:                                                              

      22A      0.146064    23A      0.146070    24A      0.232029  
      25A      0.289212    26A      0.289220    27A      0.329547  
      28A      0.329550    29A      0.334794    30A      0.361630  
      31A      0.470035    32A      0.470037    33A      0.496652  
      34A      0.496659    35A      0.681479    36A      0.754342  
      37A      0.771898    38A      0.773646    39A      0.782400  
      40A      0.837213    41A      0.844956    42A      0.844959  
      43A      0.875087    44A      0.875094    45A      0.897230  
      46A      0.897234    47A      0.915827    48A      0.915828  
      49A      0.991555    50A      1.132923    51A      1.132944  
      52A      1.134628    53A      1.163126    54A      1.163151  
      55A      1.242105    56A      1.271266    57A      1.271279  
      58A      1.274886    59A      1.359917    60A      1.359927  
      61A      1.436764    62A      1.436772    63A      1.477352  
      64A      1.725042    65A      1.725052    66A      2.167163  

    Final Occupation by Irrep:
              A 
    DOCC [    21 ]

  @RHF Final Energy:  -230.62343907164325

   => Energetics <=

    Nuclear Repulsion Energy =            203.4168160710037796
    One-Electron Energy =                -713.0454674425398025
    Two-Electron Energy =                 279.0052122998927757
    Total Energy =                       -230.6234390716432472

Computation Completed


Properties will be evaluated at   0.000000,   0.000000,   0.000000 [a0]

Properties computed using the SCF density matrix


 Multipole Moments:

 ------------------------------------------------------------------------------------
     Multipole            Electronic (a.u.)      Nuclear  (a.u.)        Total (a.u.)
 ------------------------------------------------------------------------------------

 L = 1.  Multiply by 2.5417464519 to convert [e a0] to [Debye]
 Dipole X            :          0.0000988           -0.0000749            0.0000239
 Dipole Y            :          0.0000535           -0.0000432            0.0000103
 Dipole Z            :         -0.0000000            0.0000000           -0.0000000
 Magnitude           :                                                    0.0000260

 ------------------------------------------------------------------------------------

*** tstop() called on asax019.asc.edu at Sun Nov 10 17:13:23 2024
Module time:
	user time   =       1.98 seconds =       0.03 minutes
	system time =       0.01 seconds =       0.00 minutes
	total time  =          2 seconds =       0.03 minutes
Total time:
	user time   =      24.87 seconds =       0.41 minutes
	system time =       0.11 seconds =       0.00 minutes
	total time  =         27 seconds =       0.45 minutes
 MINTS: Wrapper to libmints.
   by Justin Turney

   Calculation information:
      Number of threads:                 1
      Number of atoms:                  12
      Number of AO shells:              42
      Number of SO shells:              42
      Number of primitives:            108
      Number of atomic orbitals:        66
      Number of basis functions:        66

      Number of irreps:                  1
      Integral cutoff                 1.00e-12
      Number of functions per irrep: [  66 ]

 OEINTS: Overlap, kinetic, potential, dipole, and quadrupole integrals
         stored in file 35.

      Computing two-electron integrals...done
      Computed 1379511 non-zero two-electron integrals.
        Stored in file 33.


*** tstart() called on asax019.asc.edu
*** at Sun Nov 10 17:13:24 2024



  Module OCC Options:
  ----------------------------------------------------------------------------
  ACTIVE                        => (empty)          
  BASIS_RELATIVISTIC            => (empty)          
  BENCH                         => (empty)          
  CACHELEVEL                    => (empty)          
  CCL_ENERGY                    => (empty)          
  CC_MAXITER                    => (empty)          
  CC_TYPE                       => (empty)          
  CEPA_OS_SCALE                 => (empty)          
  CEPA_SOS_SCALE                => (empty)          
  CEPA_SS_SCALE                 => (empty)          
  CEPA_TYPE                     => (empty)          
  CI_TYPE                       => (empty)          
  CUBEPROP_BASIS_FUNCTIONS      => (empty)          
  CUBEPROP_FILEPATH             => (empty)          
  CUBEPROP_ISOCONTOUR_THRESHOLD => (empty)          
  CUBEPROP_ORBITALS             => (empty)          
  CUBEPROP_TASKS                => (empty)          
  CUBIC_BASIS_TOLERANCE         => (empty)          
  CUBIC_BLOCK_MAX_POINTS        => (empty)          
  CUBIC_GRID_OVERAGE            => (empty)          
  CUBIC_GRID_SPACING            => (empty)          
  CUTOFF                        => (empty)          
  DEBUG                         => (empty)          
  DERTYPE                       => (empty)          
  DF_BASIS_CC                   => (empty)          
  DIE_IF_NOT_CONVERGED          => (empty)          
  DIIS_MAX_VECS                 => (empty)          
  DIIS_MIN_VECS                 => (empty)          
  DKH_ORDER                     => (empty)          
  DOCC                          => (empty)          
  DO_DIIS                       => (empty)          
  DO_LEVEL_SHIFT                => (empty)          
  DO_SCS                        => (empty)          
  DO_SOS                        => (empty)          
  E3_SCALE                      => (empty)          
  EA_POLES                      => (empty)          
  EKT_EA                        => (empty)          
  EKT_IP                        => (empty)          
  EP_EA_POLES                   => (empty)          
  EP_IP_POLES                   => (empty)          
  EP_MAXITER                    => (empty)          
  EXTERNAL_POTENTIAL_SYMMETRY   => (empty)          
  E_CONVERGENCE                 => 1e-08           !
  FREEZE_CORE                   => (empty)          
  FROZEN_DOCC                   => (empty)          
  FROZEN_UOCC                   => (empty)          
  INTEGRAL_PACKAGE              => (empty)          
  IP_POLES                      => (empty)          
  LEVEL_SHIFT                   => (empty)          
  LINEQ_SOLVER                  => (empty)          
  LITERAL_CFOUR                 => (empty)          
  MAT_NUM_COLUMN_PRINT          => (empty)          
  MAX_MOGRAD_CONVERGENCE        => (empty)          
  MAX_RADIAL_MOMENT             => (empty)          
  MBIS_D_CONVERGENCE            => (empty)          
  MBIS_MAXITER                  => (empty)          
  MBIS_PRUNING_SCHEME           => (empty)          
  MBIS_RADIAL_POINTS            => (empty)          
  MBIS_SPHERICAL_POINTS         => (empty)          
  MOGRAD_DAMPING                => (empty)          
  MOLDEN_WITH_VIRTUAL           => (empty)          
  MO_MAXITER                    => (empty)          
  MO_READ                       => (empty)          
  MO_STEP_MAX                   => (empty)          
  MO_WRITE                      => (empty)          
  MP2_OS_SCALE                  => (empty)          
  MP2_SOS_SCALE                 => (empty)          
  MP2_SOS_SCALE2                => (empty)          
  MP2_SS_SCALE                  => (empty)          
  MP2_TYPE                      => CONV            !
  MP_TYPE                       => (empty)          
  NAT_ORBS                      => (empty)          
  NUM_FROZEN_DOCC               => (empty)          
  NUM_FROZEN_UOCC               => (empty)          
  NUM_GPUS                      => (empty)          
  OCC_ORBS_PRINT                => (empty)          
  OEPROP                        => (empty)          
  OPT_METHOD                    => (empty)          
  ORB_OPT                       => FALSE           !
  ORB_RESP_SOLVER               => (empty)          
  ORTH_TYPE                     => (empty)          
  OS_SCALE                      => (empty)          
  PARENT_SYMMETRY               => (empty)          
  PCG_BETA_TYPE                 => (empty)          
  PCG_CONVERGENCE               => (empty)          
  PCG_MAXITER                   => (empty)          
  PCM                           => (empty)          
  PE                            => (empty)          
  PRINT                         => (empty)          
  PRINT_NOONS                   => (empty)          
  PROPERTIES                    => (empty)          
  PROPERTIES_ORIGIN             => (empty)          
  PUREAM                        => (empty)          
  QC_MODULE                     => (empty)          
  RAS1                          => (empty)          
  RAS2                          => (empty)          
  RAS3                          => (empty)          
  RAS4                          => (empty)          
  RELATIVISTIC                  => (empty)          
  RELAXED                       => (empty)          
  RESTRICTED_DOCC               => (empty)          
  RESTRICTED_UOCC               => (empty)          
  RMS_MOGRAD_CONVERGENCE        => (empty)          
  R_CONVERGENCE                 => (empty)          
  SCF_TYPE                      => PK              !
  SCREENING                     => (empty)          
  SCS_TYPE                      => (empty)          
  SOCC                          => (empty)          
  SOS_TYPE                      => (empty)          
  SPIN_SCALE_TYPE               => NONE            !
  SS_SCALE                      => (empty)          
  SYMMETRIZE                    => (empty)          
  TPDM_ABCD_TYPE                => (empty)          
  WFN                           => (empty)          
  WFN_TYPE                      => OMP2            !
  WRITER_FILE_LABEL             => (empty)          


 ============================================================================== 
 ============================================================================== 
 ============================================================================== 

                             MP2   
                    Program Written by Ugur Bozkaya,
              Additional Contributions by J. P. Misiewicz

 ============================================================================== 
 ============================================================================== 
 ============================================================================== 

	MO spaces per irreps... 

	IRREP   FC    OCC   VIR  FV 
	==============================
	   A     0    21    45    0
	==============================

	Memory is 480000 MB 
	Cost of iabc is      8 MB 
	Cost of abcd is     24 MB 
	Switching to the incore algorithm for iabc..
	Switching to the incore algorithm for abcd..

	Computing MP2 energy using SCF MOs (Canonical MP2)... 
	============================================================================== 
	Nuclear Repulsion Energy (a.u.)    :   203.41681607100378
	SCF Energy (a.u.)                  :  -230.62343907164325
	REF Energy (a.u.)                  :  -230.62343907164325
	Alpha-Alpha Contribution (a.u.)    :    -0.06594303950657
	Alpha-Beta Contribution (a.u.)     :    -0.39176243872816
	Beta-Beta Contribution (a.u.)      :    -0.06594303950657
	Scaled_SS Correlation Energy (a.u.):    -0.04396202633771
	Scaled_OS Correlation Energy (a.u.):    -0.47011492647379
	SCS-MP2 Total Energy (a.u.)        :  -231.13751602445478
	SOS-MP2 Total Energy (a.u.)        :  -231.09355399811705
	SCSN-MP2 Total Energy (a.u.)       :  -230.85555857070636
	SCS-MP2-VDW Total Energy (a.u.)    :  -231.19083803272187
	SOS-PI-MP2 Total Energy (a.u.)     :  -231.17190648586268
	MP2 Correlation Energy (a.u.)      :    -0.52364851774130
	MP2 Total Energy (a.u.)            :  -231.14708758938454
	============================================================================== 


*** tstop() called on asax019.asc.edu at Sun Nov 10 17:13:24 2024
Module time:
	user time   =       0.23 seconds =       0.00 minutes
	system time =       0.06 seconds =       0.00 minutes
	total time  =          0 seconds =       0.00 minutes
Total time:
	user time   =      26.56 seconds =       0.44 minutes
	system time =       0.18 seconds =       0.00 minutes
	total time  =         28 seconds =       0.47 minutes
    MP2 Energy............................................................................PASSED
