
Scratch directory: /tmp/
   => Libint2 <=

    Primary   basis highest AM E, G, H:  6, 6, 3
    Auxiliary basis highest AM E, G, H:  7, 7, 4
    Onebody   basis highest AM E, G, H:  -, -, -
    Solid Harmonics ordering:            Gaussian

*** tstart() called on fedora
*** at Tue Oct 29 12:24:49 2024

   => Loading Basis Set <=

    Name: 6-31G
    Role: ORBITAL
    Keyword: BASIS
    atoms 1-2 entry N          line   102 file /home/wh/.conda/envs/mp2/share/psi4/basis/6-31g.gbs 


         ---------------------------------------------------------
                                   SCF
               by Justin Turney, Rob Parrish, Andy Simmonett
                          and Daniel G. A. Smith
                              RHF Reference
                        1 Threads,   1907 MiB Core
         ---------------------------------------------------------

  ==> Geometry <==

    Molecular point group: c1
    Full point group: D_inf_h

    Geometry (in Angstrom), charge = 0, multiplicity = 1:

       Center              X                  Y                   Z               Mass       
    ------------   -----------------  -----------------  -----------------  -----------------
         N            0.000000000000     0.000000000000    -0.710000000000    14.003074004430
         N            0.000000000000     0.000000000000     0.710000000000    14.003074004430

  Running in c1 symmetry.

  Rotational constants: A = ************  B =      1.19406  C =      1.19406 [cm^-1]
  Rotational constants: A = ************  B =  35797.04043  C =  35797.04043 [MHz]
  Nuclear repulsion =   18.260340368190143

  Charge       = 0
  Multiplicity = 1
  Electrons    = 14
  Nalpha       = 7
  Nbeta        = 7

  ==> Algorithm <==

  SCF Algorithm Type is PK.
  DIIS enabled.
  MOM disabled.
  Fractional occupation disabled.
  Guess Type is SAD.
  Energy threshold   = 1.00e-08
  Density threshold  = 1.00e-08
  Integral threshold = 1.00e-12

  ==> Primary Basis <==

  Basis Set: 6-31G
    Blend: 6-31G
    Number of shells: 10
    Number of basis functions: 18
    Number of Cartesian functions: 18
    Spherical Harmonics?: false
    Max angular momentum: 1

  ==> Integral Setup <==

  Using in-core PK algorithm.
   Calculation information:
      Number of atoms:                   2
      Number of AO shells:              10
      Number of primitives:             28
      Number of atomic orbitals:        18
      Number of basis functions:        18

      Integral cutoff                 1.00e-12
      Number of threads:                 1

  Performing in-core PK
  Using 29412 doubles for integral storage.
  We computed 1539 shell quartets total.
  Whereas there are 1540 unique shell quartets.

  ==> DiskJK: Disk-Based J/K Matrices <==

    J tasked:                  Yes
    K tasked:                  Yes
    wK tasked:                  No
    Memory [MiB]:             1430
    Schwarz Cutoff:          1E-12

    OpenMP threads:              1

  Minimum eigenvalue in the overlap matrix is 2.6403751093E-02.
  Reciprocal condition number of the overlap matrix is 9.0562616648E-03.
    Using symmetric orthogonalization.

  ==> Pre-Iterations <==

  SCF Guess: Superposition of Atomic Densities via on-the-fly atomic UHF (no occupation information).

   -------------------------
    Irrep   Nso     Nmo    
   -------------------------
     A         18      18 
   -------------------------
    Total      18      18
   -------------------------

  ==> Iterations <==

                        Total Energy        Delta E     RMS |[F,P]|

   @RHF iter SAD:  -107.35013099719927   -1.07350e+02   0.00000e+00 
   @RHF iter   1:  -108.67390499591467   -1.32377e+00   6.94670e-03 ADIIS/DIIS
   @RHF iter   2:  -108.68375679654881   -9.85180e-03   1.52657e-03 ADIIS/DIIS
   @RHF iter   3:  -108.68440230120332   -6.45505e-04   4.17515e-04 ADIIS/DIIS
   @RHF iter   4:  -108.68444436785468   -4.20667e-05   2.55913e-05 DIIS
   @RHF iter   5:  -108.68444452795967   -1.60105e-07   3.92747e-06 DIIS
   @RHF iter   6:  -108.68444453192357   -3.96390e-09   1.67724e-07 DIIS
   @RHF iter   7:  -108.68444453193206   -8.48388e-12   2.54040e-08 DIIS
   @RHF iter   8:  -108.68444453193219   -1.27898e-13   2.01146e-09 DIIS
  Energy and wave function converged.


  ==> Post-Iterations <==

    Orbital Energies [Eh]
    ---------------------

    Doubly Occupied:                                                      

       1A    -15.793792     2A    -15.792908     3A     -1.306032  
       4A     -0.872537     5A     -0.585066     6A     -0.516573  
       7A     -0.516573  

    Virtual:                                                              

       8A      0.017175     9A      0.017175    10A      0.334924  
      11A      0.873074    12A      0.876907    13A      0.876907  
      14A      0.903459    15A      0.962534    16A      0.962534  
      17A      1.005773    18A      1.340108  

    Final Occupation by Irrep:
              A 
    DOCC [     7 ]
    NA   [     7 ]
    NB   [     7 ]

  @RHF Final Energy:  -108.68444453193219

   => Energetics <=

    Nuclear Repulsion Energy =             18.2603403681901426
    One-Electron Energy =                -183.1226077498605491
    Two-Electron Energy =                  56.1778228497382059
    Total Energy =                       -108.6844445319321864

Computation Completed


Properties will be evaluated at   0.000000,   0.000000,   0.000000 [a0]

Properties computed using the SCF density matrix


 Multipole Moments:

 ------------------------------------------------------------------------------------
     Multipole            Electronic (a.u.)      Nuclear  (a.u.)        Total (a.u.)
 ------------------------------------------------------------------------------------

 L = 1.  Multiply by 2.5417464519 to convert [e a0] to [Debye]
 Dipole X            :          0.0000000            0.0000000            0.0000000
 Dipole Y            :         -0.0000000            0.0000000           -0.0000000
 Dipole Z            :          0.0000000            0.0000000            0.0000000
 Magnitude           :                                                    0.0000000

 ------------------------------------------------------------------------------------

*** tstop() called on fedora at Tue Oct 29 12:24:49 2024
Module time:
	user time   =       0.28 seconds =       0.00 minutes
	system time =       0.03 seconds =       0.00 minutes
	total time  =          0 seconds =       0.00 minutes
Total time:
	user time   =       0.28 seconds =       0.00 minutes
	system time =       0.03 seconds =       0.00 minutes
	total time  =          0 seconds =       0.00 minutes

Scratch directory: /tmp/
   => Libint2 <=

    Primary   basis highest AM E, G, H:  6, 6, 3
    Auxiliary basis highest AM E, G, H:  7, 7, 4
    Onebody   basis highest AM E, G, H:  -, -, -
    Solid Harmonics ordering:            Gaussian

*** tstart() called on fedora
*** at Tue Oct 29 12:24:50 2024

   => Loading Basis Set <=

    Name: 6-31G
    Role: ORBITAL
    Keyword: BASIS
    atoms 1-2 entry N          line   102 file /home/wh/.conda/envs/mp2/share/psi4/basis/6-31g.gbs 


         ---------------------------------------------------------
                                   SCF
               by Justin Turney, Rob Parrish, Andy Simmonett
                          and Daniel G. A. Smith
                              RHF Reference
                        1 Threads,   1907 MiB Core
         ---------------------------------------------------------

  ==> Geometry <==

    Molecular point group: c1
    Full point group: D_inf_h

    Geometry (in Angstrom), charge = 0, multiplicity = 1:

       Center              X                  Y                   Z               Mass       
    ------------   -----------------  -----------------  -----------------  -----------------
         N            0.000000000000     0.000000000000    -0.710000000000    14.003074004430
         N            0.000000000000     0.000000000000     0.710000000000    14.003074004430

  Running in c1 symmetry.

  Rotational constants: A = ************  B =      1.19406  C =      1.19406 [cm^-1]
  Rotational constants: A = ************  B =  35797.04043  C =  35797.04043 [MHz]
  Nuclear repulsion =   18.260340368190143

  Charge       = 0
  Multiplicity = 1
  Electrons    = 14
  Nalpha       = 7
  Nbeta        = 7

  ==> Algorithm <==

  SCF Algorithm Type is PK.
  DIIS enabled.
  MOM disabled.
  Fractional occupation disabled.
  Guess Type is SAD.
  Energy threshold   = 1.00e-08
  Density threshold  = 1.00e-08
  Integral threshold = 1.00e-12

  ==> Primary Basis <==

  Basis Set: 6-31G
    Blend: 6-31G
    Number of shells: 10
    Number of basis functions: 18
    Number of Cartesian functions: 18
    Spherical Harmonics?: false
    Max angular momentum: 1

  ==> Integral Setup <==

  Using in-core PK algorithm.
   Calculation information:
      Number of atoms:                   2
      Number of AO shells:              10
      Number of primitives:             28
      Number of atomic orbitals:        18
      Number of basis functions:        18

      Integral cutoff                 1.00e-12
      Number of threads:                 1

  Performing in-core PK
  Using 29412 doubles for integral storage.
  We computed 1539 shell quartets total.
  Whereas there are 1540 unique shell quartets.

  ==> DiskJK: Disk-Based J/K Matrices <==

    J tasked:                  Yes
    K tasked:                  Yes
    wK tasked:                  No
    Memory [MiB]:             1430
    Schwarz Cutoff:          1E-12

    OpenMP threads:              1

  Minimum eigenvalue in the overlap matrix is 2.6403751093E-02.
  Reciprocal condition number of the overlap matrix is 9.0562616648E-03.
    Using symmetric orthogonalization.

  ==> Pre-Iterations <==

  SCF Guess: Superposition of Atomic Densities via on-the-fly atomic UHF (no occupation information).

   -------------------------
    Irrep   Nso     Nmo    
   -------------------------
     A         18      18 
   -------------------------
    Total      18      18
   -------------------------

  ==> Iterations <==

                        Total Energy        Delta E     RMS |[F,P]|

   @RHF iter SAD:  -107.35013099719927   -1.07350e+02   0.00000e+00 
   @RHF iter   1:  -108.67390499591467   -1.32377e+00   6.94670e-03 ADIIS/DIIS
   @RHF iter   2:  -108.68375679654881   -9.85180e-03   1.52657e-03 ADIIS/DIIS
   @RHF iter   3:  -108.68440230120332   -6.45505e-04   4.17515e-04 ADIIS/DIIS
   @RHF iter   4:  -108.68444436785468   -4.20667e-05   2.55913e-05 DIIS
   @RHF iter   5:  -108.68444452795967   -1.60105e-07   3.92747e-06 DIIS
   @RHF iter   6:  -108.68444453192357   -3.96390e-09   1.67724e-07 DIIS
   @RHF iter   7:  -108.68444453193206   -8.48388e-12   2.54040e-08 DIIS
   @RHF iter   8:  -108.68444453193219   -1.27898e-13   2.01146e-09 DIIS
  Energy and wave function converged.


  ==> Post-Iterations <==

    Orbital Energies [Eh]
    ---------------------

    Doubly Occupied:                                                      

       1A    -15.793792     2A    -15.792908     3A     -1.306032  
       4A     -0.872537     5A     -0.585066     6A     -0.516573  
       7A     -0.516573  

    Virtual:                                                              

       8A      0.017175     9A      0.017175    10A      0.334924  
      11A      0.873074    12A      0.876907    13A      0.876907  
      14A      0.903459    15A      0.962534    16A      0.962534  
      17A      1.005773    18A      1.340108  

    Final Occupation by Irrep:
              A 
    DOCC [     7 ]
    NA   [     7 ]
    NB   [     7 ]

  @RHF Final Energy:  -108.68444453193219

   => Energetics <=

    Nuclear Repulsion Energy =             18.2603403681901426
    One-Electron Energy =                -183.1226077498605491
    Two-Electron Energy =                  56.1778228497382059
    Total Energy =                       -108.6844445319321864

Computation Completed


Properties will be evaluated at   0.000000,   0.000000,   0.000000 [a0]

Properties computed using the SCF density matrix


 Multipole Moments:

 ------------------------------------------------------------------------------------
     Multipole            Electronic (a.u.)      Nuclear  (a.u.)        Total (a.u.)
 ------------------------------------------------------------------------------------

 L = 1.  Multiply by 2.5417464519 to convert [e a0] to [Debye]
 Dipole X            :          0.0000000            0.0000000            0.0000000
 Dipole Y            :         -0.0000000            0.0000000           -0.0000000
 Dipole Z            :          0.0000000            0.0000000            0.0000000
 Magnitude           :                                                    0.0000000

 ------------------------------------------------------------------------------------

*** tstop() called on fedora at Tue Oct 29 12:24:50 2024
Module time:
	user time   =       0.14 seconds =       0.00 minutes
	system time =       0.00 seconds =       0.00 minutes
	total time  =          0 seconds =       0.00 minutes
Total time:
	user time   =       0.57 seconds =       0.01 minutes
	system time =       0.03 seconds =       0.00 minutes
	total time  =          1 seconds =       0.02 minutes
 MINTS: Wrapper to libmints.
   by Justin Turney

   Calculation information:
      Number of threads:                 1
      Number of atoms:                   2
      Number of AO shells:              10
      Number of SO shells:              10
      Number of primitives:             28
      Number of atomic orbitals:        18
      Number of basis functions:        18

      Number of irreps:                  1
      Integral cutoff                 1.00e-12
      Number of functions per irrep: [  18 ]

 OEINTS: Overlap, kinetic, potential, dipole, and quadrupole integrals
         stored in file 35.

      Computing two-electron integrals...done
      Computed 4349 non-zero two-electron integrals.
        Stored in file 33.


*** tstart() called on fedora
*** at Tue Oct 29 12:24:50 2024



  Module OCC Options:
  ----------------------------------------------------------------------------
  ACTIVE                        => (empty)          
  BASIS_RELATIVISTIC            => (empty)          
  BENCH                         => (empty)          
  CACHELEVEL                    => (empty)          
  CCL_ENERGY                    => (empty)          
  CC_MAXITER                    => (empty)          
  CC_TYPE                       => (empty)          
  CEPA_OS_SCALE                 => (empty)          
  CEPA_SOS_SCALE                => (empty)          
  CEPA_SS_SCALE                 => (empty)          
  CEPA_TYPE                     => (empty)          
  CI_TYPE                       => (empty)          
  CUBEPROP_BASIS_FUNCTIONS      => (empty)          
  CUBEPROP_FILEPATH             => (empty)          
  CUBEPROP_ISOCONTOUR_THRESHOLD => (empty)          
  CUBEPROP_ORBITALS             => (empty)          
  CUBEPROP_TASKS                => (empty)          
  CUBIC_BASIS_TOLERANCE         => (empty)          
  CUBIC_BLOCK_MAX_POINTS        => (empty)          
  CUBIC_GRID_OVERAGE            => (empty)          
  CUBIC_GRID_SPACING            => (empty)          
  CUTOFF                        => (empty)          
  DDX                           => (empty)          
  DEBUG                         => (empty)          
  DERTYPE                       => (empty)          
  DF_BASIS_CC                   => (empty)          
  DIE_IF_NOT_CONVERGED          => (empty)          
  DIIS_MAX_VECS                 => (empty)          
  DIIS_MIN_VECS                 => (empty)          
  DKH_ORDER                     => (empty)          
  DOCC                          => (empty)          
  DO_DIIS                       => (empty)          
  DO_LEVEL_SHIFT                => (empty)          
  DO_SCS                        => (empty)          
  DO_SOS                        => (empty)          
  E3_SCALE                      => (empty)          
  EA_POLES                      => (empty)          
  EKT_EA                        => (empty)          
  EKT_IP                        => (empty)          
  EP_EA_POLES                   => (empty)          
  EP_IP_POLES                   => (empty)          
  EP_MAXITER                    => (empty)          
  EXTERNAL_POTENTIAL_SYMMETRY   => (empty)          
  E_CONVERGENCE                 => 1e-08           !
  FREEZE_CORE                   => (empty)          
  FREEZE_CORE_POLICY            => (empty)          
  FROZEN_DOCC                   => (empty)          
  FROZEN_UOCC                   => (empty)          
  INTEGRAL_PACKAGE              => (empty)          
  IP_POLES                      => (empty)          
  LEVEL_SHIFT                   => (empty)          
  LITERAL_CFOUR                 => (empty)          
  MAT_NUM_COLUMN_PRINT          => (empty)          
  MAX_MOGRAD_CONVERGENCE        => (empty)          
  MAX_RADIAL_MOMENT             => (empty)          
  MBIS_D_CONVERGENCE            => (empty)          
  MBIS_MAXITER                  => (empty)          
  MBIS_PRUNING_SCHEME           => (empty)          
  MBIS_RADIAL_POINTS            => (empty)          
  MBIS_SPHERICAL_POINTS         => (empty)          
  MOGRAD_DAMPING                => (empty)          
  MOLDEN_WITH_VIRTUAL           => (empty)          
  MO_MAXITER                    => (empty)          
  MO_READ                       => (empty)          
  MO_STEP_MAX                   => (empty)          
  MO_WRITE                      => (empty)          
  MP2_OS_SCALE                  => (empty)          
  MP2_SOS_SCALE                 => (empty)          
  MP2_SOS_SCALE2                => (empty)          
  MP2_SS_SCALE                  => (empty)          
  MP2_TYPE                      => CONV            !
  MP_TYPE                       => (empty)          
  NAT_ORBS                      => (empty)          
  NUM_FROZEN_DOCC               => (empty)          
  NUM_FROZEN_UOCC               => (empty)          
  NUM_GPUS                      => (empty)          
  OCC_ORBS_PRINT                => (empty)          
  OEPROP                        => (empty)          
  OPT_METHOD                    => (empty)          
  ORB_OPT                       => FALSE           !
  ORB_RESP_SOLVER               => (empty)          
  ORTH_TYPE                     => (empty)          
  OS_SCALE                      => (empty)          
  PARENT_SYMMETRY               => (empty)          
  PCG_BETA_TYPE                 => (empty)          
  PCG_CONVERGENCE               => (empty)          
  PCG_MAXITER                   => (empty)          
  PCM                           => (empty)          
  PE                            => (empty)          
  PRINT                         => (empty)          
  PRINT_NOONS                   => (empty)          
  PROPERTIES                    => (empty)          
  PROPERTIES_ORIGIN             => (empty)          
  PUREAM                        => (empty)          
  QC_MODULE                     => (empty)          
  RAS1                          => (empty)          
  RAS2                          => (empty)          
  RAS3                          => (empty)          
  RAS4                          => (empty)          
  RELATIVISTIC                  => (empty)          
  RELAXED                       => (empty)          
  REMP_A                        => (empty)          
  RESTRICTED_DOCC               => (empty)          
  RESTRICTED_UOCC               => (empty)          
  RMS_MOGRAD_CONVERGENCE        => (empty)          
  R_CONVERGENCE                 => (empty)          
  SCF_TYPE                      => PK              !
  SCREENING                     => (empty)          
  SCS_TYPE                      => (empty)          
  SOCC                          => (empty)          
  SOS_TYPE                      => (empty)          
  SPIN_SCALE_TYPE               => NONE            !
  SS_SCALE                      => (empty)          
  SYMMETRIZE                    => (empty)          
  TPDM_ABCD_TYPE                => (empty)          
  WFN                           => (empty)          
  WFN_TYPE                      => OMP2            !
  WRITER_FILE_LABEL             => (empty)          


 ============================================================================== 
 ============================================================================== 
 ============================================================================== 

                             MP2   
                    Program Written by Ugur Bozkaya,
              Additional Contributions by J. P. Misiewicz

 ============================================================================== 
 ============================================================================== 
 ============================================================================== 

	MO spaces per irreps... 

	IRREP   FC    OCC   VIR  FV 
	==============================
	   A     0     7    11    0
	==============================

	Memory is   2000 MB 
	Cost of iabc is      0 MB 
	Cost of abcd is      0 MB 
	Switching to the incore algorithm for iabc..
	Switching to the incore algorithm for abcd..

	Computing MP2 energy using SCF MOs (Canonical MP2)... 
	============================================================================== 
	Nuclear Repulsion Energy (a.u.)    :    18.26034036819014
	SCF Energy (a.u.)                  :  -108.68444453193219
	REF Energy (a.u.)                  :  -108.68444453193219
	Alpha-Alpha Contribution (a.u.)    :    -0.05433676468002
	Alpha-Beta Contribution (a.u.)     :    -0.26373603875220
	Beta-Beta Contribution (a.u.)      :    -0.05433676468002
	Scaled_SS Correlation Energy (a.u.):    -0.03622450978668
	Scaled_OS Correlation Energy (a.u.):    -0.31648324650264
	SCS-MP2 Total Energy (a.u.)        :  -109.03715228822151
	SOS-MP2 Total Energy (a.u.)        :  -109.00092777843483
	SCSN-MP2 Total Energy (a.u.)       :  -108.87570994360588
	SCS-MP2-VDW Total Energy (a.u.)    :  -109.07636342621502
	SOS-PI-MP2 Total Energy (a.u.)     :  -109.05367498618527
	MP2 Correlation Energy (a.u.)      :    -0.37240956811225
	MP2 Total Energy (a.u.)            :  -109.05685410004443
	============================================================================== 


*** tstop() called on fedora at Tue Oct 29 12:24:50 2024
Module time:
	user time   =       0.01 seconds =       0.00 minutes
	system time =       0.01 seconds =       0.00 minutes
	total time  =          0 seconds =       0.00 minutes
Total time:
	user time   =       0.59 seconds =       0.01 minutes
	system time =       0.04 seconds =       0.00 minutes
	total time  =          1 seconds =       0.02 minutes
    MP2 Energy............................................................................PASSED
