
Scratch directory: /tmp/

*** tstart() called on asax020.asc.edu
*** at Tue Nov  5 09:10:37 2024

   => Loading Basis Set <=

    Name: CC-PVDZ
    Role: ORBITAL
    Keyword: BASIS
    atoms 1-2 entry N          line   168 file /home/aubclsd0286/.conda/envs/mp2/share/psi4/basis/cc-pvdz.gbs 


         ---------------------------------------------------------
                                   SCF
               by Justin Turney, Rob Parrish, Andy Simmonett
                          and Daniel G. A. Smith
                              RHF Reference
                        1 Threads,  11444 MiB Core
         ---------------------------------------------------------

  ==> Geometry <==

    Molecular point group: c1
    Full point group: D_inf_h

    Geometry (in Angstrom), charge = 0, multiplicity = 1:

       Center              X                  Y                   Z               Mass       
    ------------   -----------------  -----------------  -----------------  -----------------
         N            0.000000000000     0.000000000000    -0.710000000000    14.003074004430
         N            0.000000000000     0.000000000000     0.710000000000    14.003074004430

  Running in c1 symmetry.

  Rotational constants: A = ************  B =      1.19406  C =      1.19406 [cm^-1]
  Rotational constants: A = ************  B =  35797.04043  C =  35797.04043 [MHz]
  Nuclear repulsion =   18.260340368190143

  Charge       = 0
  Multiplicity = 1
  Electrons    = 14
  Nalpha       = 7
  Nbeta        = 7

  ==> Algorithm <==

  SCF Algorithm Type is PK.
  DIIS enabled.
  MOM disabled.
  Fractional occupation disabled.
  Guess Type is SAD.
  Energy threshold   = 1.00e-08
  Density threshold  = 1.00e-08
  Integral threshold = 1.00e-12

  ==> Primary Basis <==

  Basis Set: CC-PVDZ
    Blend: CC-PVDZ
    Number of shells: 12
    Number of basis functions: 28
    Number of Cartesian functions: 30
    Spherical Harmonics?: true
    Max angular momentum: 2

  ==> Integral Setup <==

  Using in-core PK algorithm.
   Calculation information:
      Number of atoms:                   2
      Number of AO shells:              12
      Number of primitives:             44
      Number of atomic orbitals:        30
      Number of basis functions:        28

      Integral cutoff                 1.00e-12
      Number of threads:                 1

  Performing in-core PK
  Using 165242 doubles for integral storage.
  We computed 3081 shell quartets total.
  Whereas there are 3081 unique shell quartets.

  ==> DiskJK: Disk-Based J/K Matrices <==

    J tasked:                  Yes
    K tasked:                  Yes
    wK tasked:                  No
    Memory [MiB]:             8583
    Schwarz Cutoff:          1E-12

    OpenMP threads:              1

  Minimum eigenvalue in the overlap matrix is 1.8384093623E-02.
  Reciprocal condition number of the overlap matrix is 6.4658600010E-03.
    Using symmetric orthogonalization.

  ==> Pre-Iterations <==

  SCF Guess: Superposition of Atomic Densities via on-the-fly atomic UHF (no occupation information).

   -------------------------
    Irrep   Nso     Nmo    
   -------------------------
     A         28      28 
   -------------------------
    Total      28      28
   -------------------------

  ==> Iterations <==

                        Total Energy        Delta E     RMS |[F,P]|

   @RHF iter SAD:  -107.35509813975278   -1.07355e+02   0.00000e+00 
   @RHF iter   1:  -108.73317858469008   -1.37808e+00   5.48412e-03 ADIIS/DIIS
   @RHF iter   2:  -108.74424205744957   -1.10635e-02   1.05206e-03 ADIIS/DIIS
   @RHF iter   3:  -108.74477836818419   -5.36311e-04   2.73556e-04 ADIIS/DIIS
   @RHF iter   4:  -108.74482242736590   -4.40592e-05   2.88084e-05 DIIS
   @RHF iter   5:  -108.74482284889307   -4.21527e-07   4.64419e-06 DIIS
   @RHF iter   6:  -108.74482286146420   -1.25711e-08   5.83209e-07 DIIS
   @RHF iter   7:  -108.74482286170773   -2.43531e-10   8.20934e-08 DIIS
   @RHF iter   8:  -108.74482286171266   -4.93117e-12   3.27775e-09 DIIS
  Energy and wave function converged.


  ==> Post-Iterations <==

    Orbital Energies [Eh]
    ---------------------

    Doubly Occupied:                                                      

       1A    -15.770545     2A    -15.769617     3A     -1.268795  
       4A     -0.866653     5A     -0.585127     6A     -0.501972  
       7A     -0.501972  

    Virtual:                                                              

       8A      0.038453     9A      0.038453    10A      0.370557  
      11A      0.879545    12A      0.919584    13A      0.919584  
      14A      0.932866    15A      0.995547    16A      1.006513  
      17A      1.006513    18A      1.442830    19A      1.702686  
      20A      1.702686    21A      1.868039    22A      1.868039  
      23A      2.126063    24A      2.126063    25A      2.321204  
      26A      2.629583    27A      2.629583    28A      3.053135  

    Final Occupation by Irrep:
              A 
    DOCC [     7 ]

  @RHF Final Energy:  -108.74482286171266

   => Energetics <=

    Nuclear Repulsion Energy =             18.2603403681901426
    One-Electron Energy =                -183.4809618237368340
    Two-Electron Energy =                  56.4757985938340141
    Total Energy =                       -108.7448228617126631

Computation Completed


Properties will be evaluated at   0.000000,   0.000000,   0.000000 [a0]

Properties computed using the SCF density matrix


 Multipole Moments:

 ------------------------------------------------------------------------------------
     Multipole            Electronic (a.u.)      Nuclear  (a.u.)        Total (a.u.)
 ------------------------------------------------------------------------------------

 L = 1.  Multiply by 2.5417464519 to convert [e a0] to [Debye]
 Dipole X            :          0.0000000            0.0000000            0.0000000
 Dipole Y            :          0.0000000            0.0000000            0.0000000
 Dipole Z            :          0.0000000            0.0000000            0.0000000
 Magnitude           :                                                    0.0000000

 ------------------------------------------------------------------------------------

*** tstop() called on asax020.asc.edu at Tue Nov  5 09:10:38 2024
Module time:
	user time   =       0.55 seconds =       0.01 minutes
	system time =       0.04 seconds =       0.00 minutes
	total time  =          1 seconds =       0.02 minutes
Total time:
	user time   =       0.55 seconds =       0.01 minutes
	system time =       0.04 seconds =       0.00 minutes
	total time  =          1 seconds =       0.02 minutes

Scratch directory: /tmp/

*** tstart() called on asax020.asc.edu
*** at Tue Nov  5 09:10:38 2024

   => Loading Basis Set <=

    Name: CC-PVDZ
    Role: ORBITAL
    Keyword: BASIS
    atoms 1-2 entry N          line   168 file /home/aubclsd0286/.conda/envs/mp2/share/psi4/basis/cc-pvdz.gbs 


         ---------------------------------------------------------
                                   SCF
               by Justin Turney, Rob Parrish, Andy Simmonett
                          and Daniel G. A. Smith
                              RHF Reference
                        1 Threads,  11444 MiB Core
         ---------------------------------------------------------

  ==> Geometry <==

    Molecular point group: c1
    Full point group: D_inf_h

    Geometry (in Angstrom), charge = 0, multiplicity = 1:

       Center              X                  Y                   Z               Mass       
    ------------   -----------------  -----------------  -----------------  -----------------
         N            0.000000000000     0.000000000000    -0.710000000000    14.003074004430
         N            0.000000000000     0.000000000000     0.710000000000    14.003074004430

  Running in c1 symmetry.

  Rotational constants: A = ************  B =      1.19406  C =      1.19406 [cm^-1]
  Rotational constants: A = ************  B =  35797.04043  C =  35797.04043 [MHz]
  Nuclear repulsion =   18.260340368190143

  Charge       = 0
  Multiplicity = 1
  Electrons    = 14
  Nalpha       = 7
  Nbeta        = 7

  ==> Algorithm <==

  SCF Algorithm Type is PK.
  DIIS enabled.
  MOM disabled.
  Fractional occupation disabled.
  Guess Type is SAD.
  Energy threshold   = 1.00e-08
  Density threshold  = 1.00e-08
  Integral threshold = 1.00e-12

  ==> Primary Basis <==

  Basis Set: CC-PVDZ
    Blend: CC-PVDZ
    Number of shells: 12
    Number of basis functions: 28
    Number of Cartesian functions: 30
    Spherical Harmonics?: true
    Max angular momentum: 2

  ==> Integral Setup <==

  Using in-core PK algorithm.
   Calculation information:
      Number of atoms:                   2
      Number of AO shells:              12
      Number of primitives:             44
      Number of atomic orbitals:        30
      Number of basis functions:        28

      Integral cutoff                 1.00e-12
      Number of threads:                 1

  Performing in-core PK
  Using 165242 doubles for integral storage.
  We computed 3081 shell quartets total.
  Whereas there are 3081 unique shell quartets.

  ==> DiskJK: Disk-Based J/K Matrices <==

    J tasked:                  Yes
    K tasked:                  Yes
    wK tasked:                  No
    Memory [MiB]:             8583
    Schwarz Cutoff:          1E-12

    OpenMP threads:              1

  Minimum eigenvalue in the overlap matrix is 1.8384093623E-02.
  Reciprocal condition number of the overlap matrix is 6.4658600010E-03.
    Using symmetric orthogonalization.

  ==> Pre-Iterations <==

  SCF Guess: Superposition of Atomic Densities via on-the-fly atomic UHF (no occupation information).

   -------------------------
    Irrep   Nso     Nmo    
   -------------------------
     A         28      28 
   -------------------------
    Total      28      28
   -------------------------

  ==> Iterations <==

                        Total Energy        Delta E     RMS |[F,P]|

   @RHF iter SAD:  -107.35509813975278   -1.07355e+02   0.00000e+00 
   @RHF iter   1:  -108.73317858469008   -1.37808e+00   5.48412e-03 ADIIS/DIIS
   @RHF iter   2:  -108.74424205744957   -1.10635e-02   1.05206e-03 ADIIS/DIIS
   @RHF iter   3:  -108.74477836818419   -5.36311e-04   2.73556e-04 ADIIS/DIIS
   @RHF iter   4:  -108.74482242736590   -4.40592e-05   2.88084e-05 DIIS
   @RHF iter   5:  -108.74482284889307   -4.21527e-07   4.64419e-06 DIIS
   @RHF iter   6:  -108.74482286146420   -1.25711e-08   5.83209e-07 DIIS
   @RHF iter   7:  -108.74482286170773   -2.43531e-10   8.20934e-08 DIIS
   @RHF iter   8:  -108.74482286171266   -4.93117e-12   3.27775e-09 DIIS
  Energy and wave function converged.


  ==> Post-Iterations <==

    Orbital Energies [Eh]
    ---------------------

    Doubly Occupied:                                                      

       1A    -15.770545     2A    -15.769617     3A     -1.268795  
       4A     -0.866653     5A     -0.585127     6A     -0.501972  
       7A     -0.501972  

    Virtual:                                                              

       8A      0.038453     9A      0.038453    10A      0.370557  
      11A      0.879545    12A      0.919584    13A      0.919584  
      14A      0.932866    15A      0.995547    16A      1.006513  
      17A      1.006513    18A      1.442830    19A      1.702686  
      20A      1.702686    21A      1.868039    22A      1.868039  
      23A      2.126063    24A      2.126063    25A      2.321204  
      26A      2.629583    27A      2.629583    28A      3.053135  

    Final Occupation by Irrep:
              A 
    DOCC [     7 ]

  @RHF Final Energy:  -108.74482286171266

   => Energetics <=

    Nuclear Repulsion Energy =             18.2603403681901426
    One-Electron Energy =                -183.4809618237368340
    Two-Electron Energy =                  56.4757985938340141
    Total Energy =                       -108.7448228617126631

Computation Completed


Properties will be evaluated at   0.000000,   0.000000,   0.000000 [a0]

Properties computed using the SCF density matrix


 Multipole Moments:

 ------------------------------------------------------------------------------------
     Multipole            Electronic (a.u.)      Nuclear  (a.u.)        Total (a.u.)
 ------------------------------------------------------------------------------------

 L = 1.  Multiply by 2.5417464519 to convert [e a0] to [Debye]
 Dipole X            :          0.0000000            0.0000000            0.0000000
 Dipole Y            :          0.0000000            0.0000000            0.0000000
 Dipole Z            :          0.0000000            0.0000000            0.0000000
 Magnitude           :                                                    0.0000000

 ------------------------------------------------------------------------------------

*** tstop() called on asax020.asc.edu at Tue Nov  5 09:10:39 2024
Module time:
	user time   =       0.33 seconds =       0.01 minutes
	system time =       0.00 seconds =       0.00 minutes
	total time  =          1 seconds =       0.02 minutes
Total time:
	user time   =       1.69 seconds =       0.03 minutes
	system time =       0.04 seconds =       0.00 minutes
	total time  =          2 seconds =       0.03 minutes
 MINTS: Wrapper to libmints.
   by Justin Turney

   Calculation information:
      Number of threads:                 1
      Number of atoms:                   2
      Number of AO shells:              12
      Number of SO shells:              12
      Number of primitives:             44
      Number of atomic orbitals:        30
      Number of basis functions:        28

      Number of irreps:                  1
      Integral cutoff                 1.00e-12
      Number of functions per irrep: [  28 ]

 OEINTS: Overlap, kinetic, potential, dipole, and quadrupole integrals
         stored in file 35.

      Computing two-electron integrals...done
      Computed 19125 non-zero two-electron integrals.
        Stored in file 33.


*** tstart() called on asax020.asc.edu
*** at Tue Nov  5 09:10:39 2024



  Module OCC Options:
  ----------------------------------------------------------------------------
  ACTIVE                        => (empty)          
  BASIS_RELATIVISTIC            => (empty)          
  BENCH                         => (empty)          
  CACHELEVEL                    => (empty)          
  CCL_ENERGY                    => (empty)          
  CC_MAXITER                    => (empty)          
  CC_TYPE                       => (empty)          
  CEPA_OS_SCALE                 => (empty)          
  CEPA_SOS_SCALE                => (empty)          
  CEPA_SS_SCALE                 => (empty)          
  CEPA_TYPE                     => (empty)          
  CI_TYPE                       => (empty)          
  CUBEPROP_BASIS_FUNCTIONS      => (empty)          
  CUBEPROP_FILEPATH             => (empty)          
  CUBEPROP_ISOCONTOUR_THRESHOLD => (empty)          
  CUBEPROP_ORBITALS             => (empty)          
  CUBEPROP_TASKS                => (empty)          
  CUBIC_BASIS_TOLERANCE         => (empty)          
  CUBIC_BLOCK_MAX_POINTS        => (empty)          
  CUBIC_GRID_OVERAGE            => (empty)          
  CUBIC_GRID_SPACING            => (empty)          
  CUTOFF                        => (empty)          
  DEBUG                         => (empty)          
  DERTYPE                       => (empty)          
  DF_BASIS_CC                   => (empty)          
  DIE_IF_NOT_CONVERGED          => (empty)          
  DIIS_MAX_VECS                 => (empty)          
  DIIS_MIN_VECS                 => (empty)          
  DKH_ORDER                     => (empty)          
  DOCC                          => (empty)          
  DO_DIIS                       => (empty)          
  DO_LEVEL_SHIFT                => (empty)          
  DO_SCS                        => (empty)          
  DO_SOS                        => (empty)          
  E3_SCALE                      => (empty)          
  EA_POLES                      => (empty)          
  EKT_EA                        => (empty)          
  EKT_IP                        => (empty)          
  EP_EA_POLES                   => (empty)          
  EP_IP_POLES                   => (empty)          
  EP_MAXITER                    => (empty)          
  EXTERNAL_POTENTIAL_SYMMETRY   => (empty)          
  E_CONVERGENCE                 => 1e-08           !
  FREEZE_CORE                   => (empty)          
  FROZEN_DOCC                   => (empty)          
  FROZEN_UOCC                   => (empty)          
  INTEGRAL_PACKAGE              => (empty)          
  IP_POLES                      => (empty)          
  LEVEL_SHIFT                   => (empty)          
  LINEQ_SOLVER                  => (empty)          
  LITERAL_CFOUR                 => (empty)          
  MAT_NUM_COLUMN_PRINT          => (empty)          
  MAX_MOGRAD_CONVERGENCE        => (empty)          
  MAX_RADIAL_MOMENT             => (empty)          
  MBIS_D_CONVERGENCE            => (empty)          
  MBIS_MAXITER                  => (empty)          
  MBIS_PRUNING_SCHEME           => (empty)          
  MBIS_RADIAL_POINTS            => (empty)          
  MBIS_SPHERICAL_POINTS         => (empty)          
  MOGRAD_DAMPING                => (empty)          
  MOLDEN_WITH_VIRTUAL           => (empty)          
  MO_MAXITER                    => (empty)          
  MO_READ                       => (empty)          
  MO_STEP_MAX                   => (empty)          
  MO_WRITE                      => (empty)          
  MP2_OS_SCALE                  => (empty)          
  MP2_SOS_SCALE                 => (empty)          
  MP2_SOS_SCALE2                => (empty)          
  MP2_SS_SCALE                  => (empty)          
  MP2_TYPE                      => CONV            !
  MP_TYPE                       => (empty)          
  NAT_ORBS                      => (empty)          
  NUM_FROZEN_DOCC               => (empty)          
  NUM_FROZEN_UOCC               => (empty)          
  NUM_GPUS                      => (empty)          
  OCC_ORBS_PRINT                => (empty)          
  OEPROP                        => (empty)          
  OPT_METHOD                    => (empty)          
  ORB_OPT                       => FALSE           !
  ORB_RESP_SOLVER               => (empty)          
  ORTH_TYPE                     => (empty)          
  OS_SCALE                      => (empty)          
  PARENT_SYMMETRY               => (empty)          
  PCG_BETA_TYPE                 => (empty)          
  PCG_CONVERGENCE               => (empty)          
  PCG_MAXITER                   => (empty)          
  PCM                           => (empty)          
  PE                            => (empty)          
  PRINT                         => (empty)          
  PRINT_NOONS                   => (empty)          
  PROPERTIES                    => (empty)          
  PROPERTIES_ORIGIN             => (empty)          
  PUREAM                        => (empty)          
  QC_MODULE                     => (empty)          
  RAS1                          => (empty)          
  RAS2                          => (empty)          
  RAS3                          => (empty)          
  RAS4                          => (empty)          
  RELATIVISTIC                  => (empty)          
  RELAXED                       => (empty)          
  RESTRICTED_DOCC               => (empty)          
  RESTRICTED_UOCC               => (empty)          
  RMS_MOGRAD_CONVERGENCE        => (empty)          
  R_CONVERGENCE                 => (empty)          
  SCF_TYPE                      => PK              !
  SCREENING                     => (empty)          
  SCS_TYPE                      => (empty)          
  SOCC                          => (empty)          
  SOS_TYPE                      => (empty)          
  SPIN_SCALE_TYPE               => NONE            !
  SS_SCALE                      => (empty)          
  SYMMETRIZE                    => (empty)          
  TPDM_ABCD_TYPE                => (empty)          
  WFN                           => (empty)          
  WFN_TYPE                      => OMP2            !
  WRITER_FILE_LABEL             => (empty)          


 ============================================================================== 
 ============================================================================== 
 ============================================================================== 

                             MP2   
                    Program Written by Ugur Bozkaya,
              Additional Contributions by J. P. Misiewicz

 ============================================================================== 
 ============================================================================== 
 ============================================================================== 

	MO spaces per irreps... 

	IRREP   FC    OCC   VIR  FV 
	==============================
	   A     0     7    21    0
	==============================

	Memory is  12000 MB 
	Cost of iabc is      0 MB 
	Cost of abcd is      0 MB 
	Switching to the incore algorithm for iabc..
	Switching to the incore algorithm for abcd..

	Computing MP2 energy using SCF MOs (Canonical MP2)... 
	============================================================================== 
	Nuclear Repulsion Energy (a.u.)    :    18.26034036819014
	SCF Energy (a.u.)                  :  -108.74482286171266
	REF Energy (a.u.)                  :  -108.74482286171266
	Alpha-Alpha Contribution (a.u.)    :    -0.06155414724440
	Alpha-Beta Contribution (a.u.)     :    -0.31462669004154
	Beta-Beta Contribution (a.u.)      :    -0.06155414724440
	Scaled_SS Correlation Energy (a.u.):    -0.04103609816293
	Scaled_OS Correlation Energy (a.u.):    -0.37755202804985
	SCS-MP2 Total Energy (a.u.)        :  -109.16341098792543
	SOS-MP2 Total Energy (a.u.)        :  -109.15383755876667
	SCSN-MP2 Total Energy (a.u.)       :  -108.96149346001295
	SCS-MP2-VDW Total Energy (a.u.)    :  -109.20909917221024
	SOS-PI-MP2 Total Energy (a.u.)     :  -109.18530022777081
	MP2 Correlation Energy (a.u.)      :    -0.43773498453034
	MP2 Total Energy (a.u.)            :  -109.18255784624300
	============================================================================== 


*** tstop() called on asax020.asc.edu at Tue Nov  5 09:10:39 2024
Module time:
	user time   =       0.01 seconds =       0.00 minutes
	system time =       0.01 seconds =       0.00 minutes
	total time  =          0 seconds =       0.00 minutes
Total time:
	user time   =       1.75 seconds =       0.03 minutes
	system time =       0.05 seconds =       0.00 minutes
	total time  =          2 seconds =       0.03 minutes
    MP2 Energy............................................................................PASSED
