
Scratch directory: /tmp/

*** tstart() called on asax020.asc.edu
*** at Tue Nov  5 09:39:19 2024

   => Loading Basis Set <=

    Name: CC-PVTZ
    Role: ORBITAL
    Keyword: BASIS
    atoms 1-2 entry N          line   224 file /home/aubclsd0286/.conda/envs/mp2/share/psi4/basis/cc-pvtz.gbs 


         ---------------------------------------------------------
                                   SCF
               by Justin Turney, Rob Parrish, Andy Simmonett
                          and Daniel G. A. Smith
                              RHF Reference
                        1 Threads,  61035 MiB Core
         ---------------------------------------------------------

  ==> Geometry <==

    Molecular point group: c1
    Full point group: D_inf_h

    Geometry (in Angstrom), charge = 0, multiplicity = 1:

       Center              X                  Y                   Z               Mass       
    ------------   -----------------  -----------------  -----------------  -----------------
         N            0.000000000000     0.000000000000    -0.710000000000    14.003074004430
         N            0.000000000000     0.000000000000     0.710000000000    14.003074004430

  Running in c1 symmetry.

  Rotational constants: A = ************  B =      1.19406  C =      1.19406 [cm^-1]
  Rotational constants: A = ************  B =  35797.04043  C =  35797.04043 [MHz]
  Nuclear repulsion =   18.260340368190143

  Charge       = 0
  Multiplicity = 1
  Electrons    = 14
  Nalpha       = 7
  Nbeta        = 7

  ==> Algorithm <==

  SCF Algorithm Type is PK.
  DIIS enabled.
  MOM disabled.
  Fractional occupation disabled.
  Guess Type is SAD.
  Energy threshold   = 1.00e-08
  Density threshold  = 1.00e-08
  Integral threshold = 1.00e-12

  ==> Primary Basis <==

  Basis Set: CC-PVTZ
    Blend: CC-PVTZ
    Number of shells: 20
    Number of basis functions: 60
    Number of Cartesian functions: 70
    Spherical Harmonics?: true
    Max angular momentum: 3

  ==> Integral Setup <==

  Using in-core PK algorithm.
   Calculation information:
      Number of atoms:                   2
      Number of AO shells:              20
      Number of primitives:             52
      Number of atomic orbitals:        70
      Number of basis functions:        60

      Integral cutoff                 1.00e-12
      Number of threads:                 1

  Performing in-core PK
  Using 3350730 doubles for integral storage.
  We computed 22155 shell quartets total.
  Whereas there are 22155 unique shell quartets.

  ==> DiskJK: Disk-Based J/K Matrices <==

    J tasked:                  Yes
    K tasked:                  Yes
    wK tasked:                  No
    Memory [MiB]:            45776
    Schwarz Cutoff:          1E-12

    OpenMP threads:              1

  Minimum eigenvalue in the overlap matrix is 4.2307301457E-03.
  Reciprocal condition number of the overlap matrix is 1.1320955012E-03.
    Using symmetric orthogonalization.

  ==> Pre-Iterations <==

  SCF Guess: Superposition of Atomic Densities via on-the-fly atomic UHF (no occupation information).

   -------------------------
    Irrep   Nso     Nmo    
   -------------------------
     A         60      60 
   -------------------------
    Total      60      60
   -------------------------

  ==> Iterations <==

                        Total Energy        Delta E     RMS |[F,P]|

   @RHF iter SAD:  -107.39513303160702   -1.07395e+02   0.00000e+00 
   @RHF iter   1:  -108.75775934690944   -1.36263e+00   2.53669e-03 ADIIS/DIIS
   @RHF iter   2:  -108.76892666585398   -1.11673e-02   5.77166e-04 ADIIS/DIIS
   @RHF iter   3:  -108.76955021472760   -6.23549e-04   1.49450e-04 ADIIS/DIIS
   @RHF iter   4:  -108.76961045613228   -6.02414e-05   2.41995e-05 DIIS
   @RHF iter   5:  -108.76961199490448   -1.53877e-06   5.18458e-06 DIIS
   @RHF iter   6:  -108.76961206269554   -6.77911e-08   5.21134e-07 DIIS
   @RHF iter   7:  -108.76961206342294   -7.27397e-10   6.11703e-08 DIIS
   @RHF iter   8:  -108.76961206343611   -1.31735e-11   7.17977e-09 DIIS
  Energy and wave function converged.


  ==> Post-Iterations <==

    Orbital Energies [Eh]
    ---------------------

    Doubly Occupied:                                                      

       1A    -15.770832     2A    -15.769888     3A     -1.269350  
       4A     -0.870681     5A     -0.591366     6A     -0.505922  
       7A     -0.505922  

    Virtual:                                                              

       8A      0.030733     9A      0.030733    10A      0.325736  
      11A      0.600698    12A      0.601074    13A      0.601074  
      14A      0.613286    15A      0.666902    16A      0.696485  
      17A      0.696485    18A      1.060896    19A      1.081068  
      20A      1.081068    21A      1.162127    22A      1.162127  
      23A      1.401782    24A      1.401782    25A      1.805949  
      26A      1.831467    27A      1.831467    28A      1.899682  
      29A      3.104299    30A      3.104299    31A      3.219593  
      32A      3.301403    33A      3.301403    34A      3.851974  
      35A      3.851974    36A      3.856296    37A      3.856296  
      38A      3.971983    39A      3.981291    40A      4.095684  
      41A      4.095684    42A      4.258577    43A      4.258577  
      44A      4.620370    45A      4.620370    46A      4.733840  
      47A      4.733840    48A      4.784641    49A      4.918841  
      50A      4.918841    51A      4.948676    52A      4.948676  
      53A      5.011428    54A      5.011428    55A      5.317726  
      56A      5.584994    57A      5.751414    58A      5.751414  
      59A      6.022645    60A      9.168365  

    Final Occupation by Irrep:
              A 
    DOCC [     7 ]

  @RHF Final Energy:  -108.76961206343611

   => Energetics <=

    Nuclear Repulsion Energy =             18.2603403681901426
    One-Electron Energy =                -183.4919846876010752
    Two-Electron Energy =                  56.4620322559748047
    Total Energy =                       -108.7696120634361137

Computation Completed


Properties will be evaluated at   0.000000,   0.000000,   0.000000 [a0]

Properties computed using the SCF density matrix


 Multipole Moments:

 ------------------------------------------------------------------------------------
     Multipole            Electronic (a.u.)      Nuclear  (a.u.)        Total (a.u.)
 ------------------------------------------------------------------------------------

 L = 1.  Multiply by 2.5417464519 to convert [e a0] to [Debye]
 Dipole X            :          0.0000000            0.0000000            0.0000000
 Dipole Y            :          0.0000000            0.0000000            0.0000000
 Dipole Z            :         -0.0000000            0.0000000           -0.0000000
 Magnitude           :                                                    0.0000000

 ------------------------------------------------------------------------------------

*** tstop() called on asax020.asc.edu at Tue Nov  5 09:39:21 2024
Module time:
	user time   =       0.74 seconds =       0.01 minutes
	system time =       0.05 seconds =       0.00 minutes
	total time  =          2 seconds =       0.03 minutes
Total time:
	user time   =       0.74 seconds =       0.01 minutes
	system time =       0.05 seconds =       0.00 minutes
	total time  =          2 seconds =       0.03 minutes

Scratch directory: /tmp/

*** tstart() called on asax020.asc.edu
*** at Tue Nov  5 09:39:25 2024

   => Loading Basis Set <=

    Name: CC-PVTZ
    Role: ORBITAL
    Keyword: BASIS
    atoms 1-2 entry N          line   224 file /home/aubclsd0286/.conda/envs/mp2/share/psi4/basis/cc-pvtz.gbs 


         ---------------------------------------------------------
                                   SCF
               by Justin Turney, Rob Parrish, Andy Simmonett
                          and Daniel G. A. Smith
                              RHF Reference
                        1 Threads,  61035 MiB Core
         ---------------------------------------------------------

  ==> Geometry <==

    Molecular point group: c1
    Full point group: D_inf_h

    Geometry (in Angstrom), charge = 0, multiplicity = 1:

       Center              X                  Y                   Z               Mass       
    ------------   -----------------  -----------------  -----------------  -----------------
         N            0.000000000000     0.000000000000    -0.710000000000    14.003074004430
         N            0.000000000000     0.000000000000     0.710000000000    14.003074004430

  Running in c1 symmetry.

  Rotational constants: A = ************  B =      1.19406  C =      1.19406 [cm^-1]
  Rotational constants: A = ************  B =  35797.04043  C =  35797.04043 [MHz]
  Nuclear repulsion =   18.260340368190143

  Charge       = 0
  Multiplicity = 1
  Electrons    = 14
  Nalpha       = 7
  Nbeta        = 7

  ==> Algorithm <==

  SCF Algorithm Type is PK.
  DIIS enabled.
  MOM disabled.
  Fractional occupation disabled.
  Guess Type is SAD.
  Energy threshold   = 1.00e-08
  Density threshold  = 1.00e-08
  Integral threshold = 1.00e-12

  ==> Primary Basis <==

  Basis Set: CC-PVTZ
    Blend: CC-PVTZ
    Number of shells: 20
    Number of basis functions: 60
    Number of Cartesian functions: 70
    Spherical Harmonics?: true
    Max angular momentum: 3

  ==> Integral Setup <==

  Using in-core PK algorithm.
   Calculation information:
      Number of atoms:                   2
      Number of AO shells:              20
      Number of primitives:             52
      Number of atomic orbitals:        70
      Number of basis functions:        60

      Integral cutoff                 1.00e-12
      Number of threads:                 1

  Performing in-core PK
  Using 3350730 doubles for integral storage.
  We computed 22155 shell quartets total.
  Whereas there are 22155 unique shell quartets.

  ==> DiskJK: Disk-Based J/K Matrices <==

    J tasked:                  Yes
    K tasked:                  Yes
    wK tasked:                  No
    Memory [MiB]:            45776
    Schwarz Cutoff:          1E-12

    OpenMP threads:              1

  Minimum eigenvalue in the overlap matrix is 4.2307301457E-03.
  Reciprocal condition number of the overlap matrix is 1.1320955012E-03.
    Using symmetric orthogonalization.

  ==> Pre-Iterations <==

  SCF Guess: Superposition of Atomic Densities via on-the-fly atomic UHF (no occupation information).

   -------------------------
    Irrep   Nso     Nmo    
   -------------------------
     A         60      60 
   -------------------------
    Total      60      60
   -------------------------

  ==> Iterations <==

                        Total Energy        Delta E     RMS |[F,P]|

   @RHF iter SAD:  -107.39513303160702   -1.07395e+02   0.00000e+00 
   @RHF iter   1:  -108.75775934690944   -1.36263e+00   2.53669e-03 ADIIS/DIIS
   @RHF iter   2:  -108.76892666585398   -1.11673e-02   5.77166e-04 ADIIS/DIIS
   @RHF iter   3:  -108.76955021472760   -6.23549e-04   1.49450e-04 ADIIS/DIIS
   @RHF iter   4:  -108.76961045613228   -6.02414e-05   2.41995e-05 DIIS
   @RHF iter   5:  -108.76961199490448   -1.53877e-06   5.18458e-06 DIIS
   @RHF iter   6:  -108.76961206269554   -6.77911e-08   5.21134e-07 DIIS
   @RHF iter   7:  -108.76961206342294   -7.27397e-10   6.11703e-08 DIIS
   @RHF iter   8:  -108.76961206343611   -1.31735e-11   7.17977e-09 DIIS
  Energy and wave function converged.


  ==> Post-Iterations <==

    Orbital Energies [Eh]
    ---------------------

    Doubly Occupied:                                                      

       1A    -15.770832     2A    -15.769888     3A     -1.269350  
       4A     -0.870681     5A     -0.591366     6A     -0.505922  
       7A     -0.505922  

    Virtual:                                                              

       8A      0.030733     9A      0.030733    10A      0.325736  
      11A      0.600698    12A      0.601074    13A      0.601074  
      14A      0.613286    15A      0.666902    16A      0.696485  
      17A      0.696485    18A      1.060896    19A      1.081068  
      20A      1.081068    21A      1.162127    22A      1.162127  
      23A      1.401782    24A      1.401782    25A      1.805949  
      26A      1.831467    27A      1.831467    28A      1.899682  
      29A      3.104299    30A      3.104299    31A      3.219593  
      32A      3.301403    33A      3.301403    34A      3.851974  
      35A      3.851974    36A      3.856296    37A      3.856296  
      38A      3.971983    39A      3.981291    40A      4.095684  
      41A      4.095684    42A      4.258577    43A      4.258577  
      44A      4.620370    45A      4.620370    46A      4.733840  
      47A      4.733840    48A      4.784641    49A      4.918841  
      50A      4.918841    51A      4.948676    52A      4.948676  
      53A      5.011428    54A      5.011428    55A      5.317726  
      56A      5.584994    57A      5.751414    58A      5.751414  
      59A      6.022645    60A      9.168365  

    Final Occupation by Irrep:
              A 
    DOCC [     7 ]

  @RHF Final Energy:  -108.76961206343611

   => Energetics <=

    Nuclear Repulsion Energy =             18.2603403681901426
    One-Electron Energy =                -183.4919846876010752
    Two-Electron Energy =                  56.4620322559748047
    Total Energy =                       -108.7696120634361137

Computation Completed


Properties will be evaluated at   0.000000,   0.000000,   0.000000 [a0]

Properties computed using the SCF density matrix


 Multipole Moments:

 ------------------------------------------------------------------------------------
     Multipole            Electronic (a.u.)      Nuclear  (a.u.)        Total (a.u.)
 ------------------------------------------------------------------------------------

 L = 1.  Multiply by 2.5417464519 to convert [e a0] to [Debye]
 Dipole X            :          0.0000000            0.0000000            0.0000000
 Dipole Y            :          0.0000000            0.0000000            0.0000000
 Dipole Z            :         -0.0000000            0.0000000           -0.0000000
 Magnitude           :                                                    0.0000000

 ------------------------------------------------------------------------------------

*** tstop() called on asax020.asc.edu at Tue Nov  5 09:39:26 2024
Module time:
	user time   =       0.51 seconds =       0.01 minutes
	system time =       0.01 seconds =       0.00 minutes
	total time  =          1 seconds =       0.02 minutes
Total time:
	user time   =       5.34 seconds =       0.09 minutes
	system time =       0.08 seconds =       0.00 minutes
	total time  =          7 seconds =       0.12 minutes
 MINTS: Wrapper to libmints.
   by Justin Turney

   Calculation information:
      Number of threads:                 1
      Number of atoms:                   2
      Number of AO shells:              20
      Number of SO shells:              20
      Number of primitives:             52
      Number of atomic orbitals:        70
      Number of basis functions:        60

      Number of irreps:                  1
      Integral cutoff                 1.00e-12
      Number of functions per irrep: [  60 ]

 OEINTS: Overlap, kinetic, potential, dipole, and quadrupole integrals
         stored in file 35.

      Computing two-electron integrals...done
      Computed 335921 non-zero two-electron integrals.
        Stored in file 33.


*** tstart() called on asax020.asc.edu
*** at Tue Nov  5 09:39:26 2024



  Module OCC Options:
  ----------------------------------------------------------------------------
  ACTIVE                        => (empty)          
  BASIS_RELATIVISTIC            => (empty)          
  BENCH                         => (empty)          
  CACHELEVEL                    => (empty)          
  CCL_ENERGY                    => (empty)          
  CC_MAXITER                    => (empty)          
  CC_TYPE                       => (empty)          
  CEPA_OS_SCALE                 => (empty)          
  CEPA_SOS_SCALE                => (empty)          
  CEPA_SS_SCALE                 => (empty)          
  CEPA_TYPE                     => (empty)          
  CI_TYPE                       => (empty)          
  CUBEPROP_BASIS_FUNCTIONS      => (empty)          
  CUBEPROP_FILEPATH             => (empty)          
  CUBEPROP_ISOCONTOUR_THRESHOLD => (empty)          
  CUBEPROP_ORBITALS             => (empty)          
  CUBEPROP_TASKS                => (empty)          
  CUBIC_BASIS_TOLERANCE         => (empty)          
  CUBIC_BLOCK_MAX_POINTS        => (empty)          
  CUBIC_GRID_OVERAGE            => (empty)          
  CUBIC_GRID_SPACING            => (empty)          
  CUTOFF                        => (empty)          
  DEBUG                         => (empty)          
  DERTYPE                       => (empty)          
  DF_BASIS_CC                   => (empty)          
  DIE_IF_NOT_CONVERGED          => (empty)          
  DIIS_MAX_VECS                 => (empty)          
  DIIS_MIN_VECS                 => (empty)          
  DKH_ORDER                     => (empty)          
  DOCC                          => (empty)          
  DO_DIIS                       => (empty)          
  DO_LEVEL_SHIFT                => (empty)          
  DO_SCS                        => (empty)          
  DO_SOS                        => (empty)          
  E3_SCALE                      => (empty)          
  EA_POLES                      => (empty)          
  EKT_EA                        => (empty)          
  EKT_IP                        => (empty)          
  EP_EA_POLES                   => (empty)          
  EP_IP_POLES                   => (empty)          
  EP_MAXITER                    => (empty)          
  EXTERNAL_POTENTIAL_SYMMETRY   => (empty)          
  E_CONVERGENCE                 => 1e-08           !
  FREEZE_CORE                   => (empty)          
  FROZEN_DOCC                   => (empty)          
  FROZEN_UOCC                   => (empty)          
  INTEGRAL_PACKAGE              => (empty)          
  IP_POLES                      => (empty)          
  LEVEL_SHIFT                   => (empty)          
  LINEQ_SOLVER                  => (empty)          
  LITERAL_CFOUR                 => (empty)          
  MAT_NUM_COLUMN_PRINT          => (empty)          
  MAX_MOGRAD_CONVERGENCE        => (empty)          
  MAX_RADIAL_MOMENT             => (empty)          
  MBIS_D_CONVERGENCE            => (empty)          
  MBIS_MAXITER                  => (empty)          
  MBIS_PRUNING_SCHEME           => (empty)          
  MBIS_RADIAL_POINTS            => (empty)          
  MBIS_SPHERICAL_POINTS         => (empty)          
  MOGRAD_DAMPING                => (empty)          
  MOLDEN_WITH_VIRTUAL           => (empty)          
  MO_MAXITER                    => (empty)          
  MO_READ                       => (empty)          
  MO_STEP_MAX                   => (empty)          
  MO_WRITE                      => (empty)          
  MP2_OS_SCALE                  => (empty)          
  MP2_SOS_SCALE                 => (empty)          
  MP2_SOS_SCALE2                => (empty)          
  MP2_SS_SCALE                  => (empty)          
  MP2_TYPE                      => CONV            !
  MP_TYPE                       => (empty)          
  NAT_ORBS                      => (empty)          
  NUM_FROZEN_DOCC               => (empty)          
  NUM_FROZEN_UOCC               => (empty)          
  NUM_GPUS                      => (empty)          
  OCC_ORBS_PRINT                => (empty)          
  OEPROP                        => (empty)          
  OPT_METHOD                    => (empty)          
  ORB_OPT                       => FALSE           !
  ORB_RESP_SOLVER               => (empty)          
  ORTH_TYPE                     => (empty)          
  OS_SCALE                      => (empty)          
  PARENT_SYMMETRY               => (empty)          
  PCG_BETA_TYPE                 => (empty)          
  PCG_CONVERGENCE               => (empty)          
  PCG_MAXITER                   => (empty)          
  PCM                           => (empty)          
  PE                            => (empty)          
  PRINT                         => (empty)          
  PRINT_NOONS                   => (empty)          
  PROPERTIES                    => (empty)          
  PROPERTIES_ORIGIN             => (empty)          
  PUREAM                        => (empty)          
  QC_MODULE                     => (empty)          
  RAS1                          => (empty)          
  RAS2                          => (empty)          
  RAS3                          => (empty)          
  RAS4                          => (empty)          
  RELATIVISTIC                  => (empty)          
  RELAXED                       => (empty)          
  RESTRICTED_DOCC               => (empty)          
  RESTRICTED_UOCC               => (empty)          
  RMS_MOGRAD_CONVERGENCE        => (empty)          
  R_CONVERGENCE                 => (empty)          
  SCF_TYPE                      => PK              !
  SCREENING                     => (empty)          
  SCS_TYPE                      => (empty)          
  SOCC                          => (empty)          
  SOS_TYPE                      => (empty)          
  SPIN_SCALE_TYPE               => NONE            !
  SS_SCALE                      => (empty)          
  SYMMETRIZE                    => (empty)          
  TPDM_ABCD_TYPE                => (empty)          
  WFN                           => (empty)          
  WFN_TYPE                      => OMP2            !
  WRITER_FILE_LABEL             => (empty)          


 ============================================================================== 
 ============================================================================== 
 ============================================================================== 

                             MP2   
                    Program Written by Ugur Bozkaya,
              Additional Contributions by J. P. Misiewicz

 ============================================================================== 
 ============================================================================== 
 ============================================================================== 

	MO spaces per irreps... 

	IRREP   FC    OCC   VIR  FV 
	==============================
	   A     0     7    53    0
	==============================

	Memory is  64000 MB 
	Cost of iabc is      0 MB 
	Cost of abcd is     56 MB 
	Switching to the incore algorithm for iabc..
	Switching to the incore algorithm for abcd..

	Computing MP2 energy using SCF MOs (Canonical MP2)... 
	============================================================================== 
	Nuclear Repulsion Energy (a.u.)    :    18.26034036819014
	SCF Energy (a.u.)                  :  -108.76961206343611
	REF Energy (a.u.)                  :  -108.76961206343611
	Alpha-Alpha Contribution (a.u.)    :    -0.06909580993218
	Alpha-Beta Contribution (a.u.)     :    -0.37823955949722
	Beta-Beta Contribution (a.u.)      :    -0.06909580993218
	Scaled_SS Correlation Energy (a.u.):    -0.04606387328812
	Scaled_OS Correlation Energy (a.u.):    -0.45388747139666
	SCS-MP2 Total Energy (a.u.)        :  -109.26956340812089
	SOS-MP2 Total Energy (a.u.)        :  -109.26132349078249
	SCSN-MP2 Total Energy (a.u.)       :  -109.01282931439738
	SCS-MP2-VDW Total Energy (a.u.)    :  -109.32285450952473
	SOS-PI-MP2 Total Energy (a.u.)     :  -109.29914744673222
	MP2 Correlation Energy (a.u.)      :    -0.51643117936157
	MP2 Total Energy (a.u.)            :  -109.28604324279769
	============================================================================== 


*** tstop() called on asax020.asc.edu at Tue Nov  5 09:39:27 2024
Module time:
	user time   =       0.10 seconds =       0.00 minutes
	system time =       0.03 seconds =       0.00 minutes
	total time  =          1 seconds =       0.02 minutes
Total time:
	user time   =       5.61 seconds =       0.09 minutes
	system time =       0.11 seconds =       0.00 minutes
	total time  =          8 seconds =       0.13 minutes
    MP2 Energy............................................................................PASSED
