
Scratch directory: /tmp/

*** tstart() called on asax034.asc.edu
*** at Tue Nov 19 08:56:42 2024

   => Loading Basis Set <=

    Name: 6-31G
    Role: ORBITAL
    Keyword: BASIS
    atoms 1-2 entry N          line   102 file /home/aubclsd0286/.conda/envs/mp2/share/psi4/basis/6-31g.gbs 


         ---------------------------------------------------------
                                   SCF
               by Justin Turney, Rob Parrish, Andy Simmonett
                          and Daniel G. A. Smith
                              RHF Reference
                        1 Threads, 457763 MiB Core
         ---------------------------------------------------------

  ==> Geometry <==

    Molecular point group: c1
    Full point group: D_inf_h

    Geometry (in Angstrom), charge = 0, multiplicity = 1:

       Center              X                  Y                   Z               Mass       
    ------------   -----------------  -----------------  -----------------  -----------------
         N            0.000000000000     0.000000000000    -0.710000000000    14.003074004430
         N            0.000000000000     0.000000000000     0.710000000000    14.003074004430

  Running in c1 symmetry.

  Rotational constants: A = ************  B =      1.19406  C =      1.19406 [cm^-1]
  Rotational constants: A = ************  B =  35797.04043  C =  35797.04043 [MHz]
  Nuclear repulsion =   18.260340368190143

  Charge       = 0
  Multiplicity = 1
  Electrons    = 14
  Nalpha       = 7
  Nbeta        = 7

  ==> Algorithm <==

  SCF Algorithm Type is PK.
  DIIS enabled.
  MOM disabled.
  Fractional occupation disabled.
  Guess Type is SAD.
  Energy threshold   = 1.00e-08
  Density threshold  = 1.00e-08
  Integral threshold = 1.00e-12

  ==> Primary Basis <==

  Basis Set: 6-31G
    Blend: 6-31G
    Number of shells: 10
    Number of basis functions: 18
    Number of Cartesian functions: 18
    Spherical Harmonics?: false
    Max angular momentum: 1

  ==> Integral Setup <==

  Using in-core PK algorithm.
   Calculation information:
      Number of atoms:                   2
      Number of AO shells:              10
      Number of primitives:             28
      Number of atomic orbitals:        18
      Number of basis functions:        18

      Integral cutoff                 1.00e-12
      Number of threads:                 1

  Performing in-core PK
  Using 29412 doubles for integral storage.
  We computed 1539 shell quartets total.
  Whereas there are 1540 unique shell quartets.

  ==> DiskJK: Disk-Based J/K Matrices <==

    J tasked:                  Yes
    K tasked:                  Yes
    wK tasked:                  No
    Memory [MiB]:           343322
    Schwarz Cutoff:          1E-12

    OpenMP threads:              1

