
Scratch directory: /tmp/

*** tstart() called on asax019.asc.edu
*** at Sun Nov 10 17:56:50 2024

   => Loading Basis Set <=

    Name: CC-PVQZ
    Role: ORBITAL
    Keyword: BASIS
    atoms 1-2 entry O          line   339 file /home/aubclsd0286/.conda/envs/mp2/share/psi4/basis/cc-pvqz.gbs 
    atoms 3-4 entry H          line    22 file /home/aubclsd0286/.conda/envs/mp2/share/psi4/basis/cc-pvqz.gbs 


         ---------------------------------------------------------
                                   SCF
               by Justin Turney, Rob Parrish, Andy Simmonett
                          and Daniel G. A. Smith
                              RHF Reference
                        1 Threads, 457763 MiB Core
         ---------------------------------------------------------

  ==> Geometry <==

    Molecular point group: c1
    Full point group: C2h

    Geometry (in Angstrom), charge = 0, multiplicity = 1:

       Center              X                  Y                   Z               Mass       
    ------------   -----------------  -----------------  -----------------  -----------------
         O            0.000000000000     1.217650000000     0.000000000000    15.994914619570
         O            0.000000000000    -1.217650000000     0.000000000000    15.994914619570
         H           -0.895675335595     1.534297585190     0.000000000000     1.007825032230
         H            0.895675335595    -1.534297585190     0.000000000000     1.007825032230

  Running in c1 symmetry.

  Rotational constants: A =     11.50129  B =      0.32216  C =      0.31338 [cm^-1]
  Rotational constants: A = 344800.01390  B =   9658.14873  C =   9394.98696 [MHz]
  Nuclear repulsion =   25.893848032074487

  Charge       = 0
  Multiplicity = 1
  Electrons    = 18
  Nalpha       = 9
  Nbeta        = 9

  ==> Algorithm <==

  SCF Algorithm Type is PK.
  DIIS enabled.
  MOM disabled.
  Fractional occupation disabled.
  Guess Type is SAD.
  Energy threshold   = 1.00e-08
  Density threshold  = 1.00e-08
  Integral threshold = 1.00e-12

  ==> Primary Basis <==

  Basis Set: CC-PVQZ
    Blend: CC-PVQZ
    Number of shells: 50
    Number of basis functions: 170
    Number of Cartesian functions: 210
    Spherical Harmonics?: true
    Max angular momentum: 4

  ==> Integral Setup <==

  Using in-core PK algorithm.
   Calculation information:
      Number of atoms:                   4
      Number of AO shells:              50
      Number of primitives:             90
      Number of atomic orbitals:       210
      Number of basis functions:       170

      Integral cutoff                 1.00e-12
      Number of threads:                 1

  Performing in-core PK
  Using 211280760 doubles for integral storage.
  We computed 684863 shell quartets total.
  Whereas there are 813450 unique shell quartets.

  ==> DiskJK: Disk-Based J/K Matrices <==

    J tasked:                  Yes
    K tasked:                  Yes
    wK tasked:                  No
    Memory [MiB]:           343322
    Schwarz Cutoff:          1E-12

    OpenMP threads:              1

  Minimum eigenvalue in the overlap matrix is 5.2972815298E-04.
  Reciprocal condition number of the overlap matrix is 1.0690420201E-04.
    Using symmetric orthogonalization.

  ==> Pre-Iterations <==

  SCF Guess: Superposition of Atomic Densities via on-the-fly atomic UHF (no occupation information).

   -------------------------
    Irrep   Nso     Nmo    
   -------------------------
     A        170     170 
   -------------------------
    Total     170     170
   -------------------------

  ==> Iterations <==

                        Total Energy        Delta E     RMS |[F,P]|

   @RHF iter SAD:  -149.37163882875569   -1.49372e+02   0.00000e+00 
   @RHF iter   1:  -150.60252756334626   -1.23089e+00   1.86801e-03 ADIIS/DIIS
   @RHF iter   2:  -150.64555273399353   -4.30252e-02   8.94833e-04 ADIIS/DIIS
   @RHF iter   3:  -150.65280554470672   -7.25281e-03   1.58724e-04 ADIIS/DIIS
   @RHF iter   4:  -150.65343050027641   -6.24956e-04   3.54393e-05 DIIS
   @RHF iter   5:  -150.65346694591199   -3.64456e-05   8.27195e-06 DIIS
   @RHF iter   6:  -150.65347044270806   -3.49680e-06   3.12671e-06 DIIS
   @RHF iter   7:  -150.65347121098458   -7.68277e-07   1.33343e-06 DIIS
   @RHF iter   8:  -150.65347140168333   -1.90699e-07   4.76876e-07 DIIS
   @RHF iter   9:  -150.65347142454019   -2.28569e-08   1.14189e-07 DIIS
   @RHF iter  10:  -150.65347142520616   -6.65977e-10   1.90082e-08 DIIS
   @RHF iter  11:  -150.65347142522290   -1.67404e-11   2.26153e-09 DIIS
  Energy and wave function converged.


  ==> Post-Iterations <==

    Orbital Energies [Eh]
    ---------------------

    Doubly Occupied:                                                      

       1A    -20.664996     2A    -20.664946     3A     -1.340278  
       4A     -1.318449     5A     -0.683642     6A     -0.680441  
       7A     -0.566325     8A     -0.548891     9A     -0.405608  

    Virtual:                                                              

      10A     -0.090374    11A      0.121300    12A      0.146009  
      13A      0.444501    14A      0.478015    15A      0.495036  
      16A      0.506453    17A      0.535357    18A      0.612953  
      19A      0.658930    20A      0.667010    21A      0.674237  
      22A      0.680972    23A      0.698647    24A      0.746232  
      25A      0.783893    26A      0.982195    27A      1.114972  
      28A      1.139868    29A      1.143322    30A      1.153237  
      31A      1.339624    32A      1.356376    33A      1.391478  
      34A      1.461643    35A      1.476637    36A      1.500038  
      37A      1.565410    38A      1.644591    39A      1.813449  
      40A      1.894764    41A      2.187824    42A      2.192756  
      43A      2.254651    44A      2.279066    45A      2.352437  
      46A      2.365093    47A      2.401854    48A      2.423812  
      49A      2.586695    50A      2.588766    51A      2.613879  
      52A      2.615965    53A      2.651699    54A      2.665980  
      55A      2.861774    56A      2.894828    57A      2.923226  
      58A      3.027604    59A      3.137170    60A      3.239265  
      61A      3.351879    62A      3.356057    63A      3.389138  
      64A      3.398889    65A      3.458710    66A      3.468984  
      67A      3.755059    68A      3.761821    69A      3.762712  
      70A      3.763551    71A      3.805358    72A      3.860890  
      73A      4.037717    74A      4.079341    75A      4.103641  
      76A      4.104054    77A      4.128569    78A      4.210025  
      79A      4.227945    80A      4.472879    81A      4.563969  
      82A      4.747889    83A      4.808083    84A      4.849980  
      85A      4.851966    86A      4.878386    87A      5.295696  
      88A      5.304953    89A      6.068309    90A      6.068883  
      91A      6.075487    92A      6.080701    93A      6.837908  
      94A      6.842096    95A      6.851938    96A      6.864121  
      97A      7.348501    98A      7.350209    99A      7.361111  
     100A      7.367058   101A      7.433534   102A      7.473622  
     103A      7.950569   104A      7.983860   105A      8.003167  
     106A      8.062253   107A      8.066553   108A      8.079262  
     109A      8.087441   110A      8.104230   111A      8.244631  
     112A      8.246781   113A      8.829951   114A      8.840179  
     115A      8.855498   116A      8.858705   117A      8.905831  
     118A      8.928578   119A      9.299848   120A      9.300566  
     121A      9.300821   122A      9.303231   123A      9.489611  
     124A      9.492272   125A      9.493104   126A      9.493420  
     127A      9.703828   128A      9.801488   129A     10.432061  
     130A     10.441313   131A     10.454061   132A     10.454946  
     133A     10.630482   134A     10.642112   135A     10.642690  
     136A     10.655250   137A     11.221104   138A     11.234096  
     139A     11.261860   140A     11.267806   141A     11.269457  
     142A     11.271985   143A     11.418627   144A     11.440729  
     145A     11.471158   146A     11.504321   147A     11.594124  
     148A     11.607881   149A     11.623605   150A     11.638876  
     151A     11.755714   152A     11.761710   153A     12.280281  
     154A     12.301300   155A     12.325349   156A     12.328383  
     157A     12.496530   158A     12.550334   159A     12.620996  
     160A     12.802829   161A     14.122728   162A     14.178187  
     163A     14.428804   164A     14.460263   165A     14.474677  
     166A     14.475339   167A     16.581626   168A     16.593637  
     169A     42.471171   170A     42.611363  

    Final Occupation by Irrep:
              A 
    DOCC [     9 ]

  @RHF Final Energy:  -150.65347142522290

   => Energetics <=

    Nuclear Repulsion Energy =             25.8938480320744873
    One-Electron Energy =                -259.3474889165261175
    Two-Electron Energy =                  82.8001694592287407
    Total Energy =                       -150.6534714252229037

Computation Completed


Properties will be evaluated at   0.000000,   0.000000,   0.000000 [a0]

Properties computed using the SCF density matrix


 Multipole Moments:

 ------------------------------------------------------------------------------------
     Multipole            Electronic (a.u.)      Nuclear  (a.u.)        Total (a.u.)
 ------------------------------------------------------------------------------------

 L = 1.  Multiply by 2.5417464519 to convert [e a0] to [Debye]
 Dipole X            :          0.0000000            0.0000000            0.0000000
 Dipole Y            :          0.0000000            0.0000000            0.0000000
 Dipole Z            :         -0.0000000            0.0000000           -0.0000000
 Magnitude           :                                                    0.0000000

 ------------------------------------------------------------------------------------

*** tstop() called on asax019.asc.edu at Sun Nov 10 17:56:57 2024
Module time:
	user time   =       7.13 seconds =       0.12 minutes
	system time =       0.16 seconds =       0.00 minutes
	total time  =          7 seconds =       0.12 minutes
Total time:
	user time   =       7.13 seconds =       0.12 minutes
	system time =       0.16 seconds =       0.00 minutes
	total time  =          7 seconds =       0.12 minutes

Scratch directory: /tmp/

*** tstart() called on asax019.asc.edu
*** at Sun Nov 10 17:58:39 2024

   => Loading Basis Set <=

    Name: CC-PVQZ
    Role: ORBITAL
    Keyword: BASIS
    atoms 1-2 entry O          line   339 file /home/aubclsd0286/.conda/envs/mp2/share/psi4/basis/cc-pvqz.gbs 
    atoms 3-4 entry H          line    22 file /home/aubclsd0286/.conda/envs/mp2/share/psi4/basis/cc-pvqz.gbs 


         ---------------------------------------------------------
                                   SCF
               by Justin Turney, Rob Parrish, Andy Simmonett
                          and Daniel G. A. Smith
                              RHF Reference
                        1 Threads, 457763 MiB Core
         ---------------------------------------------------------

  ==> Geometry <==

    Molecular point group: c1
    Full point group: C2h

    Geometry (in Angstrom), charge = 0, multiplicity = 1:

       Center              X                  Y                   Z               Mass       
    ------------   -----------------  -----------------  -----------------  -----------------
         O            0.000000000000     1.217650000000     0.000000000000    15.994914619570
         O            0.000000000000    -1.217650000000     0.000000000000    15.994914619570
         H           -0.895675335595     1.534297585190     0.000000000000     1.007825032230
         H            0.895675335595    -1.534297585190     0.000000000000     1.007825032230

  Running in c1 symmetry.

  Rotational constants: A =     11.50129  B =      0.32216  C =      0.31338 [cm^-1]
  Rotational constants: A = 344800.01390  B =   9658.14873  C =   9394.98696 [MHz]
  Nuclear repulsion =   25.893848032074487

  Charge       = 0
  Multiplicity = 1
  Electrons    = 18
  Nalpha       = 9
  Nbeta        = 9

  ==> Algorithm <==

  SCF Algorithm Type is PK.
  DIIS enabled.
  MOM disabled.
  Fractional occupation disabled.
  Guess Type is SAD.
  Energy threshold   = 1.00e-08
  Density threshold  = 1.00e-08
  Integral threshold = 1.00e-12

  ==> Primary Basis <==

  Basis Set: CC-PVQZ
    Blend: CC-PVQZ
    Number of shells: 50
    Number of basis functions: 170
    Number of Cartesian functions: 210
    Spherical Harmonics?: true
    Max angular momentum: 4

  ==> Integral Setup <==

  Using in-core PK algorithm.
   Calculation information:
      Number of atoms:                   4
      Number of AO shells:              50
      Number of primitives:             90
      Number of atomic orbitals:       210
      Number of basis functions:       170

      Integral cutoff                 1.00e-12
      Number of threads:                 1

  Performing in-core PK
  Using 211280760 doubles for integral storage.
  We computed 684863 shell quartets total.
  Whereas there are 813450 unique shell quartets.

  ==> DiskJK: Disk-Based J/K Matrices <==

    J tasked:                  Yes
    K tasked:                  Yes
    wK tasked:                  No
    Memory [MiB]:           343322
    Schwarz Cutoff:          1E-12

    OpenMP threads:              1

  Minimum eigenvalue in the overlap matrix is 5.2972815298E-04.
  Reciprocal condition number of the overlap matrix is 1.0690420201E-04.
    Using symmetric orthogonalization.

  ==> Pre-Iterations <==

  SCF Guess: Superposition of Atomic Densities via on-the-fly atomic UHF (no occupation information).

   -------------------------
    Irrep   Nso     Nmo    
   -------------------------
     A        170     170 
   -------------------------
    Total     170     170
   -------------------------

  ==> Iterations <==

                        Total Energy        Delta E     RMS |[F,P]|

   @RHF iter SAD:  -149.37163882875569   -1.49372e+02   0.00000e+00 
   @RHF iter   1:  -150.60252756334626   -1.23089e+00   1.86801e-03 ADIIS/DIIS
   @RHF iter   2:  -150.64555273399353   -4.30252e-02   8.94833e-04 ADIIS/DIIS
   @RHF iter   3:  -150.65280554470672   -7.25281e-03   1.58724e-04 ADIIS/DIIS
   @RHF iter   4:  -150.65343050027641   -6.24956e-04   3.54393e-05 DIIS
   @RHF iter   5:  -150.65346694591199   -3.64456e-05   8.27195e-06 DIIS
   @RHF iter   6:  -150.65347044270806   -3.49680e-06   3.12671e-06 DIIS
   @RHF iter   7:  -150.65347121098458   -7.68277e-07   1.33343e-06 DIIS
   @RHF iter   8:  -150.65347140168333   -1.90699e-07   4.76876e-07 DIIS
   @RHF iter   9:  -150.65347142454019   -2.28569e-08   1.14189e-07 DIIS
   @RHF iter  10:  -150.65347142520616   -6.65977e-10   1.90082e-08 DIIS
   @RHF iter  11:  -150.65347142522290   -1.67404e-11   2.26153e-09 DIIS
  Energy and wave function converged.


  ==> Post-Iterations <==

    Orbital Energies [Eh]
    ---------------------

    Doubly Occupied:                                                      

       1A    -20.664996     2A    -20.664946     3A     -1.340278  
       4A     -1.318449     5A     -0.683642     6A     -0.680441  
       7A     -0.566325     8A     -0.548891     9A     -0.405608  

    Virtual:                                                              

      10A     -0.090374    11A      0.121300    12A      0.146009  
      13A      0.444501    14A      0.478015    15A      0.495036  
      16A      0.506453    17A      0.535357    18A      0.612953  
      19A      0.658930    20A      0.667010    21A      0.674237  
      22A      0.680972    23A      0.698647    24A      0.746232  
      25A      0.783893    26A      0.982195    27A      1.114972  
      28A      1.139868    29A      1.143322    30A      1.153237  
      31A      1.339624    32A      1.356376    33A      1.391478  
      34A      1.461643    35A      1.476637    36A      1.500038  
      37A      1.565410    38A      1.644591    39A      1.813449  
      40A      1.894764    41A      2.187824    42A      2.192756  
      43A      2.254651    44A      2.279066    45A      2.352437  
      46A      2.365093    47A      2.401854    48A      2.423812  
      49A      2.586695    50A      2.588766    51A      2.613879  
      52A      2.615965    53A      2.651699    54A      2.665980  
      55A      2.861774    56A      2.894828    57A      2.923226  
      58A      3.027604    59A      3.137170    60A      3.239265  
      61A      3.351879    62A      3.356057    63A      3.389138  
      64A      3.398889    65A      3.458710    66A      3.468984  
      67A      3.755059    68A      3.761821    69A      3.762712  
      70A      3.763551    71A      3.805358    72A      3.860890  
      73A      4.037717    74A      4.079341    75A      4.103641  
      76A      4.104054    77A      4.128569    78A      4.210025  
      79A      4.227945    80A      4.472879    81A      4.563969  
      82A      4.747889    83A      4.808083    84A      4.849980  
      85A      4.851966    86A      4.878386    87A      5.295696  
      88A      5.304953    89A      6.068309    90A      6.068883  
      91A      6.075487    92A      6.080701    93A      6.837908  
      94A      6.842096    95A      6.851938    96A      6.864121  
      97A      7.348501    98A      7.350209    99A      7.361111  
     100A      7.367058   101A      7.433534   102A      7.473622  
     103A      7.950569   104A      7.983860   105A      8.003167  
     106A      8.062253   107A      8.066553   108A      8.079262  
     109A      8.087441   110A      8.104230   111A      8.244631  
     112A      8.246781   113A      8.829951   114A      8.840179  
     115A      8.855498   116A      8.858705   117A      8.905831  
     118A      8.928578   119A      9.299848   120A      9.300566  
     121A      9.300821   122A      9.303231   123A      9.489611  
     124A      9.492272   125A      9.493104   126A      9.493420  
     127A      9.703828   128A      9.801488   129A     10.432061  
     130A     10.441313   131A     10.454061   132A     10.454946  
     133A     10.630482   134A     10.642112   135A     10.642690  
     136A     10.655250   137A     11.221104   138A     11.234096  
     139A     11.261860   140A     11.267806   141A     11.269457  
     142A     11.271985   143A     11.418627   144A     11.440729  
     145A     11.471158   146A     11.504321   147A     11.594124  
     148A     11.607881   149A     11.623605   150A     11.638876  
     151A     11.755714   152A     11.761710   153A     12.280281  
     154A     12.301300   155A     12.325349   156A     12.328383  
     157A     12.496530   158A     12.550334   159A     12.620996  
     160A     12.802829   161A     14.122728   162A     14.178187  
     163A     14.428804   164A     14.460263   165A     14.474677  
     166A     14.475339   167A     16.581626   168A     16.593637  
     169A     42.471171   170A     42.611363  

    Final Occupation by Irrep:
              A 
    DOCC [     9 ]

  @RHF Final Energy:  -150.65347142522290

   => Energetics <=

    Nuclear Repulsion Energy =             25.8938480320744873
    One-Electron Energy =                -259.3474889165261175
    Two-Electron Energy =                  82.8001694592287407
    Total Energy =                       -150.6534714252229037

Computation Completed


Properties will be evaluated at   0.000000,   0.000000,   0.000000 [a0]

Properties computed using the SCF density matrix


 Multipole Moments:

 ------------------------------------------------------------------------------------
     Multipole            Electronic (a.u.)      Nuclear  (a.u.)        Total (a.u.)
 ------------------------------------------------------------------------------------

 L = 1.  Multiply by 2.5417464519 to convert [e a0] to [Debye]
 Dipole X            :          0.0000000            0.0000000            0.0000000
 Dipole Y            :          0.0000000            0.0000000            0.0000000
 Dipole Z            :         -0.0000000            0.0000000           -0.0000000
 Magnitude           :                                                    0.0000000

 ------------------------------------------------------------------------------------

*** tstop() called on asax019.asc.edu at Sun Nov 10 17:58:46 2024
Module time:
	user time   =       6.98 seconds =       0.12 minutes
	system time =       0.14 seconds =       0.00 minutes
	total time  =          7 seconds =       0.12 minutes
Total time:
	user time   =     115.02 seconds =       1.92 minutes
	system time =       1.29 seconds =       0.02 minutes
	total time  =        116 seconds =       1.93 minutes
 MINTS: Wrapper to libmints.
   by Justin Turney

   Calculation information:
      Number of threads:                 1
      Number of atoms:                   4
      Number of AO shells:              50
      Number of SO shells:              50
      Number of primitives:             90
      Number of atomic orbitals:       210
      Number of basis functions:       170

      Number of irreps:                  1
      Integral cutoff                 1.00e-12
      Number of functions per irrep: [ 170 ]

 OEINTS: Overlap, kinetic, potential, dipole, and quadrupole integrals
         stored in file 35.

      Computing two-electron integrals...done
      Computed 36420350 non-zero two-electron integrals.
        Stored in file 33.


*** tstart() called on asax019.asc.edu
*** at Sun Nov 10 17:58:52 2024



  Module OCC Options:
  ----------------------------------------------------------------------------
  ACTIVE                        => (empty)          
  BASIS_RELATIVISTIC            => (empty)          
  BENCH                         => (empty)          
  CACHELEVEL                    => (empty)          
  CCL_ENERGY                    => (empty)          
  CC_MAXITER                    => (empty)          
  CC_TYPE                       => (empty)          
  CEPA_OS_SCALE                 => (empty)          
  CEPA_SOS_SCALE                => (empty)          
  CEPA_SS_SCALE                 => (empty)          
  CEPA_TYPE                     => (empty)          
  CI_TYPE                       => (empty)          
  CUBEPROP_BASIS_FUNCTIONS      => (empty)          
  CUBEPROP_FILEPATH             => (empty)          
  CUBEPROP_ISOCONTOUR_THRESHOLD => (empty)          
  CUBEPROP_ORBITALS             => (empty)          
  CUBEPROP_TASKS                => (empty)          
  CUBIC_BASIS_TOLERANCE         => (empty)          
  CUBIC_BLOCK_MAX_POINTS        => (empty)          
  CUBIC_GRID_OVERAGE            => (empty)          
  CUBIC_GRID_SPACING            => (empty)          
  CUTOFF                        => (empty)          
  DEBUG                         => (empty)          
  DERTYPE                       => (empty)          
  DF_BASIS_CC                   => (empty)          
  DIE_IF_NOT_CONVERGED          => (empty)          
  DIIS_MAX_VECS                 => (empty)          
  DIIS_MIN_VECS                 => (empty)          
  DKH_ORDER                     => (empty)          
  DOCC                          => (empty)          
  DO_DIIS                       => (empty)          
  DO_LEVEL_SHIFT                => (empty)          
  DO_SCS                        => (empty)          
  DO_SOS                        => (empty)          
  E3_SCALE                      => (empty)          
  EA_POLES                      => (empty)          
  EKT_EA                        => (empty)          
  EKT_IP                        => (empty)          
  EP_EA_POLES                   => (empty)          
  EP_IP_POLES                   => (empty)          
  EP_MAXITER                    => (empty)          
  EXTERNAL_POTENTIAL_SYMMETRY   => (empty)          
  E_CONVERGENCE                 => 1e-08           !
  FREEZE_CORE                   => (empty)          
  FROZEN_DOCC                   => (empty)          
  FROZEN_UOCC                   => (empty)          
  INTEGRAL_PACKAGE              => (empty)          
  IP_POLES                      => (empty)          
  LEVEL_SHIFT                   => (empty)          
  LINEQ_SOLVER                  => (empty)          
  LITERAL_CFOUR                 => (empty)          
  MAT_NUM_COLUMN_PRINT          => (empty)          
  MAX_MOGRAD_CONVERGENCE        => (empty)          
  MAX_RADIAL_MOMENT             => (empty)          
  MBIS_D_CONVERGENCE            => (empty)          
  MBIS_MAXITER                  => (empty)          
  MBIS_PRUNING_SCHEME           => (empty)          
  MBIS_RADIAL_POINTS            => (empty)          
  MBIS_SPHERICAL_POINTS         => (empty)          
  MOGRAD_DAMPING                => (empty)          
  MOLDEN_WITH_VIRTUAL           => (empty)          
  MO_MAXITER                    => (empty)          
  MO_READ                       => (empty)          
  MO_STEP_MAX                   => (empty)          
  MO_WRITE                      => (empty)          
  MP2_OS_SCALE                  => (empty)          
  MP2_SOS_SCALE                 => (empty)          
  MP2_SOS_SCALE2                => (empty)          
  MP2_SS_SCALE                  => (empty)          
  MP2_TYPE                      => CONV            !
  MP_TYPE                       => (empty)          
  NAT_ORBS                      => (empty)          
  NUM_FROZEN_DOCC               => (empty)          
  NUM_FROZEN_UOCC               => (empty)          
  NUM_GPUS                      => (empty)          
  OCC_ORBS_PRINT                => (empty)          
  OEPROP                        => (empty)          
  OPT_METHOD                    => (empty)          
  ORB_OPT                       => FALSE           !
  ORB_RESP_SOLVER               => (empty)          
  ORTH_TYPE                     => (empty)          
  OS_SCALE                      => (empty)          
  PARENT_SYMMETRY               => (empty)          
  PCG_BETA_TYPE                 => (empty)          
  PCG_CONVERGENCE               => (empty)          
  PCG_MAXITER                   => (empty)          
  PCM                           => (empty)          
  PE                            => (empty)          
  PRINT                         => (empty)          
  PRINT_NOONS                   => (empty)          
  PROPERTIES                    => (empty)          
  PROPERTIES_ORIGIN             => (empty)          
  PUREAM                        => (empty)          
  QC_MODULE                     => (empty)          
  RAS1                          => (empty)          
  RAS2                          => (empty)          
  RAS3                          => (empty)          
  RAS4                          => (empty)          
  RELATIVISTIC                  => (empty)          
  RELAXED                       => (empty)          
  RESTRICTED_DOCC               => (empty)          
  RESTRICTED_UOCC               => (empty)          
  RMS_MOGRAD_CONVERGENCE        => (empty)          
  R_CONVERGENCE                 => (empty)          
  SCF_TYPE                      => PK              !
  SCREENING                     => (empty)          
  SCS_TYPE                      => (empty)          
  SOCC                          => (empty)          
  SOS_TYPE                      => (empty)          
  SPIN_SCALE_TYPE               => NONE            !
  SS_SCALE                      => (empty)          
  SYMMETRIZE                    => (empty)          
  TPDM_ABCD_TYPE                => (empty)          
  WFN                           => (empty)          
  WFN_TYPE                      => OMP2            !
  WRITER_FILE_LABEL             => (empty)          


 ============================================================================== 
 ============================================================================== 
 ============================================================================== 

                             MP2   
                    Program Written by Ugur Bozkaya,
              Additional Contributions by J. P. Misiewicz

 ============================================================================== 
 ============================================================================== 
 ============================================================================== 

	MO spaces per irreps... 

	IRREP   FC    OCC   VIR  FV 
	==============================
	   A     0     9   161    0
	==============================

	Memory is 480000 MB 
	Cost of iabc is    280 MB 
	Cost of abcd is   5120 MB 
	Switching to the incore algorithm for iabc..
	Switching to the incore algorithm for abcd..

	Computing MP2 energy using SCF MOs (Canonical MP2)... 
	============================================================================== 
	Nuclear Repulsion Energy (a.u.)    :    25.89384803207449
	SCF Energy (a.u.)                  :  -150.65347142522290
	REF Energy (a.u.)                  :  -150.65347142522290
	Alpha-Alpha Contribution (a.u.)    :    -0.07206636459448
	Alpha-Beta Contribution (a.u.)     :    -0.53489773636920
	Beta-Beta Contribution (a.u.)      :    -0.07206636459448
	Scaled_SS Correlation Energy (a.u.):    -0.04804424306299
	Scaled_OS Correlation Energy (a.u.):    -0.64187728364304
	SCS-MP2 Total Energy (a.u.)        :  -151.34339295192891
	SOS-MP2 Total Energy (a.u.)        :  -151.34883848250286
	SCSN-MP2 Total Energy (a.u.)       :  -150.90714502859549
	SCS-MP2-VDW Total Energy (a.u.)    :  -151.41020689236996
	SOS-PI-MP2 Total Energy (a.u.)     :  -151.40232825613978
	MP2 Correlation Energy (a.u.)      :    -0.67903046555816
	MP2 Total Energy (a.u.)            :  -151.33250189078106
	============================================================================== 


*** tstop() called on asax019.asc.edu at Sun Nov 10 17:59:02 2024
Module time:
	user time   =       8.96 seconds =       0.15 minutes
	system time =       1.18 seconds =       0.02 minutes
	total time  =         10 seconds =       0.17 minutes
Total time:
	user time   =     129.13 seconds =       2.15 minutes
	system time =       2.68 seconds =       0.04 minutes
	total time  =        132 seconds =       2.20 minutes
    MP2 Energy............................................................................PASSED
