
Scratch directory: /tmp/

*** tstart() called on asax026.asc.edu

*** at Wed Dec  4 15:47:21 2024



   => Loading Basis Set <=

    Name: CC-PVTZ
    Role: ORBITAL
    Keyword: BASIS
    atoms 1-2 entry O          line   262 file /home/aubclsd0286/.conda/envs/mp2/share/psi4/basis/cc-pvtz.gbs 
    atoms 3-4 entry H          line    23 file /home/aubclsd0286/.conda/envs/mp2/share/psi4/basis/cc-pvtz.gbs 


         ---------------------------------------------------------
                                   SCF
               by Justin Turney, Rob Parrish, Andy Simmonett
                          and Daniel G. A. Smith
                              RHF Reference
                        1 Threads, 457763 MiB Core
         ---------------------------------------------------------

  ==> Geometry <==

    Molecular point group: c1
    Full point group: C2h

    Geometry (in Angstrom), charge = 0, multiplicity = 1:

       Center              X                  Y                   Z               Mass       
    ------------   -----------------  -----------------  -----------------  -----------------
         O            0.000000000000     1.217650000000     0.000000000000    15.994914619570
         O            0.000000000000    -1.217650000000     0.000000000000    15.994914619570
         H           -0.895675335595     1.534297585190     0.000000000000     1.007825032230
         H            0.895675335595    -1.534297585190     0.000000000000     1.007825032230

  Running in c1 symmetry.

  Rotational constants: A =     11.50129  B =      0.32216  C =      0.31338 [cm^-1]
  Rotational constants: A = 344800.01390  B =   9658.14873  C =   9394.98696 [MHz]
  Nuclear repulsion =   25.893848032074487

  Charge       = 0
  Multiplicity = 1
  Electrons    = 18
  Nalpha       = 9
  Nbeta        = 9

  ==> Algorithm <==

  SCF Algorithm Type is PK.
  DIIS enabled.
  MOM disabled.
  Fractional occupation disabled.
  Guess Type is SAD.
  Energy threshold   = 1.00e-08
  Density threshold  = 1.00e-08
  Integral threshold = 1.00e-12

  ==> Primary Basis <==

  Basis Set: CC-PVTZ
    Blend: CC-PVTZ
    Number of shells: 32
    Number of basis functions: 88
    Number of Cartesian functions: 100
    Spherical Harmonics?: true
    Max angular momentum: 3

  ==> Integral Setup <==

  Using in-core PK algorithm.
   Calculation information:
      Number of atoms:                   4
      Number of AO shells:              32
      Number of primitives:             68
      Number of atomic orbitals:       100
      Number of basis functions:        88

      Integral cutoff                 1.00e-12
      Number of threads:                 1

  Performing in-core PK
  Using 15338972 doubles for integral storage.
  We computed 134013 shell quartets total.
  Whereas there are 139656 unique shell quartets.

  ==> DiskJK: Disk-Based J/K Matrices <==

    J tasked:                  Yes
    K tasked:                  Yes
    wK tasked:                  No
    Memory [MiB]:           343322
    Schwarz Cutoff:          1E-12

    OpenMP threads:              1

  Minimum eigenvalue in the overlap matrix is 3.4232226254E-03.
  Reciprocal condition number of the overlap matrix is 8.4814967549E-04.
    Using symmetric orthogonalization.

  ==> Pre-Iterations <==

  SCF Guess: Superposition of Atomic Densities via on-the-fly atomic UHF (no occupation information).

   -------------------------
    Irrep   Nso     Nmo    
   -------------------------
     A         88      88 
   -------------------------
    Total      88      88
   -------------------------

  ==> Iterations <==

                        Total Energy        Delta E     RMS |[F,P]|

   @RHF iter SAD:  -149.36734226624597   -1.49367e+02   0.00000e+00 
   @RHF iter   1:  -150.59076477382868   -1.22342e+00   3.52874e-03 ADIIS/DIIS
   @RHF iter   2:  -150.63289098149022   -4.21262e-02   1.64975e-03 ADIIS/DIIS
   @RHF iter   3:  -150.63947316165206   -6.58218e-03   2.95568e-04 ADIIS/DIIS
   @RHF iter   4:  -150.64003792137711   -5.64760e-04   6.26746e-05 DIIS

   @RHF iter   5:  -150.64006847677712   -3.05554e-05   1.53748e-05 DIIS
   @RHF iter   6:  -150.64007195723352   -3.48046e-06   6.41948e-06 DIIS
   @RHF iter   7:  -150.64007294088296   -9.83649e-07   2.57653e-06 DIIS
   @RHF iter   8:  -150.64007314131010   -2.00427e-07   6.49757e-07 DIIS
   @RHF iter   9:  -150.64007315193754   -1.06274e-08   1.10863e-07 DIIS
   @RHF iter  10:  -150.64007315203540   -9.78559e-11   2.25876e-08 DIIS
   @RHF iter  11:  -150.64007315204145   -6.05382e-12   3.17836e-09 DIIS
  Energy and wave function converged.


  ==> Post-Iterations <==

    Orbital Energies [Eh]
    ---------------------

    Doubly Occupied:                                                      

       1A    -20.660273     2A    -20.660223     3A     -1.336601  
       4A     -1.314725     5A     -0.679250     6A     -0.675975  
       7A     -0.562044     8A     -0.544704     9A     -0.401547  

    Virtual:                                                              

      10A     -0.085152    11A      0.145780    12A      0.173188  
      13A      0.537327    14A      0.587491    15A      0.685948  
      16A      0.704923    17A      0.719265    18A      0.808983  
      19A      0.843668    20A      0.873974    21A      0.877204  
      22A      0.909948    23A      0.914831    24A      0.923586  
      25A      1.040941    26A      1.344215    27A      1.516221  
      28A      1.537629    29A      1.661058    30A      1.677531  
      31A      1.767828    32A      1.952070    33A      2.021112  
      34A      2.047541    35A      2.051731    36A      2.055438  
      37A      2.179706    38A      2.199518    39A      2.798799  
      40A      2.838767    41A      3.479759    42A      3.481781  
      43A      3.494282    44A      3.508940    45A      3.742480  
      46A      3.748556    47A      3.750745    48A      3.780211  
      49A      3.975940    50A      4.028693    51A      4.036417  
      52A      4.044054    53A      4.105530    54A      4.113435  
      55A      4.439480    56A      4.452188    57A      4.458886  
      58A      4.463673    59A      4.816043    60A      4.834727  
      61A      5.090512    62A      5.156250    63A      5.528271  
      64A      5.528977    65A      5.533130    66A      5.546079  
      67A      5.816492    68A      5.817040    69A      5.819647  
      70A      5.830867    71A      6.630900    72A      6.656393  
      73A      6.721411    74A      6.762389    75A      6.850689  
      76A      6.864890    77A      6.865541    78A      6.869751  
      79A      6.892024    80A      7.053896    81A      7.084378  
      82A      7.094470    83A      7.094857    84A      7.098419  
      85A      7.529904    86A      7.577522    87A     10.991018  
      88A     11.104085  

    Final Occupation by Irrep:
              A 
    DOCC [     9 ]

  @RHF Final Energy:  -150.64007315204145

   => Energetics <=

    Nuclear Repulsion Energy =             25.8938480320744873
    One-Electron Energy =                -259.3971571321153533
    Two-Electron Energy =                  82.8632359479994278
    Total Energy =                       -150.6400731520414524

Computation Completed


Properties will be evaluated at   0.000000,   0.000000,   0.000000 [a0]

Properties computed using the SCF density matrix


 Multipole Moments:

 ------------------------------------------------------------------------------------
     Multipole            Electronic (a.u.)      Nuclear  (a.u.)        Total (a.u.)
 ------------------------------------------------------------------------------------

 L = 1.  Multiply by 2.5417464519 to convert [e a0] to [Debye]
 Dipole X            :          0.0000000            0.0000000            0.0000000
 Dipole Y            :          0.0000000            0.0000000            0.0000000
 Dipole Z            :         -0.0000000            0.0000000           -0.0000000
 Magnitude           :                                                    0.0000000

 ------------------------------------------------------------------------------------

*** tstop() called on asax026.asc.edu at Wed Dec  4 15:47:23 2024
Module time:
	user time   =       1.69 seconds =       0.03 minutes
	system time =       0.61 seconds =       0.01 minutes
	total time  =          2 seconds =       0.03 minutes
Total time:
	user time   =       1.69 seconds =       0.03 minutes
	system time =       0.61 seconds =       0.01 minutes
	total time  =          2 seconds =       0.03 minutes


Scratch directory: /tmp/

*** tstart() called on asax026.asc.edu

*** at Wed Dec  4 15:47:35 2024


   => Loading Basis Set <=

    Name: CC-PVTZ
    Role: ORBITAL
    Keyword: BASIS
    atoms 1-2 entry O          line   262 file /home/aubclsd0286/.conda/envs/mp2/share/psi4/basis/cc-pvtz.gbs 
    atoms 3-4 entry H          line    23 file /home/aubclsd0286/.conda/envs/mp2/share/psi4/basis/cc-pvtz.gbs 


         ---------------------------------------------------------
                                   SCF
               by Justin Turney, Rob Parrish, Andy Simmonett
                          and Daniel G. A. Smith
                              RHF Reference
                        1 Threads, 457763 MiB Core
         ---------------------------------------------------------

  ==> Geometry <==

    Molecular point group: c1
    Full point group: C2h

    Geometry (in Angstrom), charge = 0, multiplicity = 1:

       Center              X                  Y                   Z               Mass       
    ------------   -----------------  -----------------  -----------------  -----------------
         O            0.000000000000     1.217650000000     0.000000000000    15.994914619570
         O            0.000000000000    -1.217650000000     0.000000000000    15.994914619570
         H           -0.895675335595     1.534297585190     0.000000000000     1.007825032230
         H            0.895675335595    -1.534297585190     0.000000000000     1.007825032230

  Running in c1 symmetry.

  Rotational constants: A =     11.50129  B =      0.32216  C =      0.31338 [cm^-1]
  Rotational constants: A = 344800.01390  B =   9658.14873  C =   9394.98696 [MHz]
  Nuclear repulsion =   25.893848032074487

  Charge       = 0
  Multiplicity = 1
  Electrons    = 18
  Nalpha       = 9
  Nbeta        = 9

  ==> Algorithm <==

  SCF Algorithm Type is PK.
  DIIS enabled.
  MOM disabled.
  Fractional occupation disabled.
  Guess Type is SAD.
  Energy threshold   = 1.00e-08
  Density threshold  = 1.00e-08
  Integral threshold = 1.00e-12

  ==> Primary Basis <==

  Basis Set: CC-PVTZ
    Blend: CC-PVTZ
    Number of shells: 32
    Number of basis functions: 88
    Number of Cartesian functions: 100
    Spherical Harmonics?: true
    Max angular momentum: 3

  ==> Integral Setup <==

  Using in-core PK algorithm.
   Calculation information:
      Number of atoms:                   4
      Number of AO shells:              32
      Number of primitives:             68
      Number of atomic orbitals:       100
      Number of basis functions:        88

      Integral cutoff                 1.00e-12
      Number of threads:                 1

  Performing in-core PK
  Using 15338972 doubles for integral storage.
  We computed 134013 shell quartets total.
  Whereas there are 139656 unique shell quartets.

  ==> DiskJK: Disk-Based J/K Matrices <==

    J tasked:                  Yes
    K tasked:                  Yes
    wK tasked:                  No
    Memory [MiB]:           343322
    Schwarz Cutoff:          1E-12

    OpenMP threads:              1

  Minimum eigenvalue in the overlap matrix is 3.4232226254E-03.
  Reciprocal condition number of the overlap matrix is 8.4814967549E-04.
    Using symmetric orthogonalization.

  ==> Pre-Iterations <==

  SCF Guess: Superposition of Atomic Densities via on-the-fly atomic UHF (no occupation information).

   -------------------------
    Irrep   Nso     Nmo    
   -------------------------
     A         88      88 
   -------------------------
    Total      88      88
   -------------------------

  ==> Iterations <==

                        Total Energy        Delta E     RMS |[F,P]|

   @RHF iter SAD:  -149.36734226624597   -1.49367e+02   0.00000e+00 
   @RHF iter   1:  -150.59076477382868   -1.22342e+00   3.52874e-03 ADIIS/DIIS
   @RHF iter   2:  -150.63289098149022   -4.21262e-02   1.64975e-03 ADIIS/DIIS
   @RHF iter   3:  -150.63947316165206   -6.58218e-03   2.95568e-04 ADIIS/DIIS
   @RHF iter   4:  -150.64003792137711   -5.64760e-04   6.26746e-05 DIIS

   @RHF iter   5:  -150.64006847677712   -3.05554e-05   1.53748e-05 DIIS
   @RHF iter   6:  -150.64007195723352   -3.48046e-06   6.41948e-06 DIIS
   @RHF iter   7:  -150.64007294088296   -9.83649e-07   2.57653e-06 DIIS
   @RHF iter   8:  -150.64007314131010   -2.00427e-07   6.49757e-07 DIIS
   @RHF iter   9:  -150.64007315193754   -1.06274e-08   1.10863e-07 DIIS
   @RHF iter  10:  -150.64007315203540   -9.78559e-11   2.25876e-08 DIIS
   @RHF iter  11:  -150.64007315204145   -6.05382e-12   3.17836e-09 DIIS
  Energy and wave function converged.


  ==> Post-Iterations <==

    Orbital Energies [Eh]
    ---------------------

    Doubly Occupied:                                                      

       1A    -20.660273     2A    -20.660223     3A     -1.336601  
       4A     -1.314725     5A     -0.679250     6A     -0.675975  
       7A     -0.562044     8A     -0.544704     9A     -0.401547  

    Virtual:                                                              

      10A     -0.085152    11A      0.145780    12A      0.173188  
      13A      0.537327    14A      0.587491    15A      0.685948  
      16A      0.704923    17A      0.719265    18A      0.808983  
      19A      0.843668    20A      0.873974    21A      0.877204  
      22A      0.909948    23A      0.914831    24A      0.923586  
      25A      1.040941    26A      1.344215    27A      1.516221  
      28A      1.537629    29A      1.661058    30A      1.677531  
      31A      1.767828    32A      1.952070    33A      2.021112  
      34A      2.047541    35A      2.051731    36A      2.055438  
      37A      2.179706    38A      2.199518    39A      2.798799  
      40A      2.838767    41A      3.479759    42A      3.481781  
      43A      3.494282    44A      3.508940    45A      3.742480  
      46A      3.748556    47A      3.750745    48A      3.780211  
      49A      3.975940    50A      4.028693    51A      4.036417  
      52A      4.044054    53A      4.105530    54A      4.113435  
      55A      4.439480    56A      4.452188    57A      4.458886  
      58A      4.463673    59A      4.816043    60A      4.834727  
      61A      5.090512    62A      5.156250    63A      5.528271  
      64A      5.528977    65A      5.533130    66A      5.546079  
      67A      5.816492    68A      5.817040    69A      5.819647  
      70A      5.830867    71A      6.630900    72A      6.656393  
      73A      6.721411    74A      6.762389    75A      6.850689  
      76A      6.864890    77A      6.865541    78A      6.869751  
      79A      6.892024    80A      7.053896    81A      7.084378  
      82A      7.094470    83A      7.094857    84A      7.098419  
      85A      7.529904    86A      7.577522    87A     10.991018  
      88A     11.104085  

    Final Occupation by Irrep:
              A 
    DOCC [     9 ]

  @RHF Final Energy:  -150.64007315204145

   => Energetics <=

    Nuclear Repulsion Energy =             25.8938480320744873
    One-Electron Energy =                -259.3971571321153533
    Two-Electron Energy =                  82.8632359479994278
    Total Energy =                       -150.6400731520414524

Computation Completed


Properties will be evaluated at   0.000000,   0.000000,   0.000000 [a0]

Properties computed using the SCF density matrix


 Multipole Moments:

 ------------------------------------------------------------------------------------
     Multipole            Electronic (a.u.)      Nuclear  (a.u.)        Total (a.u.)
 ------------------------------------------------------------------------------------

 L = 1.  Multiply by 2.5417464519 to convert [e a0] to [Debye]
 Dipole X            :          0.0000000            0.0000000            0.0000000
 Dipole Y            :          0.0000000            0.0000000            0.0000000
 Dipole Z            :         -0.0000000            0.0000000           -0.0000000
 Magnitude           :                                                    0.0000000

 ------------------------------------------------------------------------------------


*** tstop() called on asax026.asc.edu at Wed Dec  4 15:47:37 2024
Module time:
	user time   =       1.43 seconds =       0.02 minutes
	system time =       0.48 seconds =       0.01 minutes
	total time  =          2 seconds =       0.03 minutes
Total time:
	user time   =      14.43 seconds =       0.24 minutes
	system time =       1.48 seconds =       0.02 minutes
	total time  =         16 seconds =       0.27 minutes
  
 MINTS: Wrapper to libmints.
   by Justin Turney

   Calculation information:
      Number of threads:                 1
      Number of atoms:                   4
      Number of AO shells:              32
      Number of SO shells:              32
      Number of primitives:             68
      Number of atomic orbitals:       100
      Number of basis functions:        88

      Number of irreps:                  1
      Integral cutoff                 1.00e-12
      Number of functions per irrep: [  88 ]

 OEINTS: Overlap, kinetic, potential, dipole, and quadrupole integrals
         stored in file 35.

      Computing two-electron integrals...done
      Computed 3064703 non-zero two-electron integrals.
        Stored in file 33.


*** tstart() called on asax026.asc.edu

*** at Wed Dec  4 15:47:37 2024




  Module OCC Options:
  ----------------------------------------------------------------------------
  ACTIVE                        => (empty)          
  BASIS_RELATIVISTIC            => (empty)          
  BENCH                         => (empty)          
  CACHELEVEL                    => (empty)          
  CCL_ENERGY                    => (empty)          
  CC_MAXITER                    => (empty)          
  CC_TYPE                       => (empty)          
  CEPA_OS_SCALE                 => (empty)          
  CEPA_SOS_SCALE                => (empty)          
  CEPA_SS_SCALE                 => (empty)          
  CEPA_TYPE                     => (empty)          
  CI_TYPE                       => (empty)          
  CUBEPROP_BASIS_FUNCTIONS      => (empty)          
  CUBEPROP_FILEPATH             => (empty)          
  CUBEPROP_ISOCONTOUR_THRESHOLD => (empty)          
  CUBEPROP_ORBITALS             => (empty)          
  CUBEPROP_TASKS                => (empty)          
  CUBIC_BASIS_TOLERANCE         => (empty)          
  CUBIC_BLOCK_MAX_POINTS        => (empty)          
  CUBIC_GRID_OVERAGE            => (empty)          
  CUBIC_GRID_SPACING            => (empty)          
  CUTOFF                        => (empty)          
  DEBUG                         => (empty)          
  DERTYPE                       => (empty)          
  DF_BASIS_CC                   => (empty)          
  DIE_IF_NOT_CONVERGED          => (empty)          
  DIIS_MAX_VECS                 => (empty)          
  DIIS_MIN_VECS                 => (empty)          
  DKH_ORDER                     => (empty)          
  DOCC                          => (empty)          
  DO_DIIS                       => (empty)          
  DO_LEVEL_SHIFT                => (empty)          
  DO_SCS                        => (empty)          
  DO_SOS                        => (empty)          
  E3_SCALE                      => (empty)          
  EA_POLES                      => (empty)          
  EKT_EA                        => (empty)          
  EKT_IP                        => (empty)          
  EP_EA_POLES                   => (empty)          
  EP_IP_POLES                   => (empty)          
  EP_MAXITER                    => (empty)          
  EXTERNAL_POTENTIAL_SYMMETRY   => (empty)          
  E_CONVERGENCE                 => 1e-08           !
  FREEZE_CORE                   => (empty)          
  FROZEN_DOCC                   => (empty)          
  FROZEN_UOCC                   => (empty)          
  INTEGRAL_PACKAGE              => (empty)          
  IP_POLES                      => (empty)          
  LEVEL_SHIFT                   => (empty)          
  LINEQ_SOLVER                  => (empty)          
  LITERAL_CFOUR                 => (empty)          
  MAT_NUM_COLUMN_PRINT          => (empty)          
  MAX_MOGRAD_CONVERGENCE        => (empty)          
  MAX_RADIAL_MOMENT             => (empty)          
  MBIS_D_CONVERGENCE            => (empty)          
  MBIS_MAXITER                  => (empty)          
  MBIS_PRUNING_SCHEME           => (empty)          
  MBIS_RADIAL_POINTS            => (empty)          
  MBIS_SPHERICAL_POINTS         => (empty)          
  MOGRAD_DAMPING                => (empty)          
  MOLDEN_WITH_VIRTUAL           => (empty)          
  MO_MAXITER                    => (empty)          
  MO_READ                       => (empty)          
  MO_STEP_MAX                   => (empty)          
  MO_WRITE                      => (empty)          
  MP2_OS_SCALE                  => (empty)          
  MP2_SOS_SCALE                 => (empty)          
  MP2_SOS_SCALE2                => (empty)          
  MP2_SS_SCALE                  => (empty)          
  MP2_TYPE                      => CONV            !
  MP_TYPE                       => (empty)          
  NAT_ORBS                      => (empty)          
  NUM_FROZEN_DOCC               => (empty)          
  NUM_FROZEN_UOCC               => (empty)          
  NUM_GPUS                      => (empty)          
  OCC_ORBS_PRINT                => (empty)          
  OEPROP                        => (empty)          
  OPT_METHOD                    => (empty)          
  ORB_OPT                       => FALSE           !
  ORB_RESP_SOLVER               => (empty)          
  ORTH_TYPE                     => (empty)          
  OS_SCALE                      => (empty)          
  PARENT_SYMMETRY               => (empty)          
  PCG_BETA_TYPE                 => (empty)          
  PCG_CONVERGENCE               => (empty)          
  PCG_MAXITER                   => (empty)          
  PCM                           => (empty)          
  PE                            => (empty)          
  PRINT                         => (empty)          
  PRINT_NOONS                   => (empty)          
  PROPERTIES                    => (empty)          
  PROPERTIES_ORIGIN             => (empty)          
  PUREAM                        => (empty)          
  QC_MODULE                     => (empty)          
  RAS1                          => (empty)          
  RAS2                          => (empty)          
  RAS3                          => (empty)          
  RAS4                          => (empty)          
  RELATIVISTIC                  => (empty)          
  RELAXED                       => (empty)          
  RESTRICTED_DOCC               => (empty)          
  RESTRICTED_UOCC               => (empty)          
  RMS_MOGRAD_CONVERGENCE        => (empty)          
  R_CONVERGENCE                 => (empty)          
  SCF_TYPE                      => PK              !
  SCREENING                     => (empty)          
  SCS_TYPE                      => (empty)          
  SOCC                          => (empty)          
  SOS_TYPE                      => (empty)          
  SPIN_SCALE_TYPE               => NONE            !
  SS_SCALE                      => (empty)          
  SYMMETRIZE                    => (empty)          
  TPDM_ABCD_TYPE                => (empty)          
  WFN                           => (empty)          
  WFN_TYPE                      => OMP2            !
  WRITER_FILE_LABEL             => (empty)          


 ============================================================================== 
 ============================================================================== 
 ============================================================================== 

                             MP2   
                    Program Written by Ugur Bozkaya,
              Additional Contributions by J. P. Misiewicz

 ============================================================================== 
 ============================================================================== 
 ============================================================================== 

	MO spaces per irreps... 

	IRREP   FC    OCC   VIR  FV 
	==============================
	   A     0     9    79    0
	==============================

	Memory is 480000 MB 
	Cost of iabc is     32 MB 
	Cost of abcd is    296 MB 
	Switching to the incore algorithm for iabc..
	Switching to the incore algorithm for abcd..

	Computing MP2 energy using SCF MOs (Canonical MP2)... 
	============================================================================== 
	Nuclear Repulsion Energy (a.u.)    :    25.89384803207449
	SCF Energy (a.u.)                  :  -150.64007315204145
	REF Energy (a.u.)                  :  -150.64007315204145
	Alpha-Alpha Contribution (a.u.)    :    -0.06670452754156
	Alpha-Beta Contribution (a.u.)     :    -0.47310321298866
	Beta-Beta Contribution (a.u.)      :    -0.06670452754156
	Scaled_SS Correlation Energy (a.u.):    -0.04446968502771
	Scaled_OS Correlation Energy (a.u.):    -0.56772385558639
	SCS-MP2 Total Energy (a.u.)        :  -151.25226669265555
	SOS-MP2 Total Energy (a.u.)        :  -151.25510732892670
	SCSN-MP2 Total Energy (a.u.)       :  -150.87487308898778
	SCS-MP2-VDW Total Energy (a.u.)    :  -151.31234979220849
	SOS-PI-MP2 Total Energy (a.u.)     :  -151.30241765022558
	MP2 Correlation Energy (a.u.)      :    -0.60651226807179
	MP2 Total Energy (a.u.)            :  -151.24658542011323
	============================================================================== 



*** tstop() called on asax026.asc.edu at Wed Dec  4 15:47:39 2024
Module time:
	user time   =       0.90 seconds =       0.02 minutes
	system time =       0.73 seconds =       0.01 minutes
	total time  =          2 seconds =       0.03 minutes
Total time:
	user time   =      15.95 seconds =       0.27 minutes
	system time =       2.33 seconds =       0.04 minutes
	total time  =         18 seconds =       0.30 minutes

    MP2 Energy............................................................................PASSED
