
Scratch directory: /tmp/

*** tstart() called on asax026.asc.edu

*** at Wed Dec  4 15:10:16 2024


   => Loading Basis Set <=

    Name: CC-PVDZ
    Role: ORBITAL
    Keyword: BASIS
    atoms 1-2 entry O          line   198 file /home/aubclsd0286/.conda/envs/mp2/share/psi4/basis/cc-pvdz.gbs 
    atoms 3-4 entry H          line    22 file /home/aubclsd0286/.conda/envs/mp2/share/psi4/basis/cc-pvdz.gbs 


         ---------------------------------------------------------
                                   SCF
               by Justin Turney, Rob Parrish, Andy Simmonett
                          and Daniel G. A. Smith
                              RHF Reference
                        1 Threads, 457763 MiB Core
         ---------------------------------------------------------

  ==> Geometry <==

    Molecular point group: c1
    Full point group: C2h

    Geometry (in Angstrom), charge = 0, multiplicity = 1:

       Center              X                  Y                   Z               Mass       
    ------------   -----------------  -----------------  -----------------  -----------------
         O            0.000000000000     1.217650000000     0.000000000000    15.994914619570
         O            0.000000000000    -1.217650000000     0.000000000000    15.994914619570
         H           -0.895675335595     1.534297585190     0.000000000000     1.007825032230
         H            0.895675335595    -1.534297585190     0.000000000000     1.007825032230

  Running in c1 symmetry.

  Rotational constants: A =     11.50129  B =      0.32216  C =      0.31338 [cm^-1]
  Rotational constants: A = 344800.01390  B =   9658.14873  C =   9394.98696 [MHz]
  Nuclear repulsion =   25.893848032074487

  Charge       = 0
  Multiplicity = 1
  Electrons    = 18
  Nalpha       = 9
  Nbeta        = 9

  ==> Algorithm <==

  SCF Algorithm Type is PK.
  DIIS enabled.
  MOM disabled.
  Fractional occupation disabled.
  Guess Type is SAD.
  Energy threshold   = 1.00e-08
  Density threshold  = 1.00e-08
  Integral threshold = 1.00e-12

  ==> Primary Basis <==

  Basis Set: CC-PVDZ
    Blend: CC-PVDZ
    Number of shells: 18
    Number of basis functions: 38
    Number of Cartesian functions: 40
    Spherical Harmonics?: true
    Max angular momentum: 2

  ==> Integral Setup <==

  Using in-core PK algorithm.
   Calculation information:
      Number of atoms:                   4
      Number of AO shells:              18
      Number of primitives:             54
      Number of atomic orbitals:        40
      Number of basis functions:        38

      Integral cutoff                 1.00e-12
      Number of threads:                 1

  Performing in-core PK
  Using 549822 doubles for integral storage.
  We computed 14638 shell quartets total.
  Whereas there are 14706 unique shell quartets.

  ==> DiskJK: Disk-Based J/K Matrices <==

    J tasked:                  Yes
    K tasked:                  Yes
    wK tasked:                  No
    Memory [MiB]:           343322
    Schwarz Cutoff:          1E-12

    OpenMP threads:              1

  Minimum eigenvalue in the overlap matrix is 4.7662986881E-02.
  Reciprocal condition number of the overlap matrix is 1.5997801151E-02.
    Using symmetric orthogonalization.

  ==> Pre-Iterations <==

  SCF Guess: Superposition of Atomic Densities via on-the-fly atomic UHF (no occupation information).

   -------------------------
    Irrep   Nso     Nmo    
   -------------------------
     A         38      38 
   -------------------------
    Total      38      38
   -------------------------

  ==> Iterations <==

                        Total Energy        Delta E     RMS |[F,P]|

   @RHF iter SAD:  -149.35249243977037   -1.49352e+02   0.00000e+00 
   @RHF iter   1:  -150.54363861121237   -1.19115e+00   7.63485e-03 DIIS/ADIIS
   @RHF iter   2:  -150.58431014780217   -4.06715e-02   3.05160e-03 DIIS/ADIIS
   @RHF iter   3:  -150.58931105001756   -5.00090e-03   6.16745e-04 DIIS/ADIIS
   @RHF iter   4:  -150.58974096862713   -4.29919e-04   1.20384e-04 DIIS/ADIIS
   @RHF iter   5:  -150.58976302231716   -2.20537e-05   3.60436e-05 DIIS
   @RHF iter   6:  -150.58976744700368   -4.42469e-06   1.53455e-05 DIIS
   @RHF iter   7:  -150.58976867909129   -1.23209e-06   5.55883e-06 DIIS
   @RHF iter   8:  -150.58976885383615   -1.74745e-07   9.58733e-07 DIIS
   @RHF iter   9:  -150.58976885668153   -2.84538e-09   1.85119e-07 DIIS
   @RHF iter  10:  -150.58976885678470   -1.03171e-10   3.13499e-08 DIIS
   @RHF iter  11:  -150.58976885678692   -2.21689e-12   4.77944e-09 DIIS
  Energy and wave function converged.


  ==> Post-Iterations <==

    Orbital Energies [Eh]
    ---------------------

    Doubly Occupied:                                                      

       1A    -20.656079     2A    -20.656033     3A     -1.326588  
       4A     -1.304692     5A     -0.667436     6A     -0.663610  
       7A     -0.548480     8A     -0.531713     9A     -0.389097  

    Virtual:                                                              

      10A     -0.070722    11A      0.188243    12A      0.216487  
      13A      0.798282    14A      0.821113    15A      1.099638  
      16A      1.114229    17A      1.120581    18A      1.216288  
      19A      1.238015    20A      1.346382    21A      1.495648  
      22A      1.525064    23A      1.555186    24A      1.566896  
      25A      1.643828    26A      1.890818    27A      2.427480  
      28A      2.436779    29A      2.924166    30A      2.925335  
      31A      2.929999    32A      2.957926    33A      3.258869  
      34A      3.285506    35A      3.287219    36A      3.288359  
      37A      3.989001    38A      4.037362  

    Final Occupation by Irrep:
              A 
    DOCC [     9 ]

  @RHF Final Energy:  -150.58976885678692

   => Energetics <=

    Nuclear Repulsion Energy =             25.8938480320744873
    One-Electron Energy =                -259.4797781750904164
    Two-Electron Energy =                  82.9961612862290110
    Total Energy =                       -150.5897688567869181

Computation Completed


Properties will be evaluated at   0.000000,   0.000000,   0.000000 [a0]

Properties computed using the SCF density matrix


 Multipole Moments:

 ------------------------------------------------------------------------------------
     Multipole            Electronic (a.u.)      Nuclear  (a.u.)        Total (a.u.)
 ------------------------------------------------------------------------------------

 L = 1.  Multiply by 2.5417464519 to convert [e a0] to [Debye]
 Dipole X            :         -0.0000000            0.0000000           -0.0000000
 Dipole Y            :         -0.0000000            0.0000000           -0.0000000
 Dipole Z            :          0.0000000            0.0000000            0.0000000
 Magnitude           :                                                    0.0000000

 ------------------------------------------------------------------------------------


*** tstop() called on asax026.asc.edu at Wed Dec  4 15:10:18 2024
Module time:
	user time   =       0.93 seconds =       0.02 minutes
	system time =       0.38 seconds =       0.01 minutes
	total time  =          2 seconds =       0.03 minutes
Total time:
	user time   =       0.93 seconds =       0.02 minutes
	system time =       0.38 seconds =       0.01 minutes
	total time  =          2 seconds =       0.03 minutes


Scratch directory: /tmp/


*** at Wed Dec  4 15:10:19 2024


   => Loading Basis Set <=

    Name: CC-PVDZ
    Role: ORBITAL
    Keyword: BASIS
    atoms 1-2 entry O          line   198 file /home/aubclsd0286/.conda/envs/mp2/share/psi4/basis/cc-pvdz.gbs 
    atoms 3-4 entry H          line    22 file /home/aubclsd0286/.conda/envs/mp2/share/psi4/basis/cc-pvdz.gbs 


         ---------------------------------------------------------
                                   SCF
               by Justin Turney, Rob Parrish, Andy Simmonett
                          and Daniel G. A. Smith
                              RHF Reference
                        1 Threads, 457763 MiB Core
         ---------------------------------------------------------

  ==> Geometry <==

    Molecular point group: c1
    Full point group: C2h

    Geometry (in Angstrom), charge = 0, multiplicity = 1:

       Center              X                  Y                   Z               Mass       
    ------------   -----------------  -----------------  -----------------  -----------------
         O            0.000000000000     1.217650000000     0.000000000000    15.994914619570
         O            0.000000000000    -1.217650000000     0.000000000000    15.994914619570
         H           -0.895675335595     1.534297585190     0.000000000000     1.007825032230
         H            0.895675335595    -1.534297585190     0.000000000000     1.007825032230

  Running in c1 symmetry.

  Rotational constants: A =     11.50129  B =      0.32216  C =      0.31338 [cm^-1]
  Rotational constants: A = 344800.01390  B =   9658.14873  C =   9394.98696 [MHz]
  Nuclear repulsion =   25.893848032074487

  Charge       = 0
  Multiplicity = 1
  Electrons    = 18
  Nalpha       = 9
  Nbeta        = 9

  ==> Algorithm <==

  SCF Algorithm Type is PK.
  DIIS enabled.
  MOM disabled.
  Fractional occupation disabled.
  Guess Type is SAD.
  Energy threshold   = 1.00e-08
  Density threshold  = 1.00e-08
  Integral threshold = 1.00e-12

  ==> Primary Basis <==

  Basis Set: CC-PVDZ
    Blend: CC-PVDZ
    Number of shells: 18
    Number of basis functions: 38
    Number of Cartesian functions: 40
    Spherical Harmonics?: true
    Max angular momentum: 2

  ==> Integral Setup <==

  Using in-core PK algorithm.
   Calculation information:
      Number of atoms:                   4
      Number of AO shells:              18
      Number of primitives:             54
      Number of atomic orbitals:        40
      Number of basis functions:        38

      Integral cutoff                 1.00e-12
      Number of threads:                 1

  Performing in-core PK
  Using 549822 doubles for integral storage.
  We computed 14638 shell quartets total.
  Whereas there are 14706 unique shell quartets.

  ==> DiskJK: Disk-Based J/K Matrices <==

    J tasked:                  Yes
    K tasked:                  Yes
    wK tasked:                  No
    Memory [MiB]:           343322
    Schwarz Cutoff:          1E-12

    OpenMP threads:              1

  Minimum eigenvalue in the overlap matrix is 4.7662986881E-02.
  Reciprocal condition number of the overlap matrix is 1.5997801151E-02.
    Using symmetric orthogonalization.

  ==> Pre-Iterations <==

  SCF Guess: Superposition of Atomic Densities via on-the-fly atomic UHF (no occupation information).

   -------------------------
    Irrep   Nso     Nmo    
   -------------------------
     A         38      38 
   -------------------------
    Total      38      38
   -------------------------

  ==> Iterations <==

                        Total Energy        Delta E     RMS |[F,P]|

   @RHF iter SAD:  -149.35249243977037   -1.49352e+02   0.00000e+00 
   @RHF iter   1:  -150.54363861121237   -1.19115e+00   7.63485e-03 DIIS/ADIIS
   @RHF iter   2:  -150.58431014780217   -4.06715e-02   3.05160e-03 DIIS/ADIIS
   @RHF iter   3:  -150.58931105001756   -5.00090e-03   6.16745e-04 DIIS/ADIIS
   @RHF iter   4:  -150.58974096862713   -4.29919e-04   1.20384e-04 DIIS/ADIIS
   @RHF iter   5:  -150.58976302231716   -2.20537e-05   3.60436e-05 DIIS
   @RHF iter   6:  -150.58976744700368   -4.42469e-06   1.53455e-05 DIIS
   @RHF iter   7:  -150.58976867909129   -1.23209e-06   5.55883e-06 DIIS
   @RHF iter   8:  -150.58976885383615   -1.74745e-07   9.58733e-07 DIIS
   @RHF iter   9:  -150.58976885668153   -2.84538e-09   1.85119e-07 DIIS
   @RHF iter  10:  -150.58976885678470   -1.03171e-10   3.13499e-08 DIIS
   @RHF iter  11:  -150.58976885678692   -2.21689e-12   4.77944e-09 DIIS
  Energy and wave function converged.


  ==> Post-Iterations <==

    Orbital Energies [Eh]
    ---------------------

    Doubly Occupied:                                                      

       1A    -20.656079     2A    -20.656033     3A     -1.326588  
       4A     -1.304692     5A     -0.667436     6A     -0.663610  
       7A     -0.548480     8A     -0.531713     9A     -0.389097  

    Virtual:                                                              

      10A     -0.070722    11A      0.188243    12A      0.216487  
      13A      0.798282    14A      0.821113    15A      1.099638  
      16A      1.114229    17A      1.120581    18A      1.216288  
      19A      1.238015    20A      1.346382    21A      1.495648  
      22A      1.525064    23A      1.555186    24A      1.566896  
      25A      1.643828    26A      1.890818    27A      2.427480  
      28A      2.436779    29A      2.924166    30A      2.925335  
      31A      2.929999    32A      2.957926    33A      3.258869  
      34A      3.285506    35A      3.287219    36A      3.288359  
      37A      3.989001    38A      4.037362  

    Final Occupation by Irrep:
              A 
    DOCC [     9 ]

  @RHF Final Energy:  -150.58976885678692

   => Energetics <=

    Nuclear Repulsion Energy =             25.8938480320744873
    One-Electron Energy =                -259.4797781750904164
    Two-Electron Energy =                  82.9961612862290110
    Total Energy =                       -150.5897688567869181

Computation Completed


Properties will be evaluated at   0.000000,   0.000000,   0.000000 [a0]

Properties computed using the SCF density matrix


 Multipole Moments:

 ------------------------------------------------------------------------------------
     Multipole            Electronic (a.u.)      Nuclear  (a.u.)        Total (a.u.)
 ------------------------------------------------------------------------------------

 L = 1.  Multiply by 2.5417464519 to convert [e a0] to [Debye]
 Dipole X            :         -0.0000000            0.0000000           -0.0000000
 Dipole Y            :         -0.0000000            0.0000000           -0.0000000
 Dipole Z            :          0.0000000            0.0000000            0.0000000
 Magnitude           :                                                    0.0000000

 ------------------------------------------------------------------------------------


*** tstop() called on asax026.asc.edu at Wed Dec  4 15:10:20 2024
Module time:
	user time   =       0.66 seconds =       0.01 minutes
	system time =       0.27 seconds =       0.00 minutes
	total time  =          1 seconds =       0.02 minutes
Total time:
	user time   =       3.07 seconds =       0.05 minutes
	system time =       0.84 seconds =       0.01 minutes
	total time  =          4 seconds =       0.07 minutes

 MINTS: Wrapper to libmints.
   by Justin Turney

   Calculation information:
      Number of threads:                 1
      Number of atoms:                   4
      Number of AO shells:              18
      Number of SO shells:              18
      Number of primitives:             54
      Number of atomic orbitals:        40
      Number of basis functions:        38

      Number of irreps:                  1
      Integral cutoff                 1.00e-12
      Number of functions per irrep: [  38 ]

 OEINTS: Overlap, kinetic, potential, dipole, and quadrupole integrals
         stored in file 35.

      Computing two-electron integrals...done
      Computed 121889 non-zero two-electron integrals.
        Stored in file 33.


*** tstart() called on asax026.asc.edu

*** at Wed Dec  4 15:10:21 2024




  Module OCC Options:
  ----------------------------------------------------------------------------
  ACTIVE                        => (empty)          
  BASIS_RELATIVISTIC            => (empty)          
  BENCH                         => (empty)          
  CACHELEVEL                    => (empty)          
  CCL_ENERGY                    => (empty)          
  CC_MAXITER                    => (empty)          
  CC_TYPE                       => (empty)          
  CEPA_OS_SCALE                 => (empty)          
  CEPA_SOS_SCALE                => (empty)          
  CEPA_SS_SCALE                 => (empty)          
  CEPA_TYPE                     => (empty)          
  CI_TYPE                       => (empty)          
  CUBEPROP_BASIS_FUNCTIONS      => (empty)          
  CUBEPROP_FILEPATH             => (empty)          
  CUBEPROP_ISOCONTOUR_THRESHOLD => (empty)          
  CUBEPROP_ORBITALS             => (empty)          
  CUBEPROP_TASKS                => (empty)          
  CUBIC_BASIS_TOLERANCE         => (empty)          
  CUBIC_BLOCK_MAX_POINTS        => (empty)          
  CUBIC_GRID_OVERAGE            => (empty)          
  CUBIC_GRID_SPACING            => (empty)          
  CUTOFF                        => (empty)          
  DEBUG                         => (empty)          
  DERTYPE                       => (empty)          
  DF_BASIS_CC                   => (empty)          
  DIE_IF_NOT_CONVERGED          => (empty)          
  DIIS_MAX_VECS                 => (empty)          
  DIIS_MIN_VECS                 => (empty)          
  DKH_ORDER                     => (empty)          
  DOCC                          => (empty)          
  DO_DIIS                       => (empty)          
  DO_LEVEL_SHIFT                => (empty)          
  DO_SCS                        => (empty)          
  DO_SOS                        => (empty)          
  E3_SCALE                      => (empty)          
  EA_POLES                      => (empty)          
  EKT_EA                        => (empty)          
  EKT_IP                        => (empty)          
  EP_EA_POLES                   => (empty)          
  EP_IP_POLES                   => (empty)          
  EP_MAXITER                    => (empty)          
  EXTERNAL_POTENTIAL_SYMMETRY   => (empty)          
  E_CONVERGENCE                 => 1e-08           !
  FREEZE_CORE                   => (empty)          
  FROZEN_DOCC                   => (empty)          
  FROZEN_UOCC                   => (empty)          
  INTEGRAL_PACKAGE              => (empty)          
  IP_POLES                      => (empty)          
  LEVEL_SHIFT                   => (empty)          
  LINEQ_SOLVER                  => (empty)          
  LITERAL_CFOUR                 => (empty)          
  MAT_NUM_COLUMN_PRINT          => (empty)          
  MAX_MOGRAD_CONVERGENCE        => (empty)          
  MAX_RADIAL_MOMENT             => (empty)          
  MBIS_D_CONVERGENCE            => (empty)          
  MBIS_MAXITER                  => (empty)          
  MBIS_PRUNING_SCHEME           => (empty)          
  MBIS_RADIAL_POINTS            => (empty)          
  MBIS_SPHERICAL_POINTS         => (empty)          
  MOGRAD_DAMPING                => (empty)          
  MOLDEN_WITH_VIRTUAL           => (empty)          
  MO_MAXITER                    => (empty)          
  MO_READ                       => (empty)          
  MO_STEP_MAX                   => (empty)          
  MO_WRITE                      => (empty)          
  MP2_OS_SCALE                  => (empty)          
  MP2_SOS_SCALE                 => (empty)          
  MP2_SOS_SCALE2                => (empty)          
  MP2_SS_SCALE                  => (empty)          
  MP2_TYPE                      => CONV            !
  MP_TYPE                       => (empty)          
  NAT_ORBS                      => (empty)          
  NUM_FROZEN_DOCC               => (empty)          
  NUM_FROZEN_UOCC               => (empty)          
  NUM_GPUS                      => (empty)          
  OCC_ORBS_PRINT                => (empty)          
  OEPROP                        => (empty)          
  OPT_METHOD                    => (empty)          
  ORB_OPT                       => FALSE           !
  ORB_RESP_SOLVER               => (empty)          
  ORTH_TYPE                     => (empty)          
  OS_SCALE                      => (empty)          
  PARENT_SYMMETRY               => (empty)          
  PCG_BETA_TYPE                 => (empty)          
  PCG_CONVERGENCE               => (empty)          
  PCG_MAXITER                   => (empty)          
  PCM                           => (empty)          
  PE                            => (empty)          
  PRINT                         => (empty)          
  PRINT_NOONS                   => (empty)          
  PROPERTIES                    => (empty)          
  PROPERTIES_ORIGIN             => (empty)          
  PUREAM                        => (empty)          
  QC_MODULE                     => (empty)          
  RAS1                          => (empty)          
  RAS2                          => (empty)          
  RAS3                          => (empty)          
  RAS4                          => (empty)          
  RELATIVISTIC                  => (empty)          
  RELAXED                       => (empty)          
  RESTRICTED_DOCC               => (empty)          
  RESTRICTED_UOCC               => (empty)          
  RMS_MOGRAD_CONVERGENCE        => (empty)          
  R_CONVERGENCE                 => (empty)          
  SCF_TYPE                      => PK              !
  SCREENING                     => (empty)          
  SCS_TYPE                      => (empty)          
  SOCC                          => (empty)          
  SOS_TYPE                      => (empty)          
  SPIN_SCALE_TYPE               => NONE            !
  SS_SCALE                      => (empty)          
  SYMMETRIZE                    => (empty)          
  TPDM_ABCD_TYPE                => (empty)          
  WFN                           => (empty)          
  WFN_TYPE                      => OMP2            !
  WRITER_FILE_LABEL             => (empty)          


 ============================================================================== 
 ============================================================================== 
 ============================================================================== 

                             MP2   
                    Program Written by Ugur Bozkaya,
              Additional Contributions by J. P. Misiewicz

 ============================================================================== 
 ============================================================================== 
 ============================================================================== 

	MO spaces per irreps... 

	IRREP   FC    OCC   VIR  FV 
	==============================
	   A     0     9    29    0
	==============================

	Memory is 480000 MB 
	Cost of iabc is      0 MB 
	Cost of abcd is      0 MB 
	Switching to the incore algorithm for iabc..
	Switching to the incore algorithm for abcd..

	Computing MP2 energy using SCF MOs (Canonical MP2)... 
	============================================================================== 
	Nuclear Repulsion Energy (a.u.)    :    25.89384803207449
	SCF Energy (a.u.)                  :  -150.58976885678692
	REF Energy (a.u.)                  :  -150.58976885678692
	Alpha-Alpha Contribution (a.u.)    :    -0.05262726111038
	Alpha-Beta Contribution (a.u.)     :    -0.37407691538884
	Beta-Beta Contribution (a.u.)      :    -0.05262726111038
	Scaled_SS Correlation Energy (a.u.):    -0.03508484074026
	Scaled_OS Correlation Energy (a.u.):    -0.44889229846661
	SCS-MP2 Total Energy (a.u.)        :  -151.07374599599376
	SOS-MP2 Total Energy (a.u.)        :  -151.03866115525352
	SCSN-MP2 Total Energy (a.u.)       :  -150.77501681589547
	SCS-MP2-VDW Total Energy (a.u.)    :  -151.12121456959503
	SOS-PI-MP2 Total Energy (a.u.)     :  -151.11347653833130
	MP2 Correlation Energy (a.u.)      :    -0.47933143760961
	MP2 Total Energy (a.u.)            :  -151.06910029439652
	============================================================================== 


*** tstop() called on asax026.asc.edu at Wed Dec  4 15:10:21 2024
Module time:
	user time   =       0.07 seconds =       0.00 minutes
	system time =       0.15 seconds =       0.00 minutes
	total time  =          0 seconds =       0.00 minutes
Total time:
	user time   =       3.29 seconds =       0.05 minutes
	system time =       1.08 seconds =       0.02 minutes
	total time  =          5 seconds =       0.08 minutes

    MP2 Energy............................................................................PASSED
