
Scratch directory: /tmp/

*** tstart() called on asax034.asc.edu
*** at Tue Nov 19 08:56:43 2024

   => Loading Basis Set <=

    Name: 6-31G
    Role: ORBITAL
    Keyword: BASIS
    atoms 1-2 entry O          line   117 file /home/aubclsd0286/.conda/envs/mp2/share/psi4/basis/6-31g.gbs 
    atoms 3-4 entry H          line    26 file /home/aubclsd0286/.conda/envs/mp2/share/psi4/basis/6-31g.gbs 


         ---------------------------------------------------------
                                   SCF
               by Justin Turney, Rob Parrish, Andy Simmonett
                          and Daniel G. A. Smith
                              RHF Reference
                        1 Threads, 457763 MiB Core
         ---------------------------------------------------------

  ==> Geometry <==

    Molecular point group: c1
    Full point group: C2h

    Geometry (in Angstrom), charge = 0, multiplicity = 1:

       Center              X                  Y                   Z               Mass       
    ------------   -----------------  -----------------  -----------------  -----------------
         O            0.000000000000     1.217650000000     0.000000000000    15.994914619570
         O            0.000000000000    -1.217650000000     0.000000000000    15.994914619570
         H           -0.895675335595     1.534297585190     0.000000000000     1.007825032230
         H            0.895675335595    -1.534297585190     0.000000000000     1.007825032230

  Running in c1 symmetry.

  Rotational constants: A =     11.50129  B =      0.32216  C =      0.31338 [cm^-1]
  Rotational constants: A = 344800.01390  B =   9658.14873  C =   9394.98696 [MHz]
  Nuclear repulsion =   25.893848032074487

  Charge       = 0
  Multiplicity = 1
  Electrons    = 18
  Nalpha       = 9
  Nbeta        = 9

  ==> Algorithm <==

  SCF Algorithm Type is PK.
  DIIS enabled.
  MOM disabled.
  Fractional occupation disabled.
  Guess Type is SAD.
  Energy threshold   = 1.00e-08
  Density threshold  = 1.00e-08
  Integral threshold = 1.00e-12

  ==> Primary Basis <==

  Basis Set: 6-31G
    Blend: 6-31G
    Number of shells: 14
    Number of basis functions: 22
    Number of Cartesian functions: 22
    Spherical Harmonics?: false
    Max angular momentum: 1

  ==> Integral Setup <==

  Using in-core PK algorithm.
   Calculation information:
      Number of atoms:                   4
      Number of AO shells:              14
      Number of primitives:             36
      Number of atomic orbitals:        22
      Number of basis functions:        22

      Integral cutoff                 1.00e-12
      Number of threads:                 1

  Performing in-core PK
  Using 64262 doubles for integral storage.
  We computed 5394 shell quartets total.
  Whereas there are 5565 unique shell quartets.

  ==> DiskJK: Disk-Based J/K Matrices <==

    J tasked:                  Yes
    K tasked:                  Yes
    wK tasked:                  No
    Memory [MiB]:           343322
    Schwarz Cutoff:          1E-12

    OpenMP threads:              1

