
Scratch directory: /tmp/
   => Libint2 <=

    Primary   basis highest AM E, G, H:  6, 6, 3
    Auxiliary basis highest AM E, G, H:  7, 7, 4
    Onebody   basis highest AM E, G, H:  -, -, -
    Solid Harmonics ordering:            Gaussian

*** tstart() called on fedora
*** at Tue Oct 29 12:24:50 2024

   => Loading Basis Set <=

    Name: 6-31G
    Role: ORBITAL
    Keyword: BASIS
    atoms 1-2 entry O          line   117 file /home/wh/.conda/envs/mp2/share/psi4/basis/6-31g.gbs 
    atoms 3-4 entry H          line    26 file /home/wh/.conda/envs/mp2/share/psi4/basis/6-31g.gbs 


         ---------------------------------------------------------
                                   SCF
               by Justin Turney, Rob Parrish, Andy Simmonett
                          and Daniel G. A. Smith
                              RHF Reference
                        1 Threads,   1907 MiB Core
         ---------------------------------------------------------

  ==> Geometry <==

    Molecular point group: c1
    Full point group: C2h

    Geometry (in Angstrom), charge = 0, multiplicity = 1:

       Center              X                  Y                   Z               Mass       
    ------------   -----------------  -----------------  -----------------  -----------------
         O            0.000000000000     1.217650000000     0.000000000000    15.994914619570
         O            0.000000000000    -1.217650000000     0.000000000000    15.994914619570
         H           -0.895675335595     1.534297585190     0.000000000000     1.007825032230
         H            0.895675335595    -1.534297585190     0.000000000000     1.007825032230

  Running in c1 symmetry.

  Rotational constants: A =     11.50129  B =      0.32216  C =      0.31338 [cm^-1]
  Rotational constants: A = 344800.01390  B =   9658.14873  C =   9394.98696 [MHz]
  Nuclear repulsion =   25.893848032074487

  Charge       = 0
  Multiplicity = 1
  Electrons    = 18
  Nalpha       = 9
  Nbeta        = 9

  ==> Algorithm <==

  SCF Algorithm Type is PK.
  DIIS enabled.
  MOM disabled.
  Fractional occupation disabled.
  Guess Type is SAD.
  Energy threshold   = 1.00e-08
  Density threshold  = 1.00e-08
  Integral threshold = 1.00e-12

  ==> Primary Basis <==

  Basis Set: 6-31G
    Blend: 6-31G
    Number of shells: 14
    Number of basis functions: 22
    Number of Cartesian functions: 22
    Spherical Harmonics?: false
    Max angular momentum: 1

  ==> Integral Setup <==

  Using in-core PK algorithm.
   Calculation information:
      Number of atoms:                   4
      Number of AO shells:              14
      Number of primitives:             36
      Number of atomic orbitals:        22
      Number of basis functions:        22

      Integral cutoff                 1.00e-12
      Number of threads:                 1

  Performing in-core PK
  Using 64262 doubles for integral storage.
  We computed 5392 shell quartets total.
  Whereas there are 5565 unique shell quartets.

  ==> DiskJK: Disk-Based J/K Matrices <==

    J tasked:                  Yes
    K tasked:                  Yes
    wK tasked:                  No
    Memory [MiB]:             1430
    Schwarz Cutoff:          1E-12

    OpenMP threads:              1

  Minimum eigenvalue in the overlap matrix is 8.1541550808E-02.
  Reciprocal condition number of the overlap matrix is 2.8187457764E-02.
    Using symmetric orthogonalization.

  ==> Pre-Iterations <==

  SCF Guess: Superposition of Atomic Densities via on-the-fly atomic UHF (no occupation information).

   -------------------------
    Irrep   Nso     Nmo    
   -------------------------
     A         22      22 
   -------------------------
    Total      22      22
   -------------------------

  ==> Iterations <==

                        Total Energy        Delta E     RMS |[F,P]|

   @RHF iter SAD:  -149.36370591924933   -1.49364e+02   0.00000e+00 
   @RHF iter   1:  -150.48522483772524   -1.12152e+00   1.28147e-02 ADIIS/DIIS
   @RHF iter   2:  -150.52739228964231   -4.21675e-02   5.10547e-03 ADIIS/DIIS
   @RHF iter   3:  -150.53228430750602   -4.89202e-03   1.07863e-03 ADIIS/DIIS
   @RHF iter   4:  -150.53271912058179   -4.34813e-04   1.88244e-04 ADIIS/DIIS
   @RHF iter   5:  -150.53274362532508   -2.45047e-05   5.36508e-05 DIIS
   @RHF iter   6:  -150.53274789229698   -4.26697e-06   2.57003e-05 DIIS
   @RHF iter   7:  -150.53274923898422   -1.34669e-06   6.64931e-06 DIIS
   @RHF iter   8:  -150.53274931343077   -7.44465e-08   6.23833e-07 DIIS
   @RHF iter   9:  -150.53274931376572   -3.34950e-10   9.40375e-08 DIIS
   @RHF iter  10:  -150.53274931377047   -4.74643e-12   1.56500e-08 DIIS
   @RHF iter  11:  -150.53274931377058   -1.13687e-13   1.98867e-09 DIIS
  Energy and wave function converged.


  ==> Post-Iterations <==

    Orbital Energies [Eh]
    ---------------------

    Doubly Occupied:                                                      

       1A    -20.664851     2A    -20.664815     3A     -1.338276  
       4A     -1.316912     5A     -0.663793     6A     -0.659478  
       7A     -0.553901     8A     -0.536863     9A     -0.394147  

    Virtual:                                                              

      10A     -0.074779    11A      0.215541    12A      0.241493  
      13A      1.059901    14A      1.074231    15A      1.081594  
      16A      1.129319    17A      1.149363    18A      1.187971  
      19A      1.259480    20A      1.381058    21A      1.524326  
      22A      1.682199  

    Final Occupation by Irrep:
              A 
    DOCC [     9 ]
    NA   [     9 ]
    NB   [     9 ]

  @RHF Final Energy:  -150.53274931377058

   => Energetics <=

    Nuclear Repulsion Energy =             25.8938480320744873
    One-Electron Energy =                -259.2671242494727721
    Two-Electron Energy =                  82.8405269036277048
    Total Energy =                       -150.5327493137705801

Computation Completed


Properties will be evaluated at   0.000000,   0.000000,   0.000000 [a0]

Properties computed using the SCF density matrix


 Multipole Moments:

 ------------------------------------------------------------------------------------
     Multipole            Electronic (a.u.)      Nuclear  (a.u.)        Total (a.u.)
 ------------------------------------------------------------------------------------

 L = 1.  Multiply by 2.5417464519 to convert [e a0] to [Debye]
 Dipole X            :         -0.0000000            0.0000000           -0.0000000
 Dipole Y            :         -0.0000000           -0.0000000           -0.0000000
 Dipole Z            :         -0.0000000            0.0000000           -0.0000000
 Magnitude           :                                                    0.0000000

 ------------------------------------------------------------------------------------

*** tstop() called on fedora at Tue Oct 29 12:24:51 2024
Module time:
	user time   =       0.34 seconds =       0.01 minutes
	system time =       0.03 seconds =       0.00 minutes
	total time  =          1 seconds =       0.02 minutes
Total time:
	user time   =       0.34 seconds =       0.01 minutes
	system time =       0.03 seconds =       0.00 minutes
	total time  =          1 seconds =       0.02 minutes

Scratch directory: /tmp/
   => Libint2 <=

    Primary   basis highest AM E, G, H:  6, 6, 3
    Auxiliary basis highest AM E, G, H:  7, 7, 4
    Onebody   basis highest AM E, G, H:  -, -, -
    Solid Harmonics ordering:            Gaussian

*** tstart() called on fedora
*** at Tue Oct 29 12:24:51 2024

   => Loading Basis Set <=

    Name: 6-31G
    Role: ORBITAL
    Keyword: BASIS
    atoms 1-2 entry O          line   117 file /home/wh/.conda/envs/mp2/share/psi4/basis/6-31g.gbs 
    atoms 3-4 entry H          line    26 file /home/wh/.conda/envs/mp2/share/psi4/basis/6-31g.gbs 


         ---------------------------------------------------------
                                   SCF
               by Justin Turney, Rob Parrish, Andy Simmonett
                          and Daniel G. A. Smith
                              RHF Reference
                        1 Threads,   1907 MiB Core
         ---------------------------------------------------------

  ==> Geometry <==

    Molecular point group: c1
    Full point group: C2h

    Geometry (in Angstrom), charge = 0, multiplicity = 1:

       Center              X                  Y                   Z               Mass       
    ------------   -----------------  -----------------  -----------------  -----------------
         O            0.000000000000     1.217650000000     0.000000000000    15.994914619570
         O            0.000000000000    -1.217650000000     0.000000000000    15.994914619570
         H           -0.895675335595     1.534297585190     0.000000000000     1.007825032230
         H            0.895675335595    -1.534297585190     0.000000000000     1.007825032230

  Running in c1 symmetry.

  Rotational constants: A =     11.50129  B =      0.32216  C =      0.31338 [cm^-1]
  Rotational constants: A = 344800.01390  B =   9658.14873  C =   9394.98696 [MHz]
  Nuclear repulsion =   25.893848032074494

  Charge       = 0
  Multiplicity = 1
  Electrons    = 18
  Nalpha       = 9
  Nbeta        = 9

  ==> Algorithm <==

  SCF Algorithm Type is PK.
  DIIS enabled.
  MOM disabled.
  Fractional occupation disabled.
  Guess Type is SAD.
  Energy threshold   = 1.00e-08
  Density threshold  = 1.00e-08
  Integral threshold = 1.00e-12

  ==> Primary Basis <==

  Basis Set: 6-31G
    Blend: 6-31G
    Number of shells: 14
    Number of basis functions: 22
    Number of Cartesian functions: 22
    Spherical Harmonics?: false
    Max angular momentum: 1

  ==> Integral Setup <==

  Using in-core PK algorithm.
   Calculation information:
      Number of atoms:                   4
      Number of AO shells:              14
      Number of primitives:             36
      Number of atomic orbitals:        22
      Number of basis functions:        22

      Integral cutoff                 1.00e-12
      Number of threads:                 1

  Performing in-core PK
  Using 64262 doubles for integral storage.
  We computed 5392 shell quartets total.
  Whereas there are 5565 unique shell quartets.

  ==> DiskJK: Disk-Based J/K Matrices <==

    J tasked:                  Yes
    K tasked:                  Yes
    wK tasked:                  No
    Memory [MiB]:             1430
    Schwarz Cutoff:          1E-12

    OpenMP threads:              1

  Minimum eigenvalue in the overlap matrix is 8.1541550808E-02.
  Reciprocal condition number of the overlap matrix is 2.8187457764E-02.
    Using symmetric orthogonalization.

  ==> Pre-Iterations <==

  SCF Guess: Superposition of Atomic Densities via on-the-fly atomic UHF (no occupation information).

   -------------------------
    Irrep   Nso     Nmo    
   -------------------------
     A         22      22 
   -------------------------
    Total      22      22
   -------------------------

  ==> Iterations <==

                        Total Energy        Delta E     RMS |[F,P]|

   @RHF iter SAD:  -149.36370591924918   -1.49364e+02   0.00000e+00 
   @RHF iter   1:  -150.48522483772487   -1.12152e+00   1.28147e-02 ADIIS/DIIS
   @RHF iter   2:  -150.52739228964214   -4.21675e-02   5.10547e-03 ADIIS/DIIS
   @RHF iter   3:  -150.53228430750568   -4.89202e-03   1.07863e-03 ADIIS/DIIS
   @RHF iter   4:  -150.53271912058153   -4.34813e-04   1.88244e-04 ADIIS/DIIS
   @RHF iter   5:  -150.53274362532500   -2.45047e-05   5.36508e-05 DIIS
   @RHF iter   6:  -150.53274789229692   -4.26697e-06   2.57003e-05 DIIS
   @RHF iter   7:  -150.53274923898391   -1.34669e-06   6.64931e-06 DIIS
   @RHF iter   8:  -150.53274931343068   -7.44468e-08   6.23833e-07 DIIS
   @RHF iter   9:  -150.53274931376566   -3.34978e-10   9.40375e-08 DIIS
   @RHF iter  10:  -150.53274931377004   -4.37694e-12   1.56500e-08 DIIS
   @RHF iter  11:  -150.53274931377035   -3.12639e-13   1.98866e-09 DIIS
  Energy and wave function converged.


  ==> Post-Iterations <==

    Orbital Energies [Eh]
    ---------------------

    Doubly Occupied:                                                      

       1A    -20.664851     2A    -20.664815     3A     -1.338276  
       4A     -1.316912     5A     -0.663793     6A     -0.659478  
       7A     -0.553901     8A     -0.536863     9A     -0.394147  

    Virtual:                                                              

      10A     -0.074779    11A      0.215541    12A      0.241493  
      13A      1.059901    14A      1.074231    15A      1.081594  
      16A      1.129319    17A      1.149363    18A      1.187971  
      19A      1.259480    20A      1.381058    21A      1.524326  
      22A      1.682199  

    Final Occupation by Irrep:
              A 
    DOCC [     9 ]
    NA   [     9 ]
    NB   [     9 ]

  @RHF Final Energy:  -150.53274931377035

   => Energetics <=

    Nuclear Repulsion Energy =             25.8938480320744944
    One-Electron Energy =                -259.2671242494726016
    Two-Electron Energy =                  82.8405269036277758
    Total Energy =                       -150.5327493137703527

Computation Completed


Properties will be evaluated at   0.000000,   0.000000,   0.000000 [a0]

Properties computed using the SCF density matrix


 Multipole Moments:

 ------------------------------------------------------------------------------------
     Multipole            Electronic (a.u.)      Nuclear  (a.u.)        Total (a.u.)
 ------------------------------------------------------------------------------------

 L = 1.  Multiply by 2.5417464519 to convert [e a0] to [Debye]
 Dipole X            :          0.0000000            0.0000000            0.0000000
 Dipole Y            :          0.0000000           -0.0000000            0.0000000
 Dipole Z            :         -0.0000000            0.0000000           -0.0000000
 Magnitude           :                                                    0.0000000

 ------------------------------------------------------------------------------------

*** tstop() called on fedora at Tue Oct 29 12:24:51 2024
Module time:
	user time   =       0.19 seconds =       0.00 minutes
	system time =       0.00 seconds =       0.00 minutes
	total time  =          0 seconds =       0.00 minutes
Total time:
	user time   =       0.85 seconds =       0.01 minutes
	system time =       0.03 seconds =       0.00 minutes
	total time  =          1 seconds =       0.02 minutes
 MINTS: Wrapper to libmints.
   by Justin Turney

   Calculation information:
      Number of threads:                 1
      Number of atoms:                   4
      Number of AO shells:              14
      Number of SO shells:              14
      Number of primitives:             36
      Number of atomic orbitals:        22
      Number of basis functions:        22

      Number of irreps:                  1
      Integral cutoff                 1.00e-12
      Number of functions per irrep: [  22 ]

 OEINTS: Overlap, kinetic, potential, dipole, and quadrupole integrals
         stored in file 35.

      Computing two-electron integrals...done
      Computed 14684 non-zero two-electron integrals.
        Stored in file 33.


*** tstart() called on fedora
*** at Tue Oct 29 12:24:51 2024



  Module OCC Options:
  ----------------------------------------------------------------------------
  ACTIVE                        => (empty)          
  BASIS_RELATIVISTIC            => (empty)          
  BENCH                         => (empty)          
  CACHELEVEL                    => (empty)          
  CCL_ENERGY                    => (empty)          
  CC_MAXITER                    => (empty)          
  CC_TYPE                       => (empty)          
  CEPA_OS_SCALE                 => (empty)          
  CEPA_SOS_SCALE                => (empty)          
  CEPA_SS_SCALE                 => (empty)          
  CEPA_TYPE                     => (empty)          
  CI_TYPE                       => (empty)          
  CUBEPROP_BASIS_FUNCTIONS      => (empty)          
  CUBEPROP_FILEPATH             => (empty)          
  CUBEPROP_ISOCONTOUR_THRESHOLD => (empty)          
  CUBEPROP_ORBITALS             => (empty)          
  CUBEPROP_TASKS                => (empty)          
  CUBIC_BASIS_TOLERANCE         => (empty)          
  CUBIC_BLOCK_MAX_POINTS        => (empty)          
  CUBIC_GRID_OVERAGE            => (empty)          
  CUBIC_GRID_SPACING            => (empty)          
  CUTOFF                        => (empty)          
  DDX                           => (empty)          
  DEBUG                         => (empty)          
  DERTYPE                       => (empty)          
  DF_BASIS_CC                   => (empty)          
  DIE_IF_NOT_CONVERGED          => (empty)          
  DIIS_MAX_VECS                 => (empty)          
  DIIS_MIN_VECS                 => (empty)          
  DKH_ORDER                     => (empty)          
  DOCC                          => (empty)          
  DO_DIIS                       => (empty)          
  DO_LEVEL_SHIFT                => (empty)          
  DO_SCS                        => (empty)          
  DO_SOS                        => (empty)          
  E3_SCALE                      => (empty)          
  EA_POLES                      => (empty)          
  EKT_EA                        => (empty)          
  EKT_IP                        => (empty)          
  EP_EA_POLES                   => (empty)          
  EP_IP_POLES                   => (empty)          
  EP_MAXITER                    => (empty)          
  EXTERNAL_POTENTIAL_SYMMETRY   => (empty)          
  E_CONVERGENCE                 => 1e-08           !
  FREEZE_CORE                   => (empty)          
  FREEZE_CORE_POLICY            => (empty)          
  FROZEN_DOCC                   => (empty)          
  FROZEN_UOCC                   => (empty)          
  INTEGRAL_PACKAGE              => (empty)          
  IP_POLES                      => (empty)          
  LEVEL_SHIFT                   => (empty)          
  LITERAL_CFOUR                 => (empty)          
  MAT_NUM_COLUMN_PRINT          => (empty)          
  MAX_MOGRAD_CONVERGENCE        => (empty)          
  MAX_RADIAL_MOMENT             => (empty)          
  MBIS_D_CONVERGENCE            => (empty)          
  MBIS_MAXITER                  => (empty)          
  MBIS_PRUNING_SCHEME           => (empty)          
  MBIS_RADIAL_POINTS            => (empty)          
  MBIS_SPHERICAL_POINTS         => (empty)          
  MOGRAD_DAMPING                => (empty)          
  MOLDEN_WITH_VIRTUAL           => (empty)          
  MO_MAXITER                    => (empty)          
  MO_READ                       => (empty)          
  MO_STEP_MAX                   => (empty)          
  MO_WRITE                      => (empty)          
  MP2_OS_SCALE                  => (empty)          
  MP2_SOS_SCALE                 => (empty)          
  MP2_SOS_SCALE2                => (empty)          
  MP2_SS_SCALE                  => (empty)          
  MP2_TYPE                      => CONV            !
  MP_TYPE                       => (empty)          
  NAT_ORBS                      => (empty)          
  NUM_FROZEN_DOCC               => (empty)          
  NUM_FROZEN_UOCC               => (empty)          
  NUM_GPUS                      => (empty)          
  OCC_ORBS_PRINT                => (empty)          
  OEPROP                        => (empty)          
  OPT_METHOD                    => (empty)          
  ORB_OPT                       => FALSE           !
  ORB_RESP_SOLVER               => (empty)          
  ORTH_TYPE                     => (empty)          
  OS_SCALE                      => (empty)          
  PARENT_SYMMETRY               => (empty)          
  PCG_BETA_TYPE                 => (empty)          
  PCG_CONVERGENCE               => (empty)          
  PCG_MAXITER                   => (empty)          
  PCM                           => (empty)          
  PE                            => (empty)          
  PRINT                         => (empty)          
  PRINT_NOONS                   => (empty)          
  PROPERTIES                    => (empty)          
  PROPERTIES_ORIGIN             => (empty)          
  PUREAM                        => (empty)          
  QC_MODULE                     => (empty)          
  RAS1                          => (empty)          
  RAS2                          => (empty)          
  RAS3                          => (empty)          
  RAS4                          => (empty)          
  RELATIVISTIC                  => (empty)          
  RELAXED                       => (empty)          
  REMP_A                        => (empty)          
  RESTRICTED_DOCC               => (empty)          
  RESTRICTED_UOCC               => (empty)          
  RMS_MOGRAD_CONVERGENCE        => (empty)          
  R_CONVERGENCE                 => (empty)          
  SCF_TYPE                      => PK              !
  SCREENING                     => (empty)          
  SCS_TYPE                      => (empty)          
  SOCC                          => (empty)          
  SOS_TYPE                      => (empty)          
  SPIN_SCALE_TYPE               => NONE            !
  SS_SCALE                      => (empty)          
  SYMMETRIZE                    => (empty)          
  TPDM_ABCD_TYPE                => (empty)          
  WFN                           => (empty)          
  WFN_TYPE                      => OMP2            !
  WRITER_FILE_LABEL             => (empty)          


 ============================================================================== 
 ============================================================================== 
 ============================================================================== 

                             MP2   
                    Program Written by Ugur Bozkaya,
              Additional Contributions by J. P. Misiewicz

 ============================================================================== 
 ============================================================================== 
 ============================================================================== 

	MO spaces per irreps... 

	IRREP   FC    OCC   VIR  FV 
	==============================
	   A     0     9    13    0
	==============================

	Memory is   2000 MB 
	Cost of iabc is      0 MB 
	Cost of abcd is      0 MB 
	Switching to the incore algorithm for iabc..
	Switching to the incore algorithm for abcd..

	Computing MP2 energy using SCF MOs (Canonical MP2)... 
	============================================================================== 
	Nuclear Repulsion Energy (a.u.)    :    25.89384803207449
	SCF Energy (a.u.)                  :  -150.53274931377035
	REF Energy (a.u.)                  :  -150.53274931377035
	Alpha-Alpha Contribution (a.u.)    :    -0.03614674839301
	Alpha-Beta Contribution (a.u.)     :    -0.28037355212105
	Beta-Beta Contribution (a.u.)      :    -0.03614674839301
	Scaled_SS Correlation Energy (a.u.):    -0.02409783226201
	Scaled_OS Correlation Energy (a.u.):    -0.33644826254526
	SCS-MP2 Total Energy (a.u.)        :  -150.89329540857761
	SOS-MP2 Total Energy (a.u.)        :  -150.86919757631563
	SCSN-MP2 Total Energy (a.u.)       :  -150.65998586811372
	SCS-MP2-VDW Total Energy (a.u.)    :  -150.92777420887828
	SOS-PI-MP2 Total Energy (a.u.)     :  -150.92527228673981
	MP2 Correlation Energy (a.u.)      :    -0.35266704890707
	MP2 Total Energy (a.u.)            :  -150.88541636267743
	============================================================================== 


*** tstop() called on fedora at Tue Oct 29 12:24:51 2024
Module time:
	user time   =       0.00 seconds =       0.00 minutes
	system time =       0.01 seconds =       0.00 minutes
	total time  =          0 seconds =       0.00 minutes
Total time:
	user time   =       0.88 seconds =       0.01 minutes
	system time =       0.04 seconds =       0.00 minutes
	total time  =          1 seconds =       0.02 minutes
    MP2 Energy............................................................................PASSED
