
Scratch directory: /tmp/

*** tstart() called on asax034.asc.edu
*** at Tue Nov 19 08:56:55 2024

   => Loading Basis Set <=

    Name: CC-PVDZ
    Role: ORBITAL
    Keyword: BASIS
    atoms 1    entry N          line   168 file /home/aubclsd0286/.conda/envs/mp2/share/psi4/basis/cc-pvdz.gbs 
    atoms 2-5  entry C          line   138 file /home/aubclsd0286/.conda/envs/mp2/share/psi4/basis/cc-pvdz.gbs 
    atoms 6-10 entry H          line    22 file /home/aubclsd0286/.conda/envs/mp2/share/psi4/basis/cc-pvdz.gbs 


         ---------------------------------------------------------
                                   SCF
               by Justin Turney, Rob Parrish, Andy Simmonett
                          and Daniel G. A. Smith
                              RHF Reference
                        1 Threads, 457763 MiB Core
         ---------------------------------------------------------

  ==> Geometry <==

    Molecular point group: c1
    Full point group: C1

    Geometry (in Angstrom), charge = 0, multiplicity = 1:

       Center              X                  Y                   Z               Mass       
    ------------   -----------------  -----------------  -----------------  -----------------
         N            0.000309693454    -0.915751755404    -0.646285550750    14.003074004430
         C            0.000309693454    -0.915751755404     0.724214449250    12.000000000000
         C            0.000309693454     0.375404165801    -1.105537711485    12.000000000000
         C           -0.000605608483     0.395321480888     1.146163997539    12.000000000000
         C           -0.000376882708     1.212446258706    -0.011523857223    12.000000000000
         H            0.000597947368    -1.741538358356    -1.229029828538     1.007825032230
         H            0.000634321792    -1.845743401013     1.275086706414     1.007825032230
         H            0.000634288226     0.582945779552    -2.166325712548     1.007825032230
         H           -0.001142885762     0.725598183976     2.175473480022     1.007825032230
         H           -0.000703240447     2.292924584465    -0.045101841925     1.007825032230

  Running in c1 symmetry.

  Rotational constants: A =      0.30762  B =      0.30043  C =      0.15199 [cm^-1]
  Rotational constants: A =   9222.06923  B =   9006.71265  C =   4556.55956 [MHz]
  Nuclear repulsion =  161.095937956180080

  Charge       = 0
  Multiplicity = 1
  Electrons    = 36
  Nalpha       = 18
  Nbeta        = 18

  ==> Algorithm <==

  SCF Algorithm Type is PK.
  DIIS enabled.
  MOM disabled.
  Fractional occupation disabled.
  Guess Type is SAD.
  Energy threshold   = 1.00e-08
  Density threshold  = 1.00e-08
  Integral threshold = 1.00e-12

  ==> Primary Basis <==

  Basis Set: CC-PVDZ
    Blend: CC-PVDZ
    Number of shells: 45
    Number of basis functions: 95
    Number of Cartesian functions: 100
    Spherical Harmonics?: true
    Max angular momentum: 2

  ==> Integral Setup <==

  Using in-core PK algorithm.
   Calculation information:
      Number of atoms:                  10
      Number of AO shells:              45
      Number of primitives:            135
      Number of atomic orbitals:       100
      Number of basis functions:        95

      Integral cutoff                 1.00e-12
      Number of threads:                 1

  Performing in-core PK
  Using 20798160 doubles for integral storage.
  We computed 534726 shell quartets total.
  Whereas there are 536130 unique shell quartets.

  ==> DiskJK: Disk-Based J/K Matrices <==

    J tasked:                  Yes
    K tasked:                  Yes
    wK tasked:                  No
    Memory [MiB]:           343322
    Schwarz Cutoff:          1E-12

    OpenMP threads:              1

