
Scratch directory: /tmp/
   => Libint2 <=

    Primary   basis highest AM E, G, H:  6, 6, 3
    Auxiliary basis highest AM E, G, H:  7, 7, 4
    Onebody   basis highest AM E, G, H:  -, -, -
    Solid Harmonics ordering:            Gaussian

*** tstart() called on fedora
*** at Tue Oct 29 14:54:57 2024

   => Loading Basis Set <=

    Name: 6-31G
    Role: ORBITAL
    Keyword: BASIS
    atoms 1   entry O          line   117 file /home/wh/.conda/envs/mp2/share/psi4/basis/6-31g.gbs 
    atoms 2-3 entry H          line    26 file /home/wh/.conda/envs/mp2/share/psi4/basis/6-31g.gbs 


         ---------------------------------------------------------
                                   SCF
               by Justin Turney, Rob Parrish, Andy Simmonett
                          and Daniel G. A. Smith
                              RHF Reference
                        1 Threads,   1907 MiB Core
         ---------------------------------------------------------

  ==> Geometry <==

    Molecular point group: c1
    Full point group: C2v

    Geometry (in Angstrom), charge = 0, multiplicity = 1:

       Center              X                  Y                   Z               Mass       
    ------------   -----------------  -----------------  -----------------  -----------------
         O            0.000000000000     0.000000000000    -0.066780637952    15.994914619570
         H            0.000000000000    -0.763478286466     0.529928592825     1.007825032230
         H            0.000000000000     0.763478286466     0.529928592825     1.007825032230

  Running in c1 symmetry.

  Rotational constants: A =     26.44851  B =     14.34789  C =      9.30181 [cm^-1]
  Rotational constants: A = 792906.45499  B = 430138.86256  C = 278861.19653 [MHz]
  Nuclear repulsion =    9.084261018641810

  Charge       = 0
  Multiplicity = 1
  Electrons    = 10
  Nalpha       = 5
  Nbeta        = 5

  ==> Algorithm <==

  SCF Algorithm Type is PK.
  DIIS enabled.
  MOM disabled.
  Fractional occupation disabled.
  Guess Type is SAD.
  Energy threshold   = 1.00e-08
  Density threshold  = 1.00e-08
  Integral threshold = 1.00e-12

  ==> Primary Basis <==

  Basis Set: 6-31G
    Blend: 6-31G
    Number of shells: 9
    Number of basis functions: 13
    Number of Cartesian functions: 13
    Spherical Harmonics?: false
    Max angular momentum: 1

  ==> Integral Setup <==

  Using in-core PK algorithm.
   Calculation information:
      Number of atoms:                   3
      Number of AO shells:               9
      Number of primitives:             22
      Number of atomic orbitals:        13
      Number of basis functions:        13

      Integral cutoff                 1.00e-12
      Number of threads:                 1

  Performing in-core PK
  Using 8372 doubles for integral storage.
  We computed 1035 shell quartets total.
  Whereas there are 1035 unique shell quartets.

  ==> DiskJK: Disk-Based J/K Matrices <==

    J tasked:                  Yes
    K tasked:                  Yes
    wK tasked:                  No
    Memory [MiB]:             1430
    Schwarz Cutoff:          1E-12

    OpenMP threads:              1

  Minimum eigenvalue in the overlap matrix is 6.9277382313E-02.
  Reciprocal condition number of the overlap matrix is 2.0219453121E-02.
    Using symmetric orthogonalization.

  ==> Pre-Iterations <==

  SCF Guess: Superposition of Atomic Densities via on-the-fly atomic UHF (no occupation information).

   -------------------------
    Irrep   Nso     Nmo    
   -------------------------
     A         13      13 
   -------------------------
    Total      13      13
   -------------------------

  ==> Iterations <==

                        Total Energy        Delta E     RMS |[F,P]|

   @RHF iter SAD:   -75.50752851746344   -7.55075e+01   0.00000e+00 
   @RHF iter   1:   -75.90899960356948   -4.01471e-01   3.11201e-02 DIIS/ADIIS
   @RHF iter   2:   -75.96347116437006   -5.44716e-02   1.83268e-02 DIIS/ADIIS
   @RHF iter   3:   -75.98278257587559   -1.93114e-02   2.50367e-03 DIIS/ADIIS
   @RHF iter   4:   -75.98337332360231   -5.90748e-04   2.90748e-04 DIIS/ADIIS
   @RHF iter   5:   -75.98338546193979   -1.21383e-05   3.95020e-05 DIIS
   @RHF iter   6:   -75.98338578898854   -3.27049e-07   6.88161e-06 DIIS
   @RHF iter   7:   -75.98338579998935   -1.10008e-08   1.42843e-06 DIIS
   @RHF iter   8:   -75.98338580050444   -5.15087e-10   2.51562e-07 DIIS
   @RHF iter   9:   -75.98338580051536   -1.09281e-11   2.62646e-08 DIIS
   @RHF iter  10:   -75.98338580051558   -2.13163e-13   2.46158e-09 DIIS
  Energy and wave function converged.


  ==> Post-Iterations <==

    Orbital Energies [Eh]
    ---------------------

    Doubly Occupied:                                                      

       1A    -20.563138     2A     -1.350757     3A     -0.702728  
       4A     -0.559917     5A     -0.501021  

    Virtual:                                                              

       6A      0.200883     7A      0.296500     8A      1.050261  
       9A      1.164252    10A      1.173350    11A      1.217680  
      12A      1.375335    13A      1.697412  

    Final Occupation by Irrep:
              A 
    DOCC [     5 ]
    NA   [     5 ]
    NB   [     5 ]

  @RHF Final Energy:   -75.98338580051558

   => Energetics <=

    Nuclear Repulsion Energy =              9.0842610186418096
    One-Electron Energy =                -122.7801712775219301
    Two-Electron Energy =                  37.7125244583645483
    Total Energy =                        -75.9833858005155776

Computation Completed


Properties will be evaluated at   0.000000,   0.000000,   0.000000 [a0]

Properties computed using the SCF density matrix


 Multipole Moments:

 ------------------------------------------------------------------------------------
     Multipole            Electronic (a.u.)      Nuclear  (a.u.)        Total (a.u.)
 ------------------------------------------------------------------------------------

 L = 1.  Multiply by 2.5417464519 to convert [e a0] to [Debye]
 Dipole X            :         -0.0000000            0.0000000           -0.0000000
 Dipole Y            :          0.0000000            0.0000000            0.0000000
 Dipole Z            :          0.0468197            0.9932629            1.0400826
 Magnitude           :                                                    1.0400826

 ------------------------------------------------------------------------------------

*** tstop() called on fedora at Tue Oct 29 14:54:57 2024
Module time:
	user time   =       0.28 seconds =       0.00 minutes
	system time =       0.04 seconds =       0.00 minutes
	total time  =          0 seconds =       0.00 minutes
Total time:
	user time   =       0.28 seconds =       0.00 minutes
	system time =       0.04 seconds =       0.00 minutes
	total time  =          0 seconds =       0.00 minutes

Scratch directory: /tmp/
   => Libint2 <=

    Primary   basis highest AM E, G, H:  6, 6, 3
    Auxiliary basis highest AM E, G, H:  7, 7, 4
    Onebody   basis highest AM E, G, H:  -, -, -
    Solid Harmonics ordering:            Gaussian

*** tstart() called on fedora
*** at Tue Oct 29 14:54:57 2024

   => Loading Basis Set <=

    Name: 6-31G
    Role: ORBITAL
    Keyword: BASIS
    atoms 1   entry O          line   117 file /home/wh/.conda/envs/mp2/share/psi4/basis/6-31g.gbs 
    atoms 2-3 entry H          line    26 file /home/wh/.conda/envs/mp2/share/psi4/basis/6-31g.gbs 


         ---------------------------------------------------------
                                   SCF
               by Justin Turney, Rob Parrish, Andy Simmonett
                          and Daniel G. A. Smith
                              RHF Reference
                        1 Threads,   1907 MiB Core
         ---------------------------------------------------------

  ==> Geometry <==

    Molecular point group: c1
    Full point group: C2v

    Geometry (in Angstrom), charge = 0, multiplicity = 1:

       Center              X                  Y                   Z               Mass       
    ------------   -----------------  -----------------  -----------------  -----------------
         O            0.000000000000     0.000000000000    -0.066780637952    15.994914619570
         H            0.000000000000    -0.763478286466     0.529928592825     1.007825032230
         H            0.000000000000     0.763478286466     0.529928592825     1.007825032230

  Running in c1 symmetry.

  Rotational constants: A =     26.44851  B =     14.34789  C =      9.30181 [cm^-1]
  Rotational constants: A = 792906.45499  B = 430138.86256  C = 278861.19653 [MHz]
  Nuclear repulsion =    9.084261018641808

  Charge       = 0
  Multiplicity = 1
  Electrons    = 10
  Nalpha       = 5
  Nbeta        = 5

  ==> Algorithm <==

  SCF Algorithm Type is PK.
  DIIS enabled.
  MOM disabled.
  Fractional occupation disabled.
  Guess Type is SAD.
  Energy threshold   = 1.00e-08
  Density threshold  = 1.00e-08
  Integral threshold = 1.00e-12

  ==> Primary Basis <==

  Basis Set: 6-31G
    Blend: 6-31G
    Number of shells: 9
    Number of basis functions: 13
    Number of Cartesian functions: 13
    Spherical Harmonics?: false
    Max angular momentum: 1

  ==> Integral Setup <==

  Using in-core PK algorithm.
   Calculation information:
      Number of atoms:                   3
      Number of AO shells:               9
      Number of primitives:             22
      Number of atomic orbitals:        13
      Number of basis functions:        13

      Integral cutoff                 1.00e-12
      Number of threads:                 1

  Performing in-core PK
  Using 8372 doubles for integral storage.
  We computed 1035 shell quartets total.
  Whereas there are 1035 unique shell quartets.

  ==> DiskJK: Disk-Based J/K Matrices <==

    J tasked:                  Yes
    K tasked:                  Yes
    wK tasked:                  No
    Memory [MiB]:             1430
    Schwarz Cutoff:          1E-12

    OpenMP threads:              1

  Minimum eigenvalue in the overlap matrix is 6.9277382313E-02.
  Reciprocal condition number of the overlap matrix is 2.0219453121E-02.
    Using symmetric orthogonalization.

  ==> Pre-Iterations <==

  SCF Guess: Superposition of Atomic Densities via on-the-fly atomic UHF (no occupation information).

   -------------------------
    Irrep   Nso     Nmo    
   -------------------------
     A         13      13 
   -------------------------
    Total      13      13
   -------------------------

  ==> Iterations <==

                        Total Energy        Delta E     RMS |[F,P]|

   @RHF iter SAD:   -75.50752851746346   -7.55075e+01   0.00000e+00 
   @RHF iter   1:   -75.90899960356948   -4.01471e-01   3.11201e-02 DIIS/ADIIS
   @RHF iter   2:   -75.96347116437005   -5.44716e-02   1.83268e-02 DIIS/ADIIS
   @RHF iter   3:   -75.98278257587549   -1.93114e-02   2.50367e-03 DIIS/ADIIS
   @RHF iter   4:   -75.98337332360232   -5.90748e-04   2.90748e-04 DIIS/ADIIS
   @RHF iter   5:   -75.98338546193986   -1.21383e-05   3.95020e-05 DIIS
   @RHF iter   6:   -75.98338578898863   -3.27049e-07   6.88161e-06 DIIS
   @RHF iter   7:   -75.98338579998948   -1.10009e-08   1.42843e-06 DIIS
   @RHF iter   8:   -75.98338580050439   -5.14916e-10   2.51562e-07 DIIS
   @RHF iter   9:   -75.98338580051528   -1.08855e-11   2.62646e-08 DIIS
   @RHF iter  10:   -75.98338580051552   -2.41585e-13   2.46158e-09 DIIS
  Energy and wave function converged.


  ==> Post-Iterations <==

    Orbital Energies [Eh]
    ---------------------

    Doubly Occupied:                                                      

       1A    -20.563138     2A     -1.350757     3A     -0.702728  
       4A     -0.559917     5A     -0.501021  

    Virtual:                                                              

       6A      0.200883     7A      0.296500     8A      1.050261  
       9A      1.164252    10A      1.173350    11A      1.217680  
      12A      1.375335    13A      1.697412  

    Final Occupation by Irrep:
              A 
    DOCC [     5 ]
    NA   [     5 ]
    NB   [     5 ]

  @RHF Final Energy:   -75.98338580051552

   => Energetics <=

    Nuclear Repulsion Energy =              9.0842610186418078
    One-Electron Energy =                -122.7801712775218448
    Two-Electron Energy =                  37.7125244583645198
    Total Energy =                        -75.9833858005155207

Computation Completed


Properties will be evaluated at   0.000000,   0.000000,   0.000000 [a0]

Properties computed using the SCF density matrix


 Multipole Moments:

 ------------------------------------------------------------------------------------
     Multipole            Electronic (a.u.)      Nuclear  (a.u.)        Total (a.u.)
 ------------------------------------------------------------------------------------

 L = 1.  Multiply by 2.5417464519 to convert [e a0] to [Debye]
 Dipole X            :         -0.0000000            0.0000000           -0.0000000
 Dipole Y            :          0.0000000            0.0000000            0.0000000
 Dipole Z            :          0.0468197            0.9932629            1.0400826
 Magnitude           :                                                    1.0400826

 ------------------------------------------------------------------------------------

*** tstop() called on fedora at Tue Oct 29 14:54:57 2024
Module time:
	user time   =       0.15 seconds =       0.00 minutes
	system time =       0.00 seconds =       0.00 minutes
	total time  =          0 seconds =       0.00 minutes
Total time:
	user time   =       0.51 seconds =       0.01 minutes
	system time =       0.04 seconds =       0.00 minutes
	total time  =          0 seconds =       0.00 minutes
 MINTS: Wrapper to libmints.
   by Justin Turney

   Calculation information:
      Number of threads:                 1
      Number of atoms:                   3
      Number of AO shells:               9
      Number of SO shells:               9
      Number of primitives:             22
      Number of atomic orbitals:        13
      Number of basis functions:        13

      Number of irreps:                  1
      Integral cutoff                 1.00e-12
      Number of functions per irrep: [  13 ]

 OEINTS: Overlap, kinetic, potential, dipole, and quadrupole integrals
         stored in file 35.

      Computing two-electron integrals...done
      Computed 2260 non-zero two-electron integrals.
        Stored in file 33.


*** tstart() called on fedora
*** at Tue Oct 29 14:54:57 2024



  Module OCC Options:
  ----------------------------------------------------------------------------
  ACTIVE                        => (empty)          
  BASIS_RELATIVISTIC            => (empty)          
  BENCH                         => (empty)          
  CACHELEVEL                    => (empty)          
  CCL_ENERGY                    => (empty)          
  CC_MAXITER                    => (empty)          
  CC_TYPE                       => (empty)          
  CEPA_OS_SCALE                 => (empty)          
  CEPA_SOS_SCALE                => (empty)          
  CEPA_SS_SCALE                 => (empty)          
  CEPA_TYPE                     => (empty)          
  CI_TYPE                       => (empty)          
  CUBEPROP_BASIS_FUNCTIONS      => (empty)          
  CUBEPROP_FILEPATH             => (empty)          
  CUBEPROP_ISOCONTOUR_THRESHOLD => (empty)          
  CUBEPROP_ORBITALS             => (empty)          
  CUBEPROP_TASKS                => (empty)          
  CUBIC_BASIS_TOLERANCE         => (empty)          
  CUBIC_BLOCK_MAX_POINTS        => (empty)          
  CUBIC_GRID_OVERAGE            => (empty)          
  CUBIC_GRID_SPACING            => (empty)          
  CUTOFF                        => (empty)          
  DDX                           => (empty)          
  DEBUG                         => (empty)          
  DERTYPE                       => (empty)          
  DF_BASIS_CC                   => (empty)          
  DIE_IF_NOT_CONVERGED          => (empty)          
  DIIS_MAX_VECS                 => (empty)          
  DIIS_MIN_VECS                 => (empty)          
  DKH_ORDER                     => (empty)          
  DOCC                          => (empty)          
  DO_DIIS                       => (empty)          
  DO_LEVEL_SHIFT                => (empty)          
  DO_SCS                        => (empty)          
  DO_SOS                        => (empty)          
  E3_SCALE                      => (empty)          
  EA_POLES                      => (empty)          
  EKT_EA                        => (empty)          
  EKT_IP                        => (empty)          
  EP_EA_POLES                   => (empty)          
  EP_IP_POLES                   => (empty)          
  EP_MAXITER                    => (empty)          
  EXTERNAL_POTENTIAL_SYMMETRY   => (empty)          
  E_CONVERGENCE                 => 1e-08           !
  FREEZE_CORE                   => (empty)          
  FREEZE_CORE_POLICY            => (empty)          
  FROZEN_DOCC                   => (empty)          
  FROZEN_UOCC                   => (empty)          
  INTEGRAL_PACKAGE              => (empty)          
  IP_POLES                      => (empty)          
  LEVEL_SHIFT                   => (empty)          
  LITERAL_CFOUR                 => (empty)          
  MAT_NUM_COLUMN_PRINT          => (empty)          
  MAX_MOGRAD_CONVERGENCE        => (empty)          
  MAX_RADIAL_MOMENT             => (empty)          
  MBIS_D_CONVERGENCE            => (empty)          
  MBIS_MAXITER                  => (empty)          
  MBIS_PRUNING_SCHEME           => (empty)          
  MBIS_RADIAL_POINTS            => (empty)          
  MBIS_SPHERICAL_POINTS         => (empty)          
  MOGRAD_DAMPING                => (empty)          
  MOLDEN_WITH_VIRTUAL           => (empty)          
  MO_MAXITER                    => (empty)          
  MO_READ                       => (empty)          
  MO_STEP_MAX                   => (empty)          
  MO_WRITE                      => (empty)          
  MP2_OS_SCALE                  => (empty)          
  MP2_SOS_SCALE                 => (empty)          
  MP2_SOS_SCALE2                => (empty)          
  MP2_SS_SCALE                  => (empty)          
  MP2_TYPE                      => CONV            !
  MP_TYPE                       => (empty)          
  NAT_ORBS                      => (empty)          
  NUM_FROZEN_DOCC               => (empty)          
  NUM_FROZEN_UOCC               => (empty)          
  NUM_GPUS                      => (empty)          
  OCC_ORBS_PRINT                => (empty)          
  OEPROP                        => (empty)          
  OPT_METHOD                    => (empty)          
  ORB_OPT                       => FALSE           !
  ORB_RESP_SOLVER               => (empty)          
  ORTH_TYPE                     => (empty)          
  OS_SCALE                      => (empty)          
  PARENT_SYMMETRY               => (empty)          
  PCG_BETA_TYPE                 => (empty)          
  PCG_CONVERGENCE               => (empty)          
  PCG_MAXITER                   => (empty)          
  PCM                           => (empty)          
  PE                            => (empty)          
  PRINT                         => (empty)          
  PRINT_NOONS                   => (empty)          
  PROPERTIES                    => (empty)          
  PROPERTIES_ORIGIN             => (empty)          
  PUREAM                        => (empty)          
  QC_MODULE                     => (empty)          
  RAS1                          => (empty)          
  RAS2                          => (empty)          
  RAS3                          => (empty)          
  RAS4                          => (empty)          
  RELATIVISTIC                  => (empty)          
  RELAXED                       => (empty)          
  REMP_A                        => (empty)          
  RESTRICTED_DOCC               => (empty)          
  RESTRICTED_UOCC               => (empty)          
  RMS_MOGRAD_CONVERGENCE        => (empty)          
  R_CONVERGENCE                 => (empty)          
  SCF_TYPE                      => PK              !
  SCREENING                     => (empty)          
  SCS_TYPE                      => (empty)          
  SOCC                          => (empty)          
  SOS_TYPE                      => (empty)          
  SPIN_SCALE_TYPE               => NONE            !
  SS_SCALE                      => (empty)          
  SYMMETRIZE                    => (empty)          
  TPDM_ABCD_TYPE                => (empty)          
  WFN                           => (empty)          
  WFN_TYPE                      => OMP2            !
  WRITER_FILE_LABEL             => (empty)          


 ============================================================================== 
 ============================================================================== 
 ============================================================================== 

                             MP2   
                    Program Written by Ugur Bozkaya,
              Additional Contributions by J. P. Misiewicz

 ============================================================================== 
 ============================================================================== 
 ============================================================================== 

	MO spaces per irreps... 

	IRREP   FC    OCC   VIR  FV 
	==============================
	   A     0     5     8    0
	==============================

	Memory is   2000 MB 
	Cost of iabc is      0 MB 
	Cost of abcd is      0 MB 
	Switching to the incore algorithm for iabc..
	Switching to the incore algorithm for abcd..

	Computing MP2 energy using SCF MOs (Canonical MP2)... 
	============================================================================== 
	Nuclear Repulsion Energy (a.u.)    :     9.08426101864181
	SCF Energy (a.u.)                  :   -75.98338580051552
	REF Energy (a.u.)                  :   -75.98338580051552
	Alpha-Alpha Contribution (a.u.)    :    -0.01519260502755
	Alpha-Beta Contribution (a.u.)     :    -0.09953034734482
	Beta-Beta Contribution (a.u.)      :    -0.01519260502755
	Scaled_SS Correlation Energy (a.u.):    -0.01012840335170
	Scaled_OS Correlation Energy (a.u.):    -0.11943641681378
	SCS-MP2 Total Energy (a.u.)        :   -76.11295062068100
	SOS-MP2 Total Energy (a.u.)        :   -76.11277525206378
	SCSN-MP2 Total Energy (a.u.)       :   -76.03686377021251
	SCS-MP2-VDW Total Energy (a.u.)    :   -76.12597725014444
	SOS-PI-MP2 Total Energy (a.u.)     :   -76.12272828679826
	MP2 Correlation Energy (a.u.)      :    -0.12991555739993
	MP2 Total Energy (a.u.)            :   -76.11330135791545
	============================================================================== 


*** tstop() called on fedora at Tue Oct 29 14:54:57 2024
Module time:
	user time   =       0.00 seconds =       0.00 minutes
	system time =       0.00 seconds =       0.00 minutes
	total time  =          0 seconds =       0.00 minutes
Total time:
	user time   =       0.52 seconds =       0.01 minutes
	system time =       0.04 seconds =       0.00 minutes
	total time  =          0 seconds =       0.00 minutes
    MP2 Energy............................................................................PASSED
