
Scratch directory: /tmp/

*** tstart() called on asax029.asc.edu
*** at Tue Nov 19 09:27:50 2024

   => Loading Basis Set <=

    Name: CC-PVTZ
    Role: ORBITAL
    Keyword: BASIS
    atoms 1   entry O          line   262 file /home/aubclsd0286/.conda/envs/mp2/share/psi4/basis/cc-pvtz.gbs 
    atoms 2-3 entry H          line    23 file /home/aubclsd0286/.conda/envs/mp2/share/psi4/basis/cc-pvtz.gbs 


         ---------------------------------------------------------
                                   SCF
               by Justin Turney, Rob Parrish, Andy Simmonett
                          and Daniel G. A. Smith
                              RHF Reference
                        1 Threads, 457763 MiB Core
         ---------------------------------------------------------

  ==> Geometry <==

    Molecular point group: c1
    Full point group: C2v

    Geometry (in Angstrom), charge = 0, multiplicity = 1:

       Center              X                  Y                   Z               Mass       
    ------------   -----------------  -----------------  -----------------  -----------------
         O            0.000000000000     0.000000000000    -0.066780637952    15.994914619570
         H            0.000000000000    -0.763478286466     0.529928592825     1.007825032230
         H            0.000000000000     0.763478286466     0.529928592825     1.007825032230

  Running in c1 symmetry.

  Rotational constants: A =     26.44851  B =     14.34789  C =      9.30181 [cm^-1]
  Rotational constants: A = 792906.45499  B = 430138.86256  C = 278861.19653 [MHz]
  Nuclear repulsion =    9.084261018641806

  Charge       = 0
  Multiplicity = 1
  Electrons    = 10
  Nalpha       = 5
  Nbeta        = 5

  ==> Algorithm <==

  SCF Algorithm Type is PK.
  DIIS enabled.
  MOM disabled.
  Fractional occupation disabled.
  Guess Type is SAD.
  Energy threshold   = 1.00e-08
  Density threshold  = 1.00e-08
  Integral threshold = 1.00e-12

  ==> Primary Basis <==

  Basis Set: CC-PVTZ
    Blend: CC-PVTZ
    Number of shells: 22
    Number of basis functions: 58
    Number of Cartesian functions: 65
    Spherical Harmonics?: true
    Max angular momentum: 3

  ==> Integral Setup <==

  Using in-core PK algorithm.
   Calculation information:
      Number of atoms:                   3
      Number of AO shells:              22
      Number of primitives:             42
      Number of atomic orbitals:        65
      Number of basis functions:        58

      Integral cutoff                 1.00e-12
      Number of threads:                 1

  Performing in-core PK
  Using 2929232 doubles for integral storage.
  We computed 32131 shell quartets total.
  Whereas there are 32131 unique shell quartets.

  ==> DiskJK: Disk-Based J/K Matrices <==

    J tasked:                  Yes
    K tasked:                  Yes
    wK tasked:                  No
    Memory [MiB]:           343322
    Schwarz Cutoff:          1E-12

    OpenMP threads:              1

  Minimum eigenvalue in the overlap matrix is 2.6043844907E-03.
  Reciprocal condition number of the overlap matrix is 5.1227303532E-04.
    Using symmetric orthogonalization.

  ==> Pre-Iterations <==

  SCF Guess: Superposition of Atomic Densities via on-the-fly atomic UHF (no occupation information).

   -------------------------
    Irrep   Nso     Nmo    
   -------------------------
     A         58      58 
   -------------------------
    Total      58      58
   -------------------------

  ==> Iterations <==

                        Total Energy        Delta E     RMS |[F,P]|

   @RHF iter SAD:   -75.48762894719844   -7.54876e+01   0.00000e+00 
   @RHF iter   1:   -75.97711580266193   -4.89487e-01   7.77190e-03 ADIIS/DIIS
   @RHF iter   2:   -76.02954664764979   -5.24308e-02   5.07747e-03 ADIIS/DIIS
   @RHF iter   3:   -76.05564387477428   -2.60972e-02   3.91267e-04 ADIIS/DIIS
   @RHF iter   4:   -76.05605886565213   -4.14991e-04   9.46090e-05 DIIS
   @RHF iter   5:   -76.05608569194280   -2.68263e-05   1.97088e-05 DIIS
   @RHF iter   6:   -76.05608737923664   -1.68729e-06   3.81729e-06 DIIS
   @RHF iter   7:   -76.05608744313967   -6.39030e-08   6.03244e-07 DIIS
   @RHF iter   8:   -76.05608744445195   -1.31227e-09   9.45771e-08 DIIS
   @RHF iter   9:   -76.05608744448611   -3.41629e-11   2.67370e-08 DIIS
   @RHF iter  10:   -76.05608744448931   -3.19744e-12   3.38407e-09 DIIS
  Energy and wave function converged.


  ==> Post-Iterations <==

    Orbital Energies [Eh]
    ---------------------

    Doubly Occupied:                                                      

       1A    -20.557080     2A     -1.340056     3A     -0.702392  
       4A     -0.576540     5A     -0.503717  

    Virtual:                                                              

       6A      0.140928     7A      0.203066     8A      0.538446  
       9A      0.597190    10A      0.670093    11A      0.787161  
      12A      0.796025    13A      0.805410    14A      0.859782  
      15A      0.951753    16A      1.141112    17A      1.191771  
      18A      1.515137    19A      1.549255    20A      2.034444  
      21A      2.060237    22A      2.069007    23A      2.168930  
      24A      2.237516    25A      2.581056    26A      2.955176  
      27A      3.351023    28A      3.482593    29A      3.577855  
      30A      3.643232    31A      3.790278    32A      3.865345  
      33A      3.882864    34A      3.955607    35A      4.016354  
      36A      4.069510    37A      4.178369    38A      4.292487  
      39A      4.365060    40A      4.563012    41A      4.674063  
      42A      4.840663    43A      5.119447    44A      5.244511  
      45A      5.519919    46A      6.031299    47A      6.533007  
      48A      6.880422    49A      6.920745    50A      6.989504  
      51A      7.003206    52A      7.014208    53A      7.168146  
      54A      7.215141    55A      7.443921    56A      7.766815  
      57A      8.241563    58A     12.681969  

    Final Occupation by Irrep:
              A 
    DOCC [     5 ]

  @RHF Final Energy:   -76.05608744448931

   => Energetics <=

    Nuclear Repulsion Energy =              9.0842610186418060
    One-Electron Energy =                -122.9211266552563018
    Two-Electron Energy =                  37.7807781921251831
    Total Energy =                        -76.0560874444893074

Computation Completed


Properties will be evaluated at   0.000000,   0.000000,   0.000000 [a0]

Properties computed using the SCF density matrix


 Multipole Moments:

 ------------------------------------------------------------------------------------
     Multipole            Electronic (a.u.)      Nuclear  (a.u.)        Total (a.u.)
 ------------------------------------------------------------------------------------

 L = 1.  Multiply by 2.5417464519 to convert [e a0] to [Debye]
 Dipole X            :          0.0000000            0.0000000            0.0000000
 Dipole Y            :          0.0000000            0.0000000            0.0000000
 Dipole Z            :         -0.1895039            0.9932629            0.8037589
 Magnitude           :                                                    0.8037589

 ------------------------------------------------------------------------------------

*** tstop() called on asax029.asc.edu at Tue Nov 19 09:27:51 2024
Module time:
	user time   =       1.03 seconds =       0.02 minutes
	system time =       0.05 seconds =       0.00 minutes
	total time  =          1 seconds =       0.02 minutes
Total time:
	user time   =       1.03 seconds =       0.02 minutes
	system time =       0.05 seconds =       0.00 minutes
	total time  =          1 seconds =       0.02 minutes

Scratch directory: /tmp/

*** tstart() called on asax029.asc.edu
*** at Tue Nov 19 09:27:53 2024

   => Loading Basis Set <=

    Name: CC-PVTZ
    Role: ORBITAL
    Keyword: BASIS
    atoms 1   entry O          line   262 file /home/aubclsd0286/.conda/envs/mp2/share/psi4/basis/cc-pvtz.gbs 
    atoms 2-3 entry H          line    23 file /home/aubclsd0286/.conda/envs/mp2/share/psi4/basis/cc-pvtz.gbs 


         ---------------------------------------------------------
                                   SCF
               by Justin Turney, Rob Parrish, Andy Simmonett
                          and Daniel G. A. Smith
                              RHF Reference
                        1 Threads, 457763 MiB Core
         ---------------------------------------------------------

  ==> Geometry <==

    Molecular point group: c1
    Full point group: C2v

    Geometry (in Angstrom), charge = 0, multiplicity = 1:

       Center              X                  Y                   Z               Mass       
    ------------   -----------------  -----------------  -----------------  -----------------
         O            0.000000000000     0.000000000000    -0.066780637952    15.994914619570
         H            0.000000000000    -0.763478286466     0.529928592825     1.007825032230
         H            0.000000000000     0.763478286466     0.529928592825     1.007825032230

  Running in c1 symmetry.

  Rotational constants: A =     26.44851  B =     14.34789  C =      9.30181 [cm^-1]
  Rotational constants: A = 792906.45499  B = 430138.86256  C = 278861.19653 [MHz]
  Nuclear repulsion =    9.084261018641806

  Charge       = 0
  Multiplicity = 1
  Electrons    = 10
  Nalpha       = 5
  Nbeta        = 5

  ==> Algorithm <==

  SCF Algorithm Type is PK.
  DIIS enabled.
  MOM disabled.
  Fractional occupation disabled.
  Guess Type is SAD.
  Energy threshold   = 1.00e-08
  Density threshold  = 1.00e-08
  Integral threshold = 1.00e-12

  ==> Primary Basis <==

  Basis Set: CC-PVTZ
    Blend: CC-PVTZ
    Number of shells: 22
    Number of basis functions: 58
    Number of Cartesian functions: 65
    Spherical Harmonics?: true
    Max angular momentum: 3

  ==> Integral Setup <==

  Using in-core PK algorithm.
   Calculation information:
      Number of atoms:                   3
      Number of AO shells:              22
      Number of primitives:             42
      Number of atomic orbitals:        65
      Number of basis functions:        58

      Integral cutoff                 1.00e-12
      Number of threads:                 1

  Performing in-core PK
  Using 2929232 doubles for integral storage.
  We computed 32131 shell quartets total.
  Whereas there are 32131 unique shell quartets.

  ==> DiskJK: Disk-Based J/K Matrices <==

    J tasked:                  Yes
    K tasked:                  Yes
    wK tasked:                  No
    Memory [MiB]:           343322
    Schwarz Cutoff:          1E-12

    OpenMP threads:              1

  Minimum eigenvalue in the overlap matrix is 2.6043844907E-03.
  Reciprocal condition number of the overlap matrix is 5.1227303532E-04.
    Using symmetric orthogonalization.

  ==> Pre-Iterations <==

  SCF Guess: Superposition of Atomic Densities via on-the-fly atomic UHF (no occupation information).

   -------------------------
    Irrep   Nso     Nmo    
   -------------------------
     A         58      58 
   -------------------------
    Total      58      58
   -------------------------

  ==> Iterations <==

                        Total Energy        Delta E     RMS |[F,P]|

   @RHF iter SAD:   -75.48762894719842   -7.54876e+01   0.00000e+00 
   @RHF iter   1:   -75.97711580266181   -4.89487e-01   7.77190e-03 ADIIS/DIIS
   @RHF iter   2:   -76.02954664764965   -5.24308e-02   5.07747e-03 ADIIS/DIIS
   @RHF iter   3:   -76.05564387477411   -2.60972e-02   3.91267e-04 ADIIS/DIIS
   @RHF iter   4:   -76.05605886565223   -4.14991e-04   9.46090e-05 DIIS
   @RHF iter   5:   -76.05608569194267   -2.68263e-05   1.97088e-05 DIIS
   @RHF iter   6:   -76.05608737923663   -1.68729e-06   3.81729e-06 DIIS
   @RHF iter   7:   -76.05608744313949   -6.39029e-08   6.03244e-07 DIIS
   @RHF iter   8:   -76.05608744445185   -1.31236e-09   9.45771e-08 DIIS
   @RHF iter   9:   -76.05608744448604   -3.41913e-11   2.67370e-08 DIIS
   @RHF iter  10:   -76.05608744448918   -3.14060e-12   3.38407e-09 DIIS
  Energy and wave function converged.


  ==> Post-Iterations <==

    Orbital Energies [Eh]
    ---------------------

    Doubly Occupied:                                                      

       1A    -20.557080     2A     -1.340056     3A     -0.702392  
       4A     -0.576540     5A     -0.503717  

    Virtual:                                                              

       6A      0.140928     7A      0.203066     8A      0.538446  
       9A      0.597190    10A      0.670093    11A      0.787161  
      12A      0.796025    13A      0.805410    14A      0.859782  
      15A      0.951753    16A      1.141112    17A      1.191771  
      18A      1.515137    19A      1.549255    20A      2.034444  
      21A      2.060237    22A      2.069007    23A      2.168930  
      24A      2.237516    25A      2.581056    26A      2.955176  
      27A      3.351023    28A      3.482593    29A      3.577855  
      30A      3.643232    31A      3.790278    32A      3.865345  
      33A      3.882864    34A      3.955607    35A      4.016354  
      36A      4.069510    37A      4.178369    38A      4.292487  
      39A      4.365060    40A      4.563012    41A      4.674063  
      42A      4.840663    43A      5.119447    44A      5.244511  
      45A      5.519919    46A      6.031299    47A      6.533007  
      48A      6.880422    49A      6.920745    50A      6.989504  
      51A      7.003206    52A      7.014208    53A      7.168146  
      54A      7.215141    55A      7.443921    56A      7.766815  
      57A      8.241563    58A     12.681969  

    Final Occupation by Irrep:
              A 
    DOCC [     5 ]

  @RHF Final Energy:   -76.05608744448918

   => Energetics <=

    Nuclear Repulsion Energy =              9.0842610186418060
    One-Electron Energy =                -122.9211266552561028
    Two-Electron Energy =                  37.7807781921251120
    Total Energy =                        -76.0560874444891795

Computation Completed


Properties will be evaluated at   0.000000,   0.000000,   0.000000 [a0]

Properties computed using the SCF density matrix


 Multipole Moments:

 ------------------------------------------------------------------------------------
     Multipole            Electronic (a.u.)      Nuclear  (a.u.)        Total (a.u.)
 ------------------------------------------------------------------------------------

 L = 1.  Multiply by 2.5417464519 to convert [e a0] to [Debye]
 Dipole X            :          0.0000000            0.0000000            0.0000000
 Dipole Y            :         -0.0000000           -0.0000000           -0.0000000
 Dipole Z            :         -0.1895039            0.9932629            0.8037589
 Magnitude           :                                                    0.8037589

 ------------------------------------------------------------------------------------

*** tstop() called on asax029.asc.edu at Tue Nov 19 09:27:54 2024
Module time:
	user time   =       0.72 seconds =       0.01 minutes
	system time =       0.01 seconds =       0.00 minutes
	total time  =          1 seconds =       0.02 minutes
Total time:
	user time   =       2.92 seconds =       0.05 minutes
	system time =       0.08 seconds =       0.00 minutes
	total time  =          4 seconds =       0.07 minutes
 MINTS: Wrapper to libmints.
   by Justin Turney

   Calculation information:
      Number of threads:                 1
      Number of atoms:                   3
      Number of AO shells:              22
      Number of SO shells:              22
      Number of primitives:             42
      Number of atomic orbitals:        65
      Number of basis functions:        58

      Number of irreps:                  1
      Integral cutoff                 1.00e-12
      Number of functions per irrep: [  58 ]

 OEINTS: Overlap, kinetic, potential, dipole, and quadrupole integrals
         stored in file 35.

      Computing two-electron integrals...done
      Computed 682461 non-zero two-electron integrals.
        Stored in file 33.


*** tstart() called on asax029.asc.edu
*** at Tue Nov 19 09:27:54 2024



  Module OCC Options:
  ----------------------------------------------------------------------------
  ACTIVE                        => (empty)          
  BASIS_RELATIVISTIC            => (empty)          
  BENCH                         => (empty)          
  CACHELEVEL                    => (empty)          
  CCL_ENERGY                    => (empty)          
  CC_MAXITER                    => (empty)          
  CC_TYPE                       => (empty)          
  CEPA_OS_SCALE                 => (empty)          
  CEPA_SOS_SCALE                => (empty)          
  CEPA_SS_SCALE                 => (empty)          
  CEPA_TYPE                     => (empty)          
  CI_TYPE                       => (empty)          
  CUBEPROP_BASIS_FUNCTIONS      => (empty)          
  CUBEPROP_FILEPATH             => (empty)          
  CUBEPROP_ISOCONTOUR_THRESHOLD => (empty)          
  CUBEPROP_ORBITALS             => (empty)          
  CUBEPROP_TASKS                => (empty)          
  CUBIC_BASIS_TOLERANCE         => (empty)          
  CUBIC_BLOCK_MAX_POINTS        => (empty)          
  CUBIC_GRID_OVERAGE            => (empty)          
  CUBIC_GRID_SPACING            => (empty)          
  CUTOFF                        => (empty)          
  DEBUG                         => (empty)          
  DERTYPE                       => (empty)          
  DF_BASIS_CC                   => (empty)          
  DIE_IF_NOT_CONVERGED          => (empty)          
  DIIS_MAX_VECS                 => (empty)          
  DIIS_MIN_VECS                 => (empty)          
  DKH_ORDER                     => (empty)          
  DOCC                          => (empty)          
  DO_DIIS                       => (empty)          
  DO_LEVEL_SHIFT                => (empty)          
  DO_SCS                        => (empty)          
  DO_SOS                        => (empty)          
  E3_SCALE                      => (empty)          
  EA_POLES                      => (empty)          
  EKT_EA                        => (empty)          
  EKT_IP                        => (empty)          
  EP_EA_POLES                   => (empty)          
  EP_IP_POLES                   => (empty)          
  EP_MAXITER                    => (empty)          
  EXTERNAL_POTENTIAL_SYMMETRY   => (empty)          
  E_CONVERGENCE                 => 1e-08           !
  FREEZE_CORE                   => (empty)          
  FROZEN_DOCC                   => (empty)          
  FROZEN_UOCC                   => (empty)          
  INTEGRAL_PACKAGE              => (empty)          
  IP_POLES                      => (empty)          
  LEVEL_SHIFT                   => (empty)          
  LINEQ_SOLVER                  => (empty)          
  LITERAL_CFOUR                 => (empty)          
  MAT_NUM_COLUMN_PRINT          => (empty)          
  MAX_MOGRAD_CONVERGENCE        => (empty)          
  MAX_RADIAL_MOMENT             => (empty)          
  MBIS_D_CONVERGENCE            => (empty)          
  MBIS_MAXITER                  => (empty)          
  MBIS_PRUNING_SCHEME           => (empty)          
  MBIS_RADIAL_POINTS            => (empty)          
  MBIS_SPHERICAL_POINTS         => (empty)          
  MOGRAD_DAMPING                => (empty)          
  MOLDEN_WITH_VIRTUAL           => (empty)          
  MO_MAXITER                    => (empty)          
  MO_READ                       => (empty)          
  MO_STEP_MAX                   => (empty)          
  MO_WRITE                      => (empty)          
  MP2_OS_SCALE                  => (empty)          
  MP2_SOS_SCALE                 => (empty)          
  MP2_SOS_SCALE2                => (empty)          
  MP2_SS_SCALE                  => (empty)          
  MP2_TYPE                      => CONV            !
  MP_TYPE                       => (empty)          
  NAT_ORBS                      => (empty)          
  NUM_FROZEN_DOCC               => (empty)          
  NUM_FROZEN_UOCC               => (empty)          
  NUM_GPUS                      => (empty)          
  OCC_ORBS_PRINT                => (empty)          
  OEPROP                        => (empty)          
  OPT_METHOD                    => (empty)          
  ORB_OPT                       => FALSE           !
  ORB_RESP_SOLVER               => (empty)          
  ORTH_TYPE                     => (empty)          
  OS_SCALE                      => (empty)          
  PARENT_SYMMETRY               => (empty)          
  PCG_BETA_TYPE                 => (empty)          
  PCG_CONVERGENCE               => (empty)          
  PCG_MAXITER                   => (empty)          
  PCM                           => (empty)          
  PE                            => (empty)          
  PRINT                         => (empty)          
  PRINT_NOONS                   => (empty)          
  PROPERTIES                    => (empty)          
  PROPERTIES_ORIGIN             => (empty)          
  PUREAM                        => (empty)          
  QC_MODULE                     => (empty)          
  RAS1                          => (empty)          
  RAS2                          => (empty)          
  RAS3                          => (empty)          
  RAS4                          => (empty)          
  RELATIVISTIC                  => (empty)          
  RELAXED                       => (empty)          
  RESTRICTED_DOCC               => (empty)          
  RESTRICTED_UOCC               => (empty)          
  RMS_MOGRAD_CONVERGENCE        => (empty)          
  R_CONVERGENCE                 => (empty)          
  SCF_TYPE                      => PK              !
  SCREENING                     => (empty)          
  SCS_TYPE                      => (empty)          
  SOCC                          => (empty)          
  SOS_TYPE                      => (empty)          
  SPIN_SCALE_TYPE               => NONE            !
  SS_SCALE                      => (empty)          
  SYMMETRIZE                    => (empty)          
  TPDM_ABCD_TYPE                => (empty)          
  WFN                           => (empty)          
  WFN_TYPE                      => OMP2            !
  WRITER_FILE_LABEL             => (empty)          


 ============================================================================== 
 ============================================================================== 
 ============================================================================== 

                             MP2   
                    Program Written by Ugur Bozkaya,
              Additional Contributions by J. P. Misiewicz

 ============================================================================== 
 ============================================================================== 
 ============================================================================== 

	MO spaces per irreps... 

	IRREP   FC    OCC   VIR  FV 
	==============================
	   A     0     5    53    0
	==============================

	Memory is 480000 MB 
	Cost of iabc is      0 MB 
	Cost of abcd is     56 MB 
	Switching to the incore algorithm for iabc..
	Switching to the incore algorithm for abcd..

	Computing MP2 energy using SCF MOs (Canonical MP2)... 
	============================================================================== 
	Nuclear Repulsion Energy (a.u.)    :     9.08426101864181
	SCF Energy (a.u.)                  :   -76.05608744448918
	REF Energy (a.u.)                  :   -76.05608744448918
	Alpha-Alpha Contribution (a.u.)    :    -0.03336915094776
	Alpha-Beta Contribution (a.u.)     :    -0.20917487771424
	Beta-Beta Contribution (a.u.)      :    -0.03336915094776
	Scaled_SS Correlation Energy (a.u.):    -0.02224610063184
	Scaled_OS Correlation Energy (a.u.):    -0.25100985325708
	SCS-MP2 Total Energy (a.u.)        :   -76.32934339837810
	SOS-MP2 Total Energy (a.u.)        :   -76.30709729774627
	SCSN-MP2 Total Energy (a.u.)       :   -76.17354685582526
	SCS-MP2-VDW Total Energy (a.u.)    :   -76.35720043891115
	SOS-PI-MP2 Total Energy (a.u.)     :   -76.34893227328911
	MP2 Correlation Energy (a.u.)      :    -0.27591317960975
	MP2 Total Energy (a.u.)            :   -76.33200062409892
	============================================================================== 


*** tstop() called on asax029.asc.edu at Tue Nov 19 09:27:54 2024
Module time:
	user time   =       0.16 seconds =       0.00 minutes
	system time =       0.03 seconds =       0.00 minutes
	total time  =          0 seconds =       0.00 minutes
Total time:
	user time   =       3.22 seconds =       0.05 minutes
	system time =       0.12 seconds =       0.00 minutes
	total time  =          4 seconds =       0.07 minutes
    MP2 Energy............................................................................PASSED
