
Scratch directory: /tmp/

*** tstart() called on asax027.asc.edu
*** at Tue Nov 12 08:38:46 2024

   => Loading Basis Set <=

    Name: CC-PVDZ
    Role: ORBITAL
    Keyword: BASIS
    atoms 1   entry O          line   198 file /home/aubclsd0286/.conda/envs/mp2/share/psi4/basis/cc-pvdz.gbs 
    atoms 2-3 entry H          line    22 file /home/aubclsd0286/.conda/envs/mp2/share/psi4/basis/cc-pvdz.gbs 


         ---------------------------------------------------------
                                   SCF
               by Justin Turney, Rob Parrish, Andy Simmonett
                          and Daniel G. A. Smith
                              RHF Reference
                        1 Threads, 457763 MiB Core
         ---------------------------------------------------------

  ==> Geometry <==

    Molecular point group: c1
    Full point group: C2v

    Geometry (in Angstrom), charge = 0, multiplicity = 1:

       Center              X                  Y                   Z               Mass       
    ------------   -----------------  -----------------  -----------------  -----------------
         O            0.000000000000     0.000000000000    -0.066780637952    15.994914619570
         H            0.000000000000    -0.763478286466     0.529928592825     1.007825032230
         H            0.000000000000     0.763478286466     0.529928592825     1.007825032230

  Running in c1 symmetry.

  Rotational constants: A =     26.44851  B =     14.34789  C =      9.30181 [cm^-1]
  Rotational constants: A = 792906.45499  B = 430138.86256  C = 278861.19653 [MHz]
  Nuclear repulsion =    9.084261018641806

  Charge       = 0
  Multiplicity = 1
  Electrons    = 10
  Nalpha       = 5
  Nbeta        = 5

  ==> Algorithm <==

  SCF Algorithm Type is PK.
  DIIS enabled.
  MOM disabled.
  Fractional occupation disabled.
  Guess Type is SAD.
  Energy threshold   = 1.00e-08
  Density threshold  = 1.00e-08
  Integral threshold = 1.00e-12

  ==> Primary Basis <==

  Basis Set: CC-PVDZ
    Blend: CC-PVDZ
    Number of shells: 12
    Number of basis functions: 24
    Number of Cartesian functions: 25
    Spherical Harmonics?: true
    Max angular momentum: 2

  ==> Integral Setup <==

  Using in-core PK algorithm.
   Calculation information:
      Number of atoms:                   3
      Number of AO shells:              12
      Number of primitives:             32
      Number of atomic orbitals:        25
      Number of basis functions:        24

      Integral cutoff                 1.00e-12
      Number of threads:                 1

  Performing in-core PK
  Using 90300 doubles for integral storage.
  We computed 3081 shell quartets total.
  Whereas there are 3081 unique shell quartets.

  ==> DiskJK: Disk-Based J/K Matrices <==

    J tasked:                  Yes
    K tasked:                  Yes
    wK tasked:                  No
    Memory [MiB]:           343322
    Schwarz Cutoff:          1E-12

    OpenMP threads:              1

  Minimum eigenvalue in the overlap matrix is 3.4949261060E-02.
  Reciprocal condition number of the overlap matrix is 9.4744027635E-03.
    Using symmetric orthogonalization.

  ==> Pre-Iterations <==

  SCF Guess: Superposition of Atomic Densities via on-the-fly atomic UHF (no occupation information).

   -------------------------
    Irrep   Nso     Nmo    
   -------------------------
     A         24      24 
   -------------------------
    Total      24      24
   -------------------------

  ==> Iterations <==

                        Total Energy        Delta E     RMS |[F,P]|

   @RHF iter SAD:   -75.49579738657404   -7.54958e+01   0.00000e+00 
   @RHF iter   1:   -75.95248493226953   -4.56688e-01   1.74031e-02 DIIS/ADIIS
   @RHF iter   2:   -76.00593056608068   -5.34456e-02   1.00800e-02 DIIS/ADIIS
   @RHF iter   3:   -76.02549543005762   -1.95649e-02   1.08050e-03 DIIS/ADIIS
   @RHF iter   4:   -76.02596635351826   -4.70923e-04   2.17244e-04 DIIS/ADIIS
   @RHF iter   5:   -76.02598739117337   -2.10377e-05   3.96050e-05 DIIS
   @RHF iter   6:   -76.02598836922169   -9.78048e-07   6.15586e-06 DIIS
   @RHF iter   7:   -76.02598839522037   -2.59987e-08   8.60507e-07 DIIS
   @RHF iter   8:   -76.02598839575361   -5.33248e-10   2.05222e-07 DIIS
   @RHF iter   9:   -76.02598839578926   -3.56408e-11   3.53747e-08 DIIS
   @RHF iter  10:   -76.02598839579022   -9.66338e-13   2.93756e-09 DIIS
  Energy and wave function converged.


  ==> Post-Iterations <==

    Orbital Energies [Eh]
    ---------------------

    Doubly Occupied:                                                      

       1A    -20.552788     2A     -1.331223     3A     -0.692056  
       4A     -0.565488     5A     -0.492520  

    Virtual:                                                              

       6A      0.183466     7A      0.254548     8A      0.779202  
       9A      0.845758    10A      1.164708    11A      1.200026  
      12A      1.254614    13A      1.441647    14A      1.474988  
      15A      1.669618    16A      1.868711    17A      1.925136  
      18A      2.423961    19A      2.462161    20A      3.278047  
      21A      3.325420    22A      3.497195    23A      3.849281  
      24A      4.137114  

    Final Occupation by Irrep:
              A 
    DOCC [     5 ]

  @RHF Final Energy:   -76.02598839579022

   => Energetics <=

    Nuclear Repulsion Energy =              9.0842610186418060
    One-Electron Energy =                -122.9523501671379222
    Two-Electron Energy =                  37.8421007527058890
    Total Energy =                        -76.0259883957902218

Computation Completed


Properties will be evaluated at   0.000000,   0.000000,   0.000000 [a0]

Properties computed using the SCF density matrix


 Multipole Moments:

 ------------------------------------------------------------------------------------
     Multipole            Electronic (a.u.)      Nuclear  (a.u.)        Total (a.u.)
 ------------------------------------------------------------------------------------

 L = 1.  Multiply by 2.5417464519 to convert [e a0] to [Debye]
 Dipole X            :         -0.0000000            0.0000000           -0.0000000
 Dipole Y            :          0.0000000            0.0000000            0.0000000
 Dipole Z            :         -0.1766604            0.9932629            0.8166025
 Magnitude           :                                                    0.8166025

 ------------------------------------------------------------------------------------

*** tstop() called on asax027.asc.edu at Tue Nov 12 08:38:46 2024
Module time:
	user time   =       0.60 seconds =       0.01 minutes
	system time =       0.03 seconds =       0.00 minutes
	total time  =          0 seconds =       0.00 minutes
Total time:
	user time   =       0.60 seconds =       0.01 minutes
	system time =       0.03 seconds =       0.00 minutes
	total time  =          0 seconds =       0.00 minutes

Scratch directory: /tmp/

*** tstart() called on asax027.asc.edu
*** at Tue Nov 12 08:38:47 2024

   => Loading Basis Set <=

    Name: CC-PVDZ
    Role: ORBITAL
    Keyword: BASIS
    atoms 1   entry O          line   198 file /home/aubclsd0286/.conda/envs/mp2/share/psi4/basis/cc-pvdz.gbs 
    atoms 2-3 entry H          line    22 file /home/aubclsd0286/.conda/envs/mp2/share/psi4/basis/cc-pvdz.gbs 


         ---------------------------------------------------------
                                   SCF
               by Justin Turney, Rob Parrish, Andy Simmonett
                          and Daniel G. A. Smith
                              RHF Reference
                        1 Threads, 457763 MiB Core
         ---------------------------------------------------------

  ==> Geometry <==

    Molecular point group: c1
    Full point group: C2v

    Geometry (in Angstrom), charge = 0, multiplicity = 1:

       Center              X                  Y                   Z               Mass       
    ------------   -----------------  -----------------  -----------------  -----------------
         O            0.000000000000     0.000000000000    -0.066780637952    15.994914619570
         H            0.000000000000    -0.763478286466     0.529928592825     1.007825032230
         H            0.000000000000     0.763478286466     0.529928592825     1.007825032230

  Running in c1 symmetry.

  Rotational constants: A =     26.44851  B =     14.34789  C =      9.30181 [cm^-1]
  Rotational constants: A = 792906.45499  B = 430138.86256  C = 278861.19653 [MHz]
  Nuclear repulsion =    9.084261018641806

  Charge       = 0
  Multiplicity = 1
  Electrons    = 10
  Nalpha       = 5
  Nbeta        = 5

  ==> Algorithm <==

  SCF Algorithm Type is PK.
  DIIS enabled.
  MOM disabled.
  Fractional occupation disabled.
  Guess Type is SAD.
  Energy threshold   = 1.00e-08
  Density threshold  = 1.00e-08
  Integral threshold = 1.00e-12

  ==> Primary Basis <==

  Basis Set: CC-PVDZ
    Blend: CC-PVDZ
    Number of shells: 12
    Number of basis functions: 24
    Number of Cartesian functions: 25
    Spherical Harmonics?: true
    Max angular momentum: 2

  ==> Integral Setup <==

  Using in-core PK algorithm.
   Calculation information:
      Number of atoms:                   3
      Number of AO shells:              12
      Number of primitives:             32
      Number of atomic orbitals:        25
      Number of basis functions:        24

      Integral cutoff                 1.00e-12
      Number of threads:                 1

  Performing in-core PK
  Using 90300 doubles for integral storage.
  We computed 3081 shell quartets total.
  Whereas there are 3081 unique shell quartets.

  ==> DiskJK: Disk-Based J/K Matrices <==

    J tasked:                  Yes
    K tasked:                  Yes
    wK tasked:                  No
    Memory [MiB]:           343322
    Schwarz Cutoff:          1E-12

    OpenMP threads:              1

  Minimum eigenvalue in the overlap matrix is 3.4949261060E-02.
  Reciprocal condition number of the overlap matrix is 9.4744027635E-03.
    Using symmetric orthogonalization.

  ==> Pre-Iterations <==

  SCF Guess: Superposition of Atomic Densities via on-the-fly atomic UHF (no occupation information).

   -------------------------
    Irrep   Nso     Nmo    
   -------------------------
     A         24      24 
   -------------------------
    Total      24      24
   -------------------------

  ==> Iterations <==

                        Total Energy        Delta E     RMS |[F,P]|

   @RHF iter SAD:   -75.49579738657400   -7.54958e+01   0.00000e+00 
   @RHF iter   1:   -75.95248493226950   -4.56688e-01   1.74031e-02 DIIS/ADIIS
   @RHF iter   2:   -76.00593056608061   -5.34456e-02   1.00800e-02 DIIS/ADIIS
   @RHF iter   3:   -76.02549543005755   -1.95649e-02   1.08050e-03 DIIS/ADIIS
   @RHF iter   4:   -76.02596635351819   -4.70923e-04   2.17244e-04 DIIS/ADIIS
   @RHF iter   5:   -76.02598739117339   -2.10377e-05   3.96050e-05 DIIS
   @RHF iter   6:   -76.02598836922164   -9.78048e-07   6.15586e-06 DIIS
   @RHF iter   7:   -76.02598839522034   -2.59987e-08   8.60507e-07 DIIS
   @RHF iter   8:   -76.02598839575352   -5.33177e-10   2.05222e-07 DIIS
   @RHF iter   9:   -76.02598839578923   -3.57119e-11   3.53747e-08 DIIS
   @RHF iter  10:   -76.02598839579011   -8.81073e-13   2.93756e-09 DIIS
  Energy and wave function converged.


  ==> Post-Iterations <==

    Orbital Energies [Eh]
    ---------------------

    Doubly Occupied:                                                      

       1A    -20.552788     2A     -1.331223     3A     -0.692056  
       4A     -0.565488     5A     -0.492520  

    Virtual:                                                              

       6A      0.183466     7A      0.254548     8A      0.779202  
       9A      0.845758    10A      1.164708    11A      1.200026  
      12A      1.254614    13A      1.441647    14A      1.474988  
      15A      1.669618    16A      1.868711    17A      1.925136  
      18A      2.423961    19A      2.462161    20A      3.278047  
      21A      3.325420    22A      3.497195    23A      3.849281  
      24A      4.137114  

    Final Occupation by Irrep:
              A 
    DOCC [     5 ]

  @RHF Final Energy:   -76.02598839579011

   => Energetics <=

    Nuclear Repulsion Energy =              9.0842610186418060
    One-Electron Energy =                -122.9523501671376948
    Two-Electron Energy =                  37.8421007527057753
    Total Energy =                        -76.0259883957901081

Computation Completed


Properties will be evaluated at   0.000000,   0.000000,   0.000000 [a0]

Properties computed using the SCF density matrix


 Multipole Moments:

 ------------------------------------------------------------------------------------
     Multipole            Electronic (a.u.)      Nuclear  (a.u.)        Total (a.u.)
 ------------------------------------------------------------------------------------

 L = 1.  Multiply by 2.5417464519 to convert [e a0] to [Debye]
 Dipole X            :         -0.0000000            0.0000000           -0.0000000
 Dipole Y            :         -0.0000000           -0.0000000           -0.0000000
 Dipole Z            :         -0.1766604            0.9932629            0.8166025
 Magnitude           :                                                    0.8166025

 ------------------------------------------------------------------------------------

*** tstop() called on asax027.asc.edu at Tue Nov 12 08:38:47 2024
Module time:
	user time   =       0.38 seconds =       0.01 minutes
	system time =       0.00 seconds =       0.00 minutes
	total time  =          0 seconds =       0.00 minutes
Total time:
	user time   =       1.19 seconds =       0.02 minutes
	system time =       0.03 seconds =       0.00 minutes
	total time  =          1 seconds =       0.02 minutes
 MINTS: Wrapper to libmints.
   by Justin Turney

   Calculation information:
      Number of threads:                 1
      Number of atoms:                   3
      Number of AO shells:              12
      Number of SO shells:              12
      Number of primitives:             32
      Number of atomic orbitals:        25
      Number of basis functions:        24

      Number of irreps:                  1
      Integral cutoff                 1.00e-12
      Number of functions per irrep: [  24 ]

 OEINTS: Overlap, kinetic, potential, dipole, and quadrupole integrals
         stored in file 35.

      Computing two-electron integrals...done
      Computed 21643 non-zero two-electron integrals.
        Stored in file 33.


*** tstart() called on asax027.asc.edu
*** at Tue Nov 12 08:38:47 2024



  Module OCC Options:
  ----------------------------------------------------------------------------
  ACTIVE                        => (empty)          
  BASIS_RELATIVISTIC            => (empty)          
  BENCH                         => (empty)          
  CACHELEVEL                    => (empty)          
  CCL_ENERGY                    => (empty)          
  CC_MAXITER                    => (empty)          
  CC_TYPE                       => (empty)          
  CEPA_OS_SCALE                 => (empty)          
  CEPA_SOS_SCALE                => (empty)          
  CEPA_SS_SCALE                 => (empty)          
  CEPA_TYPE                     => (empty)          
  CI_TYPE                       => (empty)          
  CUBEPROP_BASIS_FUNCTIONS      => (empty)          
  CUBEPROP_FILEPATH             => (empty)          
  CUBEPROP_ISOCONTOUR_THRESHOLD => (empty)          
  CUBEPROP_ORBITALS             => (empty)          
  CUBEPROP_TASKS                => (empty)          
  CUBIC_BASIS_TOLERANCE         => (empty)          
  CUBIC_BLOCK_MAX_POINTS        => (empty)          
  CUBIC_GRID_OVERAGE            => (empty)          
  CUBIC_GRID_SPACING            => (empty)          
  CUTOFF                        => (empty)          
  DEBUG                         => (empty)          
  DERTYPE                       => (empty)          
  DF_BASIS_CC                   => (empty)          
  DIE_IF_NOT_CONVERGED          => (empty)          
  DIIS_MAX_VECS                 => (empty)          
  DIIS_MIN_VECS                 => (empty)          
  DKH_ORDER                     => (empty)          
  DOCC                          => (empty)          
  DO_DIIS                       => (empty)          
  DO_LEVEL_SHIFT                => (empty)          
  DO_SCS                        => (empty)          
  DO_SOS                        => (empty)          
  E3_SCALE                      => (empty)          
  EA_POLES                      => (empty)          
  EKT_EA                        => (empty)          
  EKT_IP                        => (empty)          
  EP_EA_POLES                   => (empty)          
  EP_IP_POLES                   => (empty)          
  EP_MAXITER                    => (empty)          
  EXTERNAL_POTENTIAL_SYMMETRY   => (empty)          
  E_CONVERGENCE                 => 1e-08           !
  FREEZE_CORE                   => (empty)          
  FROZEN_DOCC                   => (empty)          
  FROZEN_UOCC                   => (empty)          
  INTEGRAL_PACKAGE              => (empty)          
  IP_POLES                      => (empty)          
  LEVEL_SHIFT                   => (empty)          
  LINEQ_SOLVER                  => (empty)          
  LITERAL_CFOUR                 => (empty)          
  MAT_NUM_COLUMN_PRINT          => (empty)          
  MAX_MOGRAD_CONVERGENCE        => (empty)          
  MAX_RADIAL_MOMENT             => (empty)          
  MBIS_D_CONVERGENCE            => (empty)          
  MBIS_MAXITER                  => (empty)          
  MBIS_PRUNING_SCHEME           => (empty)          
  MBIS_RADIAL_POINTS            => (empty)          
  MBIS_SPHERICAL_POINTS         => (empty)          
  MOGRAD_DAMPING                => (empty)          
  MOLDEN_WITH_VIRTUAL           => (empty)          
  MO_MAXITER                    => (empty)          
  MO_READ                       => (empty)          
  MO_STEP_MAX                   => (empty)          
  MO_WRITE                      => (empty)          
  MP2_OS_SCALE                  => (empty)          
  MP2_SOS_SCALE                 => (empty)          
  MP2_SOS_SCALE2                => (empty)          
  MP2_SS_SCALE                  => (empty)          
  MP2_TYPE                      => CONV            !
  MP_TYPE                       => (empty)          
  NAT_ORBS                      => (empty)          
  NUM_FROZEN_DOCC               => (empty)          
  NUM_FROZEN_UOCC               => (empty)          
  NUM_GPUS                      => (empty)          
  OCC_ORBS_PRINT                => (empty)          
  OEPROP                        => (empty)          
  OPT_METHOD                    => (empty)          
  ORB_OPT                       => FALSE           !
  ORB_RESP_SOLVER               => (empty)          
  ORTH_TYPE                     => (empty)          
  OS_SCALE                      => (empty)          
  PARENT_SYMMETRY               => (empty)          
  PCG_BETA_TYPE                 => (empty)          
  PCG_CONVERGENCE               => (empty)          
  PCG_MAXITER                   => (empty)          
  PCM                           => (empty)          
  PE                            => (empty)          
  PRINT                         => (empty)          
  PRINT_NOONS                   => (empty)          
  PROPERTIES                    => (empty)          
  PROPERTIES_ORIGIN             => (empty)          
  PUREAM                        => (empty)          
  QC_MODULE                     => (empty)          
  RAS1                          => (empty)          
  RAS2                          => (empty)          
  RAS3                          => (empty)          
  RAS4                          => (empty)          
  RELATIVISTIC                  => (empty)          
  RELAXED                       => (empty)          
  RESTRICTED_DOCC               => (empty)          
  RESTRICTED_UOCC               => (empty)          
  RMS_MOGRAD_CONVERGENCE        => (empty)          
  R_CONVERGENCE                 => (empty)          
  SCF_TYPE                      => PK              !
  SCREENING                     => (empty)          
  SCS_TYPE                      => (empty)          
  SOCC                          => (empty)          
  SOS_TYPE                      => (empty)          
  SPIN_SCALE_TYPE               => NONE            !
  SS_SCALE                      => (empty)          
  SYMMETRIZE                    => (empty)          
  TPDM_ABCD_TYPE                => (empty)          
  WFN                           => (empty)          
  WFN_TYPE                      => OMP2            !
  WRITER_FILE_LABEL             => (empty)          


 ============================================================================== 
 ============================================================================== 
 ============================================================================== 

                             MP2   
                    Program Written by Ugur Bozkaya,
              Additional Contributions by J. P. Misiewicz

 ============================================================================== 
 ============================================================================== 
 ============================================================================== 

	MO spaces per irreps... 

	IRREP   FC    OCC   VIR  FV 
	==============================
	   A     0     5    19    0
	==============================

	Memory is 480000 MB 
	Cost of iabc is      0 MB 
	Cost of abcd is      0 MB 
	Switching to the incore algorithm for iabc..
	Switching to the incore algorithm for abcd..

	Computing MP2 energy using SCF MOs (Canonical MP2)... 
	============================================================================== 
	Nuclear Repulsion Energy (a.u.)    :     9.08426101864181
	SCF Energy (a.u.)                  :   -76.02598839579011
	REF Energy (a.u.)                  :   -76.02598839579011
	Alpha-Alpha Contribution (a.u.)    :    -0.02583143340794
	Alpha-Beta Contribution (a.u.)     :    -0.15316815140540
	Beta-Beta Contribution (a.u.)      :    -0.02583143340794
	Scaled_SS Correlation Energy (a.u.):    -0.01722095560530
	Scaled_OS Correlation Energy (a.u.):    -0.18380178168648
	SCS-MP2 Total Energy (a.u.)        :   -76.22701113308189
	SOS-MP2 Total Energy (a.u.)        :   -76.20979017747659
	SCSN-MP2 Total Energy (a.u.)       :   -76.11691504138608
	SCS-MP2-VDW Total Energy (a.u.)    :   -76.24787506299697
	SOS-PI-MP2 Total Energy (a.u.)     :   -76.24042380775767
	MP2 Correlation Energy (a.u.)      :    -0.20483101822129
	MP2 Total Energy (a.u.)            :   -76.23081941401139
	============================================================================== 


*** tstop() called on asax027.asc.edu at Tue Nov 12 08:38:47 2024
Module time:
	user time   =       0.00 seconds =       0.00 minutes
	system time =       0.00 seconds =       0.00 minutes
	total time  =          0 seconds =       0.00 minutes
Total time:
	user time   =       1.21 seconds =       0.02 minutes
	system time =       0.04 seconds =       0.00 minutes
	total time  =          1 seconds =       0.02 minutes
    MP2 Energy............................................................................PASSED
