
Scratch directory: /tmp/


*** tstart() called on asax027.asc.edu
*** at Wed Dec  4 19:49:27 2024


   => Loading Basis Set <=

    Name: CC-PVQZ
    Role: ORBITAL
    Keyword: BASIS
    atoms 1   entry O          line   339 file /home/aubclsd0286/.conda/envs/mp2/share/psi4/basis/cc-pvqz.gbs 
    atoms 2-3 entry H          line    22 file /home/aubclsd0286/.conda/envs/mp2/share/psi4/basis/cc-pvqz.gbs 


         ---------------------------------------------------------
                                   SCF
               by Justin Turney, Rob Parrish, Andy Simmonett
                          and Daniel G. A. Smith
                              RHF Reference
                        1 Threads, 457763 MiB Core
         ---------------------------------------------------------

  ==> Geometry <==

    Molecular point group: c1
    Full point group: C2v

    Geometry (in Angstrom), charge = 0, multiplicity = 1:

       Center              X                  Y                   Z               Mass       
    ------------   -----------------  -----------------  -----------------  -----------------
         O            0.000000000000     0.000000000000    -0.066780637952    15.994914619570
         H            0.000000000000    -0.763478286466     0.529928592825     1.007825032230
         H            0.000000000000     0.763478286466     0.529928592825     1.007825032230

  Running in c1 symmetry.

  Rotational constants: A =     26.44851  B =     14.34789  C =      9.30181 [cm^-1]
  Rotational constants: A = 792906.45499  B = 430138.86256  C = 278861.19653 [MHz]
  Nuclear repulsion =    9.084261018641806

  Charge       = 0
  Multiplicity = 1
  Electrons    = 10
  Nalpha       = 5
  Nbeta        = 5

  ==> Algorithm <==

  SCF Algorithm Type is PK.
  DIIS enabled.
  MOM disabled.
  Fractional occupation disabled.
  Guess Type is SAD.
  Energy threshold   = 1.00e-08
  Density threshold  = 1.00e-08
  Integral threshold = 1.00e-12

  ==> Primary Basis <==

  Basis Set: CC-PVQZ
    Blend: CC-PVQZ
    Number of shells: 35
    Number of basis functions: 115
    Number of Cartesian functions: 140
    Spherical Harmonics?: true
    Max angular momentum: 4

  ==> Integral Setup <==

  Using in-core PK algorithm.
   Calculation information:
      Number of atoms:                   3
      Number of AO shells:              35
      Number of primitives:             57
      Number of atomic orbitals:       140
      Number of basis functions:       115

      Integral cutoff                 1.00e-12
      Number of threads:                 1

  Performing in-core PK
  Using 44495570 doubles for integral storage.
  We computed 198765 shell quartets total.
  Whereas there are 198765 unique shell quartets.

  ==> DiskJK: Disk-Based J/K Matrices <==

    J tasked:                  Yes
    K tasked:                  Yes
    wK tasked:                  No
    Memory [MiB]:           343322
    Schwarz Cutoff:          1E-12

    OpenMP threads:              1

  Minimum eigenvalue in the overlap matrix is 4.4222468532E-04.
  Reciprocal condition number of the overlap matrix is 7.0869016552E-05.
    Using symmetric orthogonalization.

  ==> Pre-Iterations <==

  SCF Guess: Superposition of Atomic Densities via on-the-fly atomic UHF (no occupation information).

   -------------------------
    Irrep   Nso     Nmo    
   -------------------------
     A        115     115 
   -------------------------
    Total     115     115
   -------------------------

  ==> Iterations <==

                        Total Energy        Delta E     RMS |[F,P]|

   @RHF iter SAD:   -75.48234351958529   -7.54823e+01   0.00000e+00 
   @RHF iter   1:   -75.98180109284655   -4.99458e-01   3.99813e-03 DIIS/ADIIS
   @RHF iter   2:   -76.03409725991797   -5.22962e-02   2.69204e-03 DIIS/ADIIS
   @RHF iter   3:   -76.06327256222505   -2.91753e-02   1.93159e-04 DIIS/ADIIS
   @RHF iter   4:   -76.06367625673549   -4.03695e-04   4.84982e-05 DIIS
   @RHF iter   5:   -76.06370373389464   -2.74772e-05   1.06131e-05 DIIS
   @RHF iter   6:   -76.06370574382706   -2.00993e-06   2.22010e-06 DIIS
   @RHF iter   7:   -76.06370583671109   -9.28840e-08   3.89714e-07 DIIS
   @RHF iter   8:   -76.06370583906431   -2.35322e-09   5.71860e-08 DIIS
   @RHF iter   9:   -76.06370583911172   -4.74074e-11   1.50681e-08 DIIS
   @RHF iter  10:   -76.06370583911492   -3.19744e-12   2.15577e-09 DIIS
  Energy and wave function converged.


  ==> Post-Iterations <==

    Orbital Energies [Eh]
    ---------------------

    Doubly Occupied:                                                      

       1A    -20.562087     2A     -1.343869     3A     -0.706944  
       4A     -0.580743     5A     -0.507358  

    Virtual:                                                              

       6A      0.115992     7A      0.170419     8A      0.445523  
       9A      0.463339    10A      0.497665    11A      0.583916  
      12A      0.602409    13A      0.613262    14A      0.655864  
      15A      0.715502    16A      0.853120    17A      0.916757  
      18A      1.106603    19A      1.150038    20A      1.348158  
      21A      1.418876    22A      1.480635    23A      1.484556  
      24A      1.578639    25A      1.682755    26A      1.910586  
      27A      2.063951    28A      2.188215    29A      2.291086  
      30A      2.361171    31A      2.422427    32A      2.484463  
      33A      2.516933    34A      2.575265    35A      2.579983  
      36A      2.646662    37A      2.667293    38A      2.832958  
      39A      2.852309    40A      3.039486    41A      3.126223  
      42A      3.278498    43A      3.348080    44A      3.439983  
      45A      3.615109    46A      3.834320    47A      3.987460  
      48A      4.132198    49A      4.195797    50A      4.217895  
      51A      4.429067    52A      4.495088    53A      4.667850  
      54A      4.722342    55A      4.794826    56A      4.896837  
      57A      5.338357    58A      5.379954    59A      5.970634  
      60A      6.093556    61A      6.234453    62A      6.303750  
      63A      6.697329    64A      6.758670    65A      7.044858  
      66A      7.252433    67A      7.293784    68A      7.352470  
      69A      7.432601    70A      7.518536    71A      7.521894  
      72A      7.572737    73A      8.009327    74A      8.047397  
      75A      8.097709    76A      8.134069    77A      8.161532  
      78A      8.270833    79A      8.323043    80A      8.334154  
      81A      8.407116    82A      8.596231    83A      8.814881  
      84A      8.884337    85A      8.902183    86A      9.186314  
      87A      9.331734    88A      9.388372    89A      9.963695  
      90A     10.066676    91A     10.259727    92A     10.430150  
      93A     10.633200    94A     10.713218    95A     10.769032  
      96A     11.247754    97A     11.375841    98A     11.581784  
      99A     11.636970   100A     11.675306   101A     11.848440  
     102A     12.128265   103A     12.280913   104A     12.375114  
     105A     12.389993   106A     12.441649   107A     13.566499  
     108A     13.695514   109A     14.204767   110A     14.552503  
     111A     14.597305   112A     14.748275   113A     16.372200  
     114A     16.756073   115A     44.238177  

    Final Occupation by Irrep:
              A 
    DOCC [     5 ]

  @RHF Final Energy:   -76.06370583911492

   => Energetics <=

    Nuclear Repulsion Energy =              9.0842610186418060
    One-Electron Energy =                -122.8939351663691326
    Two-Electron Energy =                  37.7459683086124116
    Total Energy =                        -76.0637058391149026

Computation Completed


Properties will be evaluated at   0.000000,   0.000000,   0.000000 [a0]

Properties computed using the SCF density matrix


 Multipole Moments:

 ------------------------------------------------------------------------------------
     Multipole            Electronic (a.u.)      Nuclear  (a.u.)        Total (a.u.)
 ------------------------------------------------------------------------------------

 L = 1.  Multiply by 2.5417464519 to convert [e a0] to [Debye]
 Dipole X            :          0.0000000            0.0000000            0.0000000
 Dipole Y            :          0.0000000            0.0000000            0.0000000
 Dipole Z            :         -0.1964079            0.9932629            0.7968550
 Magnitude           :                                                    0.7968550

 ------------------------------------------------------------------------------------


*** tstop() called on asax027.asc.edu at Wed Dec  4 19:49:31 2024
Module time:
	user time   =       3.98 seconds =       0.07 minutes
	system time =       0.15 seconds =       0.00 minutes
	total time  =          4 seconds =       0.07 minutes
Total time:
	user time   =       3.98 seconds =       0.07 minutes
	system time =       0.15 seconds =       0.00 minutes
	total time  =          4 seconds =       0.07 minutes

Scratch directory: /tmp/

*** tstart() called on asax027.asc.edu
*** at Wed Dec  4 19:49:51 2024


   => Loading Basis Set <=

    Name: CC-PVQZ
    Role: ORBITAL
    Keyword: BASIS
    atoms 1   entry O          line   339 file /home/aubclsd0286/.conda/envs/mp2/share/psi4/basis/cc-pvqz.gbs 
    atoms 2-3 entry H          line    22 file /home/aubclsd0286/.conda/envs/mp2/share/psi4/basis/cc-pvqz.gbs 


         ---------------------------------------------------------
                                   SCF
               by Justin Turney, Rob Parrish, Andy Simmonett
                          and Daniel G. A. Smith
                              RHF Reference
                        1 Threads, 457763 MiB Core
         ---------------------------------------------------------

  ==> Geometry <==

    Molecular point group: c1
    Full point group: C2v

    Geometry (in Angstrom), charge = 0, multiplicity = 1:

       Center              X                  Y                   Z               Mass       
    ------------   -----------------  -----------------  -----------------  -----------------
         O            0.000000000000     0.000000000000    -0.066780637952    15.994914619570
         H            0.000000000000    -0.763478286466     0.529928592825     1.007825032230
         H            0.000000000000     0.763478286466     0.529928592825     1.007825032230

  Running in c1 symmetry.

  Rotational constants: A =     26.44851  B =     14.34789  C =      9.30181 [cm^-1]
  Rotational constants: A = 792906.45499  B = 430138.86256  C = 278861.19653 [MHz]
  Nuclear repulsion =    9.084261018641806

  Charge       = 0
  Multiplicity = 1
  Electrons    = 10
  Nalpha       = 5
  Nbeta        = 5

  ==> Algorithm <==

  SCF Algorithm Type is PK.
  DIIS enabled.
  MOM disabled.
  Fractional occupation disabled.
  Guess Type is SAD.
  Energy threshold   = 1.00e-08
  Density threshold  = 1.00e-08
  Integral threshold = 1.00e-12

  ==> Primary Basis <==

  Basis Set: CC-PVQZ
    Blend: CC-PVQZ
    Number of shells: 35
    Number of basis functions: 115
    Number of Cartesian functions: 140
    Spherical Harmonics?: true
    Max angular momentum: 4

  ==> Integral Setup <==

  Using in-core PK algorithm.
   Calculation information:
      Number of atoms:                   3
      Number of AO shells:              35
      Number of primitives:             57
      Number of atomic orbitals:       140
      Number of basis functions:       115

      Integral cutoff                 1.00e-12
      Number of threads:                 1

  Performing in-core PK
  Using 44495570 doubles for integral storage.
  We computed 198765 shell quartets total.
  Whereas there are 198765 unique shell quartets.

  ==> DiskJK: Disk-Based J/K Matrices <==

    J tasked:                  Yes
    K tasked:                  Yes
    wK tasked:                  No
    Memory [MiB]:           343322
    Schwarz Cutoff:          1E-12

    OpenMP threads:              1

  Minimum eigenvalue in the overlap matrix is 4.4222468532E-04.
  Reciprocal condition number of the overlap matrix is 7.0869016553E-05.
    Using symmetric orthogonalization.

  ==> Pre-Iterations <==

  SCF Guess: Superposition of Atomic Densities via on-the-fly atomic UHF (no occupation information).

   -------------------------
    Irrep   Nso     Nmo    
   -------------------------
     A        115     115 
   -------------------------
    Total     115     115
   -------------------------

  ==> Iterations <==

                        Total Energy        Delta E     RMS |[F,P]|

   @RHF iter SAD:   -75.48234351958541   -7.54823e+01   0.00000e+00 
   @RHF iter   1:   -75.98180109284576   -4.99458e-01   3.99813e-03 DIIS/ADIIS
   @RHF iter   2:   -76.03409725991742   -5.22962e-02   2.69204e-03 DIIS/ADIIS
   @RHF iter   3:   -76.06327256222428   -2.91753e-02   1.93159e-04 DIIS/ADIIS
   @RHF iter   4:   -76.06367625673494   -4.03695e-04   4.84982e-05 DIIS
   @RHF iter   5:   -76.06370373389368   -2.74772e-05   1.06131e-05 DIIS
   @RHF iter   6:   -76.06370574382612   -2.00993e-06   2.22010e-06 DIIS
   @RHF iter   7:   -76.06370583671037   -9.28842e-08   3.89714e-07 DIIS
   @RHF iter   8:   -76.06370583906335   -2.35298e-09   5.71860e-08 DIIS
   @RHF iter   9:   -76.06370583911094   -4.75922e-11   1.50681e-08 DIIS
   @RHF iter  10:   -76.06370583911432   -3.38218e-12   2.15578e-09 DIIS
  Energy and wave function converged.


  ==> Post-Iterations <==

    Orbital Energies [Eh]
    ---------------------

    Doubly Occupied:                                                      

       1A    -20.562087     2A     -1.343869     3A     -0.706944  
       4A     -0.580743     5A     -0.507358  

    Virtual:                                                              

       6A      0.115992     7A      0.170419     8A      0.445523  
       9A      0.463339    10A      0.497665    11A      0.583916  
      12A      0.602409    13A      0.613262    14A      0.655864  
      15A      0.715502    16A      0.853120    17A      0.916757  
      18A      1.106603    19A      1.150038    20A      1.348158  
      21A      1.418876    22A      1.480635    23A      1.484556  
      24A      1.578639    25A      1.682755    26A      1.910586  
      27A      2.063951    28A      2.188215    29A      2.291086  
      30A      2.361171    31A      2.422427    32A      2.484463  
      33A      2.516933    34A      2.575265    35A      2.579983  
      36A      2.646662    37A      2.667293    38A      2.832958  
      39A      2.852309    40A      3.039486    41A      3.126223  
      42A      3.278498    43A      3.348080    44A      3.439983  
      45A      3.615109    46A      3.834320    47A      3.987460  
      48A      4.132198    49A      4.195797    50A      4.217895  
      51A      4.429067    52A      4.495088    53A      4.667850  
      54A      4.722342    55A      4.794826    56A      4.896837  
      57A      5.338357    58A      5.379954    59A      5.970634  
      60A      6.093556    61A      6.234453    62A      6.303750  
      63A      6.697329    64A      6.758670    65A      7.044858  
      66A      7.252433    67A      7.293784    68A      7.352470  
      69A      7.432601    70A      7.518536    71A      7.521894  
      72A      7.572737    73A      8.009327    74A      8.047397  
      75A      8.097709    76A      8.134069    77A      8.161532  
      78A      8.270833    79A      8.323043    80A      8.334154  
      81A      8.407116    82A      8.596231    83A      8.814881  
      84A      8.884337    85A      8.902183    86A      9.186314  
      87A      9.331734    88A      9.388372    89A      9.963695  
      90A     10.066676    91A     10.259727    92A     10.430150  
      93A     10.633200    94A     10.713218    95A     10.769032  
      96A     11.247754    97A     11.375841    98A     11.581784  
      99A     11.636970   100A     11.675306   101A     11.848440  
     102A     12.128265   103A     12.280913   104A     12.375114  
     105A     12.389993   106A     12.441649   107A     13.566499  
     108A     13.695514   109A     14.204767   110A     14.552503  
     111A     14.597305   112A     14.748275   113A     16.372200  
     114A     16.756073   115A     44.238177  

    Final Occupation by Irrep:
              A 
    DOCC [     5 ]

  @RHF Final Energy:   -76.06370583911432

   => Energetics <=

    Nuclear Repulsion Energy =              9.0842610186418060
    One-Electron Energy =                -122.8939351663696158
    Two-Electron Energy =                  37.7459683086134916
    Total Energy =                        -76.0637058391143057

Computation Completed


Properties will be evaluated at   0.000000,   0.000000,   0.000000 [a0]

Properties computed using the SCF density matrix


 Multipole Moments:

 ------------------------------------------------------------------------------------
     Multipole            Electronic (a.u.)      Nuclear  (a.u.)        Total (a.u.)
 ------------------------------------------------------------------------------------

 L = 1.  Multiply by 2.5417464519 to convert [e a0] to [Debye]
 Dipole X            :         -0.0000000            0.0000000           -0.0000000
 Dipole Y            :         -0.0000000           -0.0000000           -0.0000000
 Dipole Z            :         -0.1964079            0.9932629            0.7968550
 Magnitude           :                                                    0.7968550

 ------------------------------------------------------------------------------------

*** tstop() called on asax027.asc.edu at Wed Dec  4 19:49:54 2024
Module time:
	user time   =       3.58 seconds =       0.06 minutes
	system time =       0.08 seconds =       0.00 minutes
	total time  =          3 seconds =       0.05 minutes
Total time:
	user time   =      31.62 seconds =       0.53 minutes
	system time =       0.71 seconds =       0.01 minutes
	total time  =         27 seconds =       0.45 minutes

 MINTS: Wrapper to libmints.
   by Justin Turney

   Calculation information:
      Number of threads:                 1
      Number of atoms:                   3
      Number of AO shells:              35
      Number of SO shells:              35
      Number of primitives:             57
      Number of atomic orbitals:       140
      Number of basis functions:       115

      Number of irreps:                  1
      Integral cutoff                 1.00e-12
      Number of functions per irrep: [ 115 ]

 OEINTS: Overlap, kinetic, potential, dipole, and quadrupole integrals
         stored in file 35.

      Computing two-electron integrals...done
      Computed 10279838 non-zero two-electron integrals.
        Stored in file 33.



*** tstart() called on asax027.asc.edu
*** at Wed Dec  4 19:49:55 2024




  Module OCC Options:
  ----------------------------------------------------------------------------
  ACTIVE                        => (empty)          
  BASIS_RELATIVISTIC            => (empty)          
  BENCH                         => (empty)          
  CACHELEVEL                    => (empty)          
  CCL_ENERGY                    => (empty)          
  CC_MAXITER                    => (empty)          
  CC_TYPE                       => (empty)          
  CEPA_OS_SCALE                 => (empty)          
  CEPA_SOS_SCALE                => (empty)          
  CEPA_SS_SCALE                 => (empty)          
  CEPA_TYPE                     => (empty)          
  CI_TYPE                       => (empty)          
  CUBEPROP_BASIS_FUNCTIONS      => (empty)          
  CUBEPROP_FILEPATH             => (empty)          
  CUBEPROP_ISOCONTOUR_THRESHOLD => (empty)          
  CUBEPROP_ORBITALS             => (empty)          
  CUBEPROP_TASKS                => (empty)          
  CUBIC_BASIS_TOLERANCE         => (empty)          
  CUBIC_BLOCK_MAX_POINTS        => (empty)          
  CUBIC_GRID_OVERAGE            => (empty)          
  CUBIC_GRID_SPACING            => (empty)          
  CUTOFF                        => (empty)          
  DEBUG                         => (empty)          
  DERTYPE                       => (empty)          
  DF_BASIS_CC                   => (empty)          
  DIE_IF_NOT_CONVERGED          => (empty)          
  DIIS_MAX_VECS                 => (empty)          
  DIIS_MIN_VECS                 => (empty)          
  DKH_ORDER                     => (empty)          
  DOCC                          => (empty)          
  DO_DIIS                       => (empty)          
  DO_LEVEL_SHIFT                => (empty)          
  DO_SCS                        => (empty)          
  DO_SOS                        => (empty)          
  E3_SCALE                      => (empty)          
  EA_POLES                      => (empty)          
  EKT_EA                        => (empty)          
  EKT_IP                        => (empty)          
  EP_EA_POLES                   => (empty)          
  EP_IP_POLES                   => (empty)          
  EP_MAXITER                    => (empty)          
  EXTERNAL_POTENTIAL_SYMMETRY   => (empty)          
  E_CONVERGENCE                 => 1e-08           !
  FREEZE_CORE                   => (empty)          
  FROZEN_DOCC                   => (empty)          
  FROZEN_UOCC                   => (empty)          
  INTEGRAL_PACKAGE              => (empty)          
  IP_POLES                      => (empty)          
  LEVEL_SHIFT                   => (empty)          
  LINEQ_SOLVER                  => (empty)          
  LITERAL_CFOUR                 => (empty)          
  MAT_NUM_COLUMN_PRINT          => (empty)          
  MAX_MOGRAD_CONVERGENCE        => (empty)          
  MAX_RADIAL_MOMENT             => (empty)          
  MBIS_D_CONVERGENCE            => (empty)          
  MBIS_MAXITER                  => (empty)          
  MBIS_PRUNING_SCHEME           => (empty)          
  MBIS_RADIAL_POINTS            => (empty)          
  MBIS_SPHERICAL_POINTS         => (empty)          
  MOGRAD_DAMPING                => (empty)          
  MOLDEN_WITH_VIRTUAL           => (empty)          
  MO_MAXITER                    => (empty)          
  MO_READ                       => (empty)          
  MO_STEP_MAX                   => (empty)          
  MO_WRITE                      => (empty)          
  MP2_OS_SCALE                  => (empty)          
  MP2_SOS_SCALE                 => (empty)          
  MP2_SOS_SCALE2                => (empty)          
  MP2_SS_SCALE                  => (empty)          
  MP2_TYPE                      => CONV            !
  MP_TYPE                       => (empty)          
  NAT_ORBS                      => (empty)          
  NUM_FROZEN_DOCC               => (empty)          
  NUM_FROZEN_UOCC               => (empty)          
  NUM_GPUS                      => (empty)          
  OCC_ORBS_PRINT                => (empty)          
  OEPROP                        => (empty)          
  OPT_METHOD                    => (empty)          
  ORB_OPT                       => FALSE           !
  ORB_RESP_SOLVER               => (empty)          
  ORTH_TYPE                     => (empty)          
  OS_SCALE                      => (empty)          
  PARENT_SYMMETRY               => (empty)          
  PCG_BETA_TYPE                 => (empty)          
  PCG_CONVERGENCE               => (empty)          
  PCG_MAXITER                   => (empty)          
  PCM                           => (empty)          
  PE                            => (empty)          
  PRINT                         => (empty)          
  PRINT_NOONS                   => (empty)          
  PROPERTIES                    => (empty)          
  PROPERTIES_ORIGIN             => (empty)          
  PUREAM                        => (empty)          
  QC_MODULE                     => (empty)          
  RAS1                          => (empty)          
  RAS2                          => (empty)          
  RAS3                          => (empty)          
  RAS4                          => (empty)          
  RELATIVISTIC                  => (empty)          
  RELAXED                       => (empty)          
  RESTRICTED_DOCC               => (empty)          
  RESTRICTED_UOCC               => (empty)          
  RMS_MOGRAD_CONVERGENCE        => (empty)          
  R_CONVERGENCE                 => (empty)          
  SCF_TYPE                      => PK              !
  SCREENING                     => (empty)          
  SCS_TYPE                      => (empty)          
  SOCC                          => (empty)          
  SOS_TYPE                      => (empty)          
  SPIN_SCALE_TYPE               => NONE            !
  SS_SCALE                      => (empty)          
  SYMMETRIZE                    => (empty)          
  TPDM_ABCD_TYPE                => (empty)          
  WFN                           => (empty)          
  WFN_TYPE                      => OMP2            !
  WRITER_FILE_LABEL             => (empty)          


 ============================================================================== 
 ============================================================================== 
 ============================================================================== 

                             MP2   
                    Program Written by Ugur Bozkaya,
              Additional Contributions by J. P. Misiewicz

 ============================================================================== 
 ============================================================================== 
 ============================================================================== 

	MO spaces per irreps... 

	IRREP   FC    OCC   VIR  FV 
	==============================
	   A     0     5   110    0
	==============================

	Memory is 480000 MB 
	Cost of iabc is     48 MB 
	Cost of abcd is   1112 MB 
	Switching to the incore algorithm for iabc..
	Switching to the incore algorithm for abcd..

	Computing MP2 energy using SCF MOs (Canonical MP2)... 
	============================================================================== 
	Nuclear Repulsion Energy (a.u.)    :     9.08426101864181
	SCF Energy (a.u.)                  :   -76.06370583911432
	REF Energy (a.u.)                  :   -76.06370583911432
	Alpha-Alpha Contribution (a.u.)    :    -0.03608849180698
	Alpha-Beta Contribution (a.u.)     :    -0.24193414487127
	Beta-Beta Contribution (a.u.)      :    -0.03608849180698
	Scaled_SS Correlation Energy (a.u.):    -0.02405899453799
	Scaled_OS Correlation Energy (a.u.):    -0.29032097384552
	SCS-MP2 Total Energy (a.u.)        :   -76.37808580749784
	SOS-MP2 Total Energy (a.u.)        :   -76.37822022744697
	SCSN-MP2 Total Energy (a.u.)       :   -76.19073733027490
	SCS-MP2-VDW Total Energy (a.u.)    :   -76.40947003635654
	SOS-PI-MP2 Total Energy (a.u.)     :   -76.40241364193409
	MP2 Correlation Energy (a.u.)      :    -0.31411112848523
	MP2 Total Energy (a.u.)            :   -76.37781696759956
	============================================================================== 


*** tstop() called on asax027.asc.edu at Wed Dec  4 19:49:57 2024
Module time:
	user time   =       4.25 seconds =       0.07 minutes
	system time =       0.39 seconds =       0.01 minutes
	total time  =          2 seconds =       0.03 minutes
Total time:
	user time   =      37.41 seconds =       0.62 minutes
	system time =       1.19 seconds =       0.02 minutes
	total time  =         30 seconds =       0.50 minutes

    MP2 Energy............................................................................PASSED
